Loading required package: usethis
ℹ Loading rjmc
Warning messages:
1: replacing previous import ‘foreach::when’ by ‘purrr::when’ when loading ‘rjmc’ 
2: replacing previous import ‘foreach::accumulate’ by ‘purrr::accumulate’ when loading ‘rjmc’ 
3: Objects listed as exports, but not present in namespace:
• copModel
• data_known_exposures
• data_titre 
`onAdaptiveTemp` not specified in settings.  Default value TRUE. 
`updatesAdaptiveTemp` not specified in settings.  Default value 10. 
Start: run_rjmc_full
Initiate class
abID: 
abID: 
abID: 
abID: 
End: Initiate class
Start: initiate functions
End: initiate functions
In: initialiseClass
In: initialiseClass
R: /home/lshdh2/miniconda3/envs/R/lib/R/library/RcppEigen/include/Eigen/src/Core/CwiseNullaryOp.h:71: Eigen::CwiseNullaryOp<NullaryOp, MatrixType>::CwiseNullaryOp(Eigen::Index, Eigen::Index, const NullaryOp&) [with NullaryOp = Eigen::internal::scalar_constant_op<double>; PlainObjectType = Eigen::Matrix<double, -1, -1>; Eigen::Index = long int]: Assertion `rows >= 0 && (RowsAtCompileTime == Dynamic || RowsAtCompileTime == rows) && cols >= 0 && (ColsAtCompileTime == Dynamic || ColsAtCompileTime == cols)' failed.
Start: run_rjmc_full
Initiate class
abID: 
abID: 
abID: 
abID: 
End: Initiate class
Start: initiate functions
End: initiate functions
In: initialiseClass
In: initialiseClass
R: /home/lshdh2/miniconda3/envs/R/lib/R/library/RcppEigen/include/Eigen/src/Core/CwiseNullaryOp.h:71: Eigen::CwiseNullaryOp<NullaryOp, MatrixType>::CwiseNullaryOp(Eigen::Index, Eigen::Index, const NullaryOp&) [with NullaryOp = Eigen::internal::scalar_constant_op<double>; PlainObjectType = Eigen::Matrix<double, -1, -1>; Eigen::Index = long int]: Assertion `rows >= 0 && (RowsAtCompileTime == Dynamic || RowsAtCompileTime == rows) && cols >= 0 && (ColsAtCompileTime == Dynamic || ColsAtCompileTime == cols)' failed.
Start: run_rjmc_full
Initiate class
abID: 
abID: 
abID: 
abID: 
End: Initiate class
Start: initiate functions
End: initiate functions
In: initialiseClass
In: initialiseClass
R: /home/lshdh2/miniconda3/envs/R/lib/R/library/RcppEigen/include/Eigen/src/Core/CwiseNullaryOp.h:71: Eigen::CwiseNullaryOp<NullaryOp, MatrixType>::CwiseNullaryOp(Eigen::Index, Eigen::Index, const NullaryOp&) [with NullaryOp = Eigen::internal::scalar_constant_op<double>; PlainObjectType = Eigen::Matrix<double, -1, -1>; Eigen::Index = long int]: Assertion `rows >= 0 && (RowsAtCompileTime == Dynamic || RowsAtCompileTime == rows) && cols >= 0 && (ColsAtCompileTime == Dynamic || ColsAtCompileTime == cols)' failed.
Start: run_rjmc_full
Initiate class
abID: 
abID: 
abID: 
abID: 
End: Initiate class
Start: initiate functions
End: initiate functions
In: initialiseClass
In: initialiseClass
R: /home/lshdh2/miniconda3/envs/R/lib/R/library/RcppEigen/include/Eigen/src/Core/CwiseNullaryOp.h:71: Eigen::CwiseNullaryOp<NullaryOp, MatrixType>::CwiseNullaryOp(Eigen::Index, Eigen::Index, const NullaryOp&) [with NullaryOp = Eigen::internal::scalar_constant_op<double>; PlainObjectType = Eigen::Matrix<double, -1, -1>; Eigen::Index = long int]: Assertion `rows >= 0 && (RowsAtCompileTime == Dynamic || RowsAtCompileTime == rows) && cols >= 0 && (ColsAtCompileTime == Dynamic || ColsAtCompileTime == cols)' failed.
Error in `colnames<-`(`*tmp*`, value = c("sigma", "sigma_e", "a_vax",  : 
  attempt to set 'colnames' on an object with less than two dimensions
Calls: runRJMCMC -> rjmc_full_func -> get_output_full -> colnames<-
In addition: Warning message:
In mclapply(1:settings[["numberChainRuns"]], function(i) { :
  scheduled cores 1, 2, 3, 4 did not deliver results, all values of the jobs will be affected
Execution halted
