This is pdfTeX, Version 3.141592653-2.6-1.40.25 (TeX Live 2023) (preloaded format=pdflatex 2024.1.8)  25 JAN 2024 15:23
entering extended mode
 restricted \write18 enabled.
 file:line:error style messages enabled.
 %&-line parsing enabled.
**body.tex
(./body.tex
LaTeX2e <2022-11-01> patch level 1
L3 programming layer <2023-02-22>
./body.tex:3: Undefined control sequence.
l.3 \section
            {Inference with known exposure status}
? 
./body.tex:3: Emergency stop.
l.3 
    
End of file on the terminal!

 
Here is how much of TeX's memory you used:
 16 strings out of 476025
 371 string characters out of 5790018
 1849388 words of memory out of 5000000
 20569 multiletter control sequences out of 15000+600000
 512287 words of font info for 32 fonts, out of 8000000 for 9000
 1141 hyphenation exceptions out of 8191
 13i,0n,12p,57b,10s stack positions out of 10000i,1000n,20000p,200000b,200000s
./body.tex:3:  ==> Fatal error occurred, no output PDF file produced!
