slurmstepd-c23: error: _get_joules_task: can't get info from slurmd
/var/spool/slurmd/job1166148/slurm_script: line 15: module: command not found
/var/spool/slurmd/job1166148/slurm_script: line 16: module: command not found
/var/spool/slurmd/job1166148/slurm_script: line 18: activate: No such file or directory
Loading required package: usethis
ℹ Loading serojump
Warning messages:
1: replacing previous import ‘foreach::when’ by ‘purrr::when’ when loading ‘serojump’ 
2: replacing previous import ‘foreach::accumulate’ by ‘purrr::accumulate’ when loading ‘serojump’ 
3: Objects listed as exports, but not present in namespace:
• copModel
• data_known_exposures
• data_titre 
`onAdaptiveTemp` not specified in settings.  Default value TRUE. 
`updatesAdaptiveTemp` not specified in settings.  Default value 10. 
Error in out_raw[[i]][["output"]] : subscript out of bounds
Calls: runRJMCMC -> rjmc_full_func -> get_output_full
In addition: Warning message:
In mclapply(1:settings[["numberChainRuns"]], function(i) { :
  all scheduled cores encountered errors in user code
Execution halted
slurmstepd-c23: error: _get_joules_task: can't get info from slurmd
slurmstepd-c23: error: _get_joules_task: can't get info from slurmd
