/var/spool/slurmd/job1592548/slurm_script: line 17: activate: No such file or directory
Loading required package: usethis
ℹ Loading serojump
Warning messages:
1: replacing previous import ‘foreach::when’ by ‘purrr::when’ when loading ‘serojump’ 
2: replacing previous import ‘foreach::accumulate’ by ‘purrr::accumulate’ when loading ‘serojump’ 
3: Objects listed as exports, but not present in namespace:
• copModel
• data_known_exposures
• data_titre 
`numberTempChains` not specified in settings. Default value 10. 
`onAdaptiveTemp` not specified in settings.  Default value TRUE. 
`updatesAdaptiveTemp` not specified in settings.  Default value 10. 
`numberTempChains` not specified in settings. Default value 10. 
`onAdaptiveTemp` not specified in settings.  Default value TRUE. 
`updatesAdaptiveTemp` not specified in settings.  Default value 10. 
Initiate class
Initiate class2
Initiate class2: 1
Instance of the previous classes1
Testing in
Instance of the previous classes
Instance of the previous classes2
End: Initiate class
Start: initiate functions
End: initiate functions
this->knownExpInd:0
i: 0
A boost: 
A get exposure function sample: 
i: 1
i: 2
i: 3
i: 4
i: 5
i: 6
i: 7
i: 8
i: 9
i: 10
A boost: 
A get exposure function sample: 
i: 11
i: 12
i: 13
i: 14
i: 15
i: 16
A boost: 
A get exposure function sample: 
i: 17
i: 18
i: 19
i: 20
A boost: 
A get exposure function sample: 
i: 21
i: 22
i: 23
i: 24
i: 25
A boost: 
A get exposure function sample: 
i: 26
i: 27
i: 28
i: 29
i: 30
i: 31
i: 32
i: 33
i: 34
i: 35
i: 36
i: 37
i: 38
i: 39
A boost: 
A get exposure function sample: 
i: 40
i: 41
i: 42
i: 43
i: 44
i: 45
A boost: 
A get exposure function sample: 
i: 46
i: 47
i: 48
i: 49
i: 50
i: 51
i: 52
i: 53
i: 54
i: 55
i: 56
i: 57
i: 58
i: 59
i: 60
i: 61
i: 62
i: 63
i: 64
i: 65
i: 66
i: 67
i: 68
i: 69
A boost: 
A get exposure function sample: 
i: 70
i: 71
i: 72
i: 73
i: 74
i: 75
A boost: 
A get exposure function sample: 
i: 76
A boost: 
A get exposure function sample: 
i: 77
i: 78
i: 79
i: 80
i: 81
i: 82
i: 83
i: 84
i: 85
i: 86
i: 87
A boost: 
A get exposure function sample: 
i: 88
i: 89
A boost: 
A get exposure function sample: 
i: 90
i: 91
A boost: 
A get exposure function sample: 
i: 92
i: 93
i: 94
i: 95
i: 96
A boost: 
A get exposure function sample: 
i: 97
i: 98
i: 99
i: 100
i: 101
i: 102
i: 103
i: 104
A boost: 
A get exposure function sample: 
i: 105
i: 106
i: 107
A boost: 
A get exposure function sample: 
i: 108
i: 109
i: 110
i: 111
A boost: 
A get exposure function sample: 
i: 112
i: 113
i: 114
i: 115
A boost: 
A get exposure function sample: 
i: 116
A boost: 
A get exposure function sample: 
i: 117
i: 118
i: 119
i: 120
i: 121
i: 122
i: 123
i: 124
i: 125
i: 126
i: 127
i: 128
i: 129
i: 130
i: 131
i: 132
i: 133
i: 134
A boost: 
A get exposure function sample: 
i: 135
i: 136
i: 137
i: 138
i: 139
i: 140
i: 141
i: 142
i: 143
i: 144
i: 145
A boost: 
A get exposure function sample: 
i: 146
i: 147
i: 148
i: 149
i: 150
i: 151
i: 152
i: 153
i: 154
i: 155
i: 156
i: 157
i: 158
i: 159
i: 160
i: 161
A boost: 
A get exposure function sample: 
i: 162
i: 163
i: 164
A boost: 
A get exposure function sample: 
i: 165
i: 166
i: 167
A boost: 
A get exposure function sample: 
i: 168
i: 169
i: 170
i: 171
i: 172
i: 173
i: 174
i: 175
A boost: 
A get exposure function sample: 
i: 176
i: 177
i: 178
i: 179
i: 180
A boost: 
A get exposure function sample: 
i: 181
A boost: 
A get exposure function sample: 
i: 182
i: 183
i: 184
A boost: 
A get exposure function sample: 
i: 185
i: 186
i: 187
i: 188
A boost: 
A get exposure function sample: 
i: 189
A boost: 
A get exposure function sample: 
i: 190
i: 191
i: 192
i: 193
i: 194
i: 195
i: 196
i: 197
i: 198
i: 199
i: 200
i: 201
i: 202
i: 203
i: 204
A boost: 
A get exposure function sample: 
i: 205
i: 206
i: 207
i: 208
i: 209
A boost: 
A get exposure function sample: 
i: 210
i: 211
i: 212
i: 213
A boost: 
A get exposure function sample: 
i: 214
A boost: 
A get exposure function sample: 
i: 215
i: 216
i: 217
i: 218
i: 219
A boost: 
A get exposure function sample: 
i: 220
i: 221
A boost: 
A get exposure function sample: 
i: 222
i: 223
i: 224
i: 225
i: 226
i: 227
i: 228
i: 229
i: 230
i: 231
i: 232
A boost: 
A get exposure function sample: 
i: 233
i: 234
i: 235
A boost: 
A get exposure function sample: 
i: 236
i: 237
i: 238
i: 239
i: 240
i: 241
i: 242
i: 243
i: 244
i: 245
i: 246
i: 247
A boost: 
A get exposure function sample: 
i: 248
i: 249
i: 250
i: 251
i: 252
i: 253
i: 254
A boost: 
A get exposure function sample: 
i: 255
A boost: 
A get exposure function sample: 
i: 256
i: 257
Initiate class
Initiate class2
Initiate class2: 1
Instance of the previous classes1
Testing in
Instance of the previous classes
Instance of the previous classes2
End: Initiate class
Start: initiate functions
End: initiate functions
this->knownExpInd:0
Initiate class
Initiate class2
Initiate class2: 2
Instance of the previous classes1
Testing in
Instance of the previous classes
Instance of the previous classes2
End: Initiate class
Start: initiate functions
End: initiate functions
this->knownExpInd:0
i: 0
A boost: 
A get exposure function sample: 
i: 1
i: 2
i: 3
i: 4
i: 5
i: 6
i: 7
i: 8
i: 9
i: 10
A boost: 
A get exposure function sample: 
i: 11
i: 12
i: 13
i: 14
i: 15
i: 16
A boost: 
A get exposure function sample: 
i: 17
i: 18
i: 19
i: 20
A boost: 
A get exposure function sample: 
i: 21
i: 22
i: 23
i: 24
i: 25
A boost: 
A get exposure function sample: 
i: 26
i: 27
i: 28
i: 29
i: 30
i: 31
i: 32
i: 33
i: 34
i: 35
i: 36
i: 37
i: 38
i: 39
A boost: 
A get exposure function sample: 
i: 40
i: 41
i: 42
i: 43
i: 44
i: 45
A boost: 
A get exposure function sample: 
i: 46
i: 47
i: 48
i: 49
i: 50
i: 51
i: 52
i: 53
i: 54
i: 55
i: 56
i: 57
i: 58
i: 59
i: 60
i: 61
i: 62
i: 63
i: 64
i: 65
i: 66
i: 67
i: 68
i: 69
A boost: 
A get exposure function sample: 
i: 70
i: 71
i: 72
i: 73
i: 74
i: 75
A boost: 
A get exposure function sample: 
i: 76
A boost: 
A get exposure function sample: 
i: 77
i: 78
i: 79
i: 80
i: 81
i: 82
i: 83
i: 84
i: 85
i: 86
i: 87
A boost: 
A get exposure function sample: 
i: 88
i: 89
A boost: 
A get exposure function sample: 
i: 90
i: 91
A boost: 
A get exposure function sample: 
i: 92
i: 93
i: 94
i: 95
i: 96
A boost: 
A get exposure function sample: 
i: 97
i: 98
i: 99
i: 100
i: 101
i: 102
i: 103
i: 104
A boost: 
A get exposure function sample: 
i: 105
i: 106
i: 107
A boost: 
A get exposure function sample: 
i: 108
i: 109
i: 110
i: 111
A boost: 
A get exposure function sample: 
i: 112
i: 113
i: 114
i: 115
A boost: 
A get exposure function sample: 
i: 116
A boost: 
A get exposure function sample: 
i: 117
i: 118
i: 119
i: 120
i: 121
i: 122
i: 123
i: 124
i: 125
i: 126
i: 127
i: 128
i: 129
i: 130
i: 131
i: 132
i: 133
i: 134
A boost: 
A get exposure function sample: 
i: 135
i: 136
i: 137
i: 138
i: 139
i: 140
i: 141
i: 142
i: 143
i: 144
i: 145
A boost: 
A get exposure function sample: 
i: 146
i: 147
i: 148
i: 149
i: 150
i: 151
i: 152
i: 153
i: 154
i: 155
i: 156
i: 157
i: 158
i: 159
i: 160
i: 161
A boost: 
A get exposure function sample: 
i: 162
i: 163
i: 164
A boost: 
A get exposure function sample: 
i: 165
i: 166
i: 167
A boost: 
A get exposure function sample: 
i: 168
i: 169
i: 170
i: 171
i: 172
i: 173
i: 174
i: 175
A boost: 
A get exposure function sample: 
i: 176
i: 177
i: 178
i: 179
i: 180
A boost: 
A get exposure function sample: 
i: 181
A boost: 
A get exposure function sample: 
i: 182
i: 183
i: 184
A boost: 
A get exposure function sample: 
i: 185
i: 186
i: 187
i: 188
A boost: 
A get exposure function sample: 
i: 189
A boost: 
i: A get exposure function sample: 
i: 0190

i: 191
A boost: i: 
192
i: 193
i: 194
i: 195
i: 196
i: 197
i: 198
i: 199
i: 200
i: 201
i: 202
i: 203
i: 204
A boost: 
A get exposure function sample: 
i: 205
i: 206
i: 207
i: 208
i: 209
A boost: 
A get exposure function sample: 
i: 210
i: 211
i: 212
i: 213
A boost: 
A get exposure function sample: 
i: 214
A boost: 
A get exposure function sample: 
i: 215
i: 216
i: 217
i: 218
i: 219
A boost: 
A get exposure function sample: 
i: 220
i: 221
A boost: 
A get exposure function sample: 
i: 1
i: 2
i: 3
i: 4
i: 5
i: 6
i: 7
i: 8
i: 9
i: 10
A boost: 
A get exposure function sample: 
i: 222
i: 223
i: 224
i: 225
i: 226
i: 227
i: 228
i: 229
i: 230
i: 231
i: 232
A boost: 
A get exposure function sample: 
i: 11
i: 12
i: 13
i: 14
i: 15
i: 16
A boost: 
A get exposure function sample: 
i: 233
i: 234
i: 235
A boost: 
A get exposure function sample: 
i: 17
i: 18
A get exposure function sample: i: 
19i: 
236i: 
20i: 
237A boost: 

i: 238
i: 239
i: 240
i: 241
i: 242
i: 243
i: 244
i: 245
i: 246
i: 247
A boost: 
A get exposure function sample: 
i: 21
i: 22
i: 23
i: 24
i: 25
A boost: 
A get exposure function sample: 
i: 248
i: 249
i: 250
i: 251A get exposure function sample: 

i: i: 25226

i: i: 25327

i: i: 25428

A boost: i: 
29
i: 30
i: 31
i: 32
i: 33
i: 34
i: 35
i: 36
i: 37
i: 38
i: 39
A boost: 
A get exposure function sample: 
i: 255
A boost: 
A get exposure function sample: 
i: A get exposure function sample: 40

i: i: 25641

i: i: 25742

i: 43
i: 44
i: 45
A boost: 
A get exposure function sample: 
i: 46
i: 47
i: 48
i: 49
i: 50
i: 51
i: 52
i: 53
i: 54
i: 55
i: 56
i: 57
i: 58
i: 59
i: 60
i: 61
i: 62
i: 63
i: 64
i: 65
i: 66
i: 67
i: 68
i: 69
A boost: 
A get exposure function sample: 
i: 70
i: 71
i: 72
i: 73
i: 74
i: 75
A boost: 
A get exposure function sample: 
i: 76
A boost: 
A get exposure function sample: 
i: 77
i: 78
i: 79
i: 80
i: 81
i: 82
i: 83
i: 84
i: 85
i: 86
i: 87
A boost: 
A get exposure function sample: 
i: 88
i: 89
A boost: 
A get exposure function sample: 
i: 90
i: 91
A boost: 
A get exposure function sample: 
i: 92
i: 93
i: 94
i: 95
i: 96
A boost: 
A get exposure function sample: 
i: 97
i: 98
i: 99
i: 100
i: 101
i: 102
i: 103
i: 104
A boost: 
A get exposure function sample: 
i: 105
i: 106
i: 107
A boost: 
A get exposure function sample: 
i: 108
i: 109
i: 110
i: 111
A boost: 
A get exposure function sample: 
i: 112
i: 113
i: 114
i: 115
A boost: 
A get exposure function sample: 
i: 116
A boost: 
A get exposure function sample: 
i: 117
i: 118
i: 119
i: 120
i: 121
i: 122
i: 123
i: 124
i: 125
i: 126
i: 127
i: 128
i: 129
i: 130
i: 131
i: 132
i: 133
i: 134
A boost: 
A get exposure function sample: 
i: 135
i: 136
i: 137
i: 138
i: 139
i: 140
i: 141
i: 142
i: 143
i: 144
i: 145
A boost: 
A get exposure function sample: 
i: 146
i: 147
i: 148
i: 149
i: 150
i: 151
i: 152
i: 153
i: 154
i: 155
i: 156
i: 157
i: 158
i: 159
i: 160
i: 161
A boost: 
A get exposure function sample: 
i: 162
i: 163
i: 164
A boost: 
A get exposure function sample: 
i: 165
i: 166
i: 167
A boost: 
A get exposure function sample: 
i: 168
i: 169
i: 170
i: 171
i: 172
i: 173
i: 174
i: 175
A boost: 
A get exposure function sample: 
i: 176
i: 177
i: 178
i: 179
i: 180
A boost: 
A get exposure function sample: 
i: 181
A boost: 
A get exposure function sample: 
i: 182
i: 183
i: 184
A boost: 
A get exposure function sample: 
i: 185
i: 186
i: 187
i: 188
A boost: 
A get exposure function sample: 
i: 189
A boost: 
A get exposure function sample: 
i: 190
i: 191
i: 192
i: 193
i: 194
i: 195
i: 196
i: 197
i: 198
i: 199
i: 200
i: 201
i: 202
i: 203
i: 204
A boost: 
A get exposure function sample: 
i: 205
i: 206
i: 207
i: 208
i: 209
A boost: 
A get exposure function sample: 
i: 210
i: 211
i: 212
i: 213
A boost: 
A get exposure function sample: 
i: 214
A boost: 
A get exposure function sample: 
i: 215
i: 216
i: 217
i: 218
i: 219
A boost: 
A get exposure function sample: 
i: 220
i: 221
A boost: 
A get exposure function sample: 
i: 222
i: 223
i: 224
i: 225
i: 226
i: 227
i: 228
i: 229
i: 230
i: 231
i: 232
A boost: 
A get exposure function sample: 
i: 233
i: 234
i: 235
A boost: 
A get exposure function sample: 
i: 236
i: 237
i: 238
i: 239
i: 240
i: 241
i: 242
i: 243
i: 244
i: 245
i: 246
i: 247
A boost: 
A get exposure function sample: 
i: 248
i: 249
i: 250
i: 251
i: 252
i: 253
i: 254
A boost: 
A get exposure function sample: 
i: 255
A boost: 
A get exposure function sample: 
i: 256
i: 257
Initiate class
Initiate class2
Initiate class2: 2
Instance of the previous classes1
Testing in
Instance of the previous classes
Instance of the previous classes2
End: Initiate class
Start: initiate functions
End: initiate functions
this->knownExpInd:0
Initiate class
Initiate class2
Initiate class2: 3
Instance of the previous classes1
Testing in
Instance of the previous classes
Instance of the previous classes2
End: Initiate class
Start: initiate functions
End: initiate functions
this->knownExpInd:0
i: 0
A boost: 
A get exposure function sample: 
i: 1
i: 2
i: 3
i: 4
i: 5
i: 6
i: 7
i: 8
i: 9
i: 10
A boost: 
A get exposure function sample: 
i: 11
i: 12
i: 13
i: 14
i: 15
i: 16
A boost: 
A get exposure function sample: 
i: 17
i: 18
i: 19
i: 20
A boost: 
A get exposure function sample: 
i: 21
i: 22
i: 23
i: 24
i: 25
A boost: 
A get exposure function sample: 
i: 26
i: 27
i: 28
i: 29
i: 30
i: 31
i: 32
i: 33
i: 34
i: 35
i: 36
i: 37
i: 38
i: 39
A boost: 
A get exposure function sample: 
i: 40
i: 41
i: 42
i: 43
i: 44
i: 45
A boost: 
A get exposure function sample: 
i: 46
i: 47
i: 48
i: 49
i: 50
i: 51
i: 52
i: 53
i: 54
i: 55
i: 56
i: 57
i: 58
i: 59
i: 60
i: 61
i: 62
i: 63
i: 64
i: 65
i: 66
i: 67
i: 68
i: 69
A boost: 
A get exposure function sample: 
i: 70
i: 71
i: 72
i: 73
i: 74
i: 75
A boost: 
A get exposure function sample: 
i: 76
A boost: 
A get exposure function sample: 
i: 77
i: 78
i: 79
i: 80
i: 81
i: 82
i: 83
i: 84
i: 85
i: 86
i: 87
A boost: 
A get exposure function sample: 
i: 88
i: 89
A boost: 
A get exposure function sample: 
i: 90
i: 91
A boost: 
A get exposure function sample: 
i: 92
i: 93
i: 94
i: 95
i: 96
A boost: 
A get exposure function sample: 
i: 97
i: 98
i: 99
i: 100
i: 101
i: 102
i: 103
i: 104
A boost: 
A get exposure function sample: 
i: 105
i: 106
i: 107
A boost: 
A get exposure function sample: 
i: 108
i: 109
i: 110
i: 111
A boost: 
A get exposure function sample: 
i: 112
i: 113
i: 114
i: 115
A boost: 
A get exposure function sample: 
i: 116
A boost: 
A get exposure function sample: 
i: 117
i: 118
i: 119
i: 120
i: 121
i: 122
i: 123
i: 124
i: 125
i: 126
i: 127
i: 128
i: 129
i: 130
i: 131
i: 132
i: 133
i: 134
A boost: 
A get exposure function sample: 
i: 135
i: 136
i: 137
i: 138
i: 139
i: 140
i: 141
i: 142
i: 143
i: 144
i: 145
A boost: 
A get exposure function sample: 
i: 146
i: 147
i: 148
i: 149
i: 150
i: 151
i: 152
i: 153
i: 154
i: 155
i: 156
i: 157
i: 158
i: 159
i: 160
i: 161
A boost: 
A get exposure function sample: 
i: 162
i: 163
i: 164
A boost: 
A get exposure function sample: 
i: 165
i: 166
i: 167
A boost: 
A get exposure function sample: 
i: 168
i: 169
i: 170
i: 171
i: 172
i: 173
i: 174
i: 175
A boost: 
A get exposure function sample: 
i: 176
i: 177
i: 178
i: 179
i: 180
A boost: 
A get exposure function sample: 
i: 181
A boost: 
A get exposure function sample: 
i: 182
i: 183
i: 184
A boost: 
A get exposure function sample: 
i: 185
i: 186
i: 187
i: 188
A boost: 
A get exposure function sample: 
i: 189
A boost: 
A get exposure function sample: 
i: 190
i: 191
i: 192
i: 193
i: 194
i: 195
i: 196
i: 197
i: 198
i: 199
i: 200
i: 201
i: 202
i: 203
i: 204
A boost: 
A get exposure function sample: 
i: 205
i: 206
i: 207
i: 208
i: 209
A boost: 
A get exposure function sample: 
i: 210
i: 211
i: 212
i: 213
A boost: 
A get exposure function sample: 
i: 214
A boost: 
A get exposure function sample: 
i: 215
i: 216
i: 217
i: 218
i: 219
A boost: 
A get exposure function sample: 
i: 220
i: 221
A boost: 
A get exposure function sample: 
i: 222
i: 223
i: 224
i: 225
i: 226
i: 227
i: 228
i: 229
i: 230
i: 231
i: 232
A boost: 
A get exposure function sample: 
i: 233
i: 234
i: 235
A boost: 
A get exposure function sample: 
i: 236
i: 237
i: 238
i: 239
i: 240
i: 241
i: 242
i: 243
i: 244
i: 245
i: 246
i: 247
A boost: 
A get exposure function sample: 
i: 248
i: 249
i: 250
i: 251
i: 252
i: 253
i: 254
A boost: 
A get exposure function sample: 
i: 255
A boost: 
A get exposure function sample: 
i: 256
i: 257
i: 0
A boost: 
A get exposure function sample: 
i: 1
i: 2
i: 3
i: 4
i: 5
i: 6
i: 7
i: 8
i: 9
i: 10
A boost: 
A get exposure function sample: 
i: 11
i: 12
i: 13
i: 14
i: 15
i: 16
A boost: 
A get exposure function sample: 
i: 17
i: 18
i: 19
i: 20
A boost: 
A get exposure function sample: 
i: 21
i: 22
i: 23
i: 24
i: 25
A boost: 
A get exposure function sample: 
i: 26
i: 27
i: 28
i: 29
i: 30
i: 31
i: 32
i: 33
i: 34
i: 35
i: 36
i: 37
i: 38
i: 39
A boost: 
A get exposure function sample: 
i: 40
i: 41
i: 42
i: 43
i: 44
i: 45
A boost: 
A get exposure function sample: 
i: 46
i: 47
i: 48
i: 49
i: 50
i: 51
i: 52
i: 53
i: 54
i: 55
i: 56
i: 57
i: 58
i: 59
i: 60
i: 61
i: 62
i: 63
i: 64
i: 65
i: 66
i: 67
i: 68
i: 69
A boost: 
A get exposure function sample: 
i: 70
i: 71
i: 72
i: 73
i: 74
i: 75
A boost: 
A get exposure function sample: 
i: 76
A boost: 
A get exposure function sample: 
i: 77
i: 78
i: 79
i: 80
i: 81
i: 82
i: 83
i: 84
i: 85
i: 86
i: 87
A boost: 
A get exposure function sample: 
i: 88
i: 89
A boost: 
A get exposure function sample: 
i: 90
i: 91
A boost: 
A get exposure function sample: 
i: 92
i: 93
i: 94
i: 95
i: 96
A boost: 
A get exposure function sample: 
i: 97
i: 98
i: 99
i: 100
i: 101
i: 102
i: 103
i: 104
A boost: 
A get exposure function sample: 
i: 105
i: 106
i: 107
A boost: 
A get exposure function sample: 
i: 108
i: 109
i: 110
i: 111
A boost: 
A get exposure function sample: 
i: 112
i: 113
i: 114
i: 115
A boost: 
A get exposure function sample: 
i: 116
A boost: 
A get exposure function sample: 
i: 117
i: 118
i: 119
i: 120
i: 121
i: 122
i: 123
i: 124
i: 125
i: 126
i: 127
i: 128
i: 129
i: 130
i: 131
i: 132
i: 133
i: 134
A boost: 
A get exposure function sample: 
i: 135
i: 136
i: 137
i: 138
i: 139
i: 140
i: 141
i: 142
i: 143
i: 144
i: 145
A boost: 
A get exposure function sample: 
i: 146
i: 147
i: 148
i: 149
i: 150
i: 151
i: 152
i: 153
i: 154
i: 155
i: 156
i: 157
i: 158
i: 159
i: 160
i: 161
A boost: 
A get exposure function sample: 
i: 162
i: 163
i: 164
A boost: 
A get exposure function sample: 
i: 165
i: 166
i: 167
A boost: 
A get exposure function sample: 
i: 168
i: 169
i: 170
i: 171
i: 172
i: 173
i: 174
i: 175
A boost: 
A get exposure function sample: 
i: 176
i: 177
i: 178
i: 179
i: 180
A boost: 
A get exposure function sample: 
i: 181
A boost: 
A get exposure function sample: 
i: 182
i: 183
i: 184
A boost: 
A get exposure function sample: 
i: 185
i: 186
i: 187
i: 188
A boost: 
A get exposure function sample: 
i: 189
A boost: 
A get exposure function sample: 
i: 190
i: 191
i: 192
i: 193
i: 194
i: 195
i: 196
i: 197
i: 198
i: 199
i: 200
i: 201
i: 202
i: 203
i: 204
A boost: 
A get exposure function sample: 
i: 205
i: 206
i: 207
i: 208
i: 209
A boost: 
A get exposure function sample: 
i: 210
i: 211
i: 212
i: 213
A boost: 
A get exposure function sample: 
i: 214
A boost: 
A get exposure function sample: 
i: 215
i: 216
i: 217
i: 218
i: 219
A boost: 
A get exposure function sample: 
i: 220
i: 221
A boost: 
A get exposure function sample: 
i: 222
i: 223
i: 224
i: 225
i: 226
i: 227
i: 228
i: 229
i: 230
i: 231
i: 232
A boost: 
A get exposure function sample: 
i: 233
i: 234
i: 235
A boost: 
A get exposure function sample: 
i: 236
i: 237
i: 238
i: 239
i: 240
i: 241
i: 242
i: 243
i: 244
i: 245
i: 246
i: 247
A boost: 
A get exposure function sample: 
i: 248
i: 249
i: 250
i: 251
i: 252
i: 253
i: 254
A boost: 
A get exposure function sample: 
i: 255
A boost: 
A get exposure function sample: 
i: 256
i: 257
Initiate class
Initiate class2
Initiate class2: 3
Instance of the previous classes1
Testing in
Instance of the previous classes
Instance of the previous classes2
End: Initiate class
Start: initiate functions
End: initiate functions
this->knownExpInd:0
Initiate class
Initiate class2
Initiate class2: 4
Instance of the previous classes1
Testing in
Instance of the previous classes
Instance of the previous classes2
End: Initiate class
Start: initiate functions
End: initiate functions
this->knownExpInd:0
i: 0
A boost: 
A get exposure function sample: 
i: 1
i: 2
i: 3
i: 4
i: 5
i: 6
i: 7
i: 8
i: 9
i: 10
A boost: 
A get exposure function sample: 
i: 11
i: 12
i: 13
i: 14
i: 15
i: 16
A boost: 
A get exposure function sample: 
i: 17
i: 18
i: 19
i: 20
A boost: 
A get exposure function sample: 
i: 21
i: 22
i: 23
i: 24
i: 25
A boost: 
A get exposure function sample: 
i: 26
i: 27
i: 28
i: 29
i: 30
i: 31
i: 32
i: 33
i: 34
i: 35
i: 36
i: 37
i: 38
i: 39
A boost: 
A get exposure function sample: 
i: 40
i: 41
i: 42
i: 43
i: 44
i: 45
A boost: 
A get exposure function sample: 
i: 46
i: 47
i: 48
i: 49
i: 50
i: 51
i: 52
i: 53
i: 54
i: 55
i: 56
i: 57
i: 58
i: 59
i: 60
i: 61
i: 62
i: 63
i: 64
i: 65
i: 66
i: 67
i: 68
i: 69
A boost: 
A get exposure function sample: 
i: 70
i: 71
i: 72
i: 73
i: 74
i: 75
A boost: 
A get exposure function sample: 
i: 76
A boost: 
A get exposure function sample: 
i: 77
i: 78
i: 79
i: 80
i: 81
i: 82
i: 83
i: 84
i: 85
i: 86
i: 87
A boost: 
A get exposure function sample: 
i: 88
i: 89
A boost: 
A get exposure function sample: 
i: 90
i: 91
A boost: 
A get exposure function sample: 
i: 92
i: 93
i: 94
i: 95
i: 96
A boost: 
A get exposure function sample: 
i: 97
i: 98
i: 99
i: 100
i: 101
i: 102
i: 103
i: 104
A boost: 
A get exposure function sample: 
i: 105
i: 106
i: 107
A boost: 
A get exposure function sample: 
i: 108
i: 109
i: 110
i: 111
A boost: 
A get exposure function sample: 
i: 112
i: 113
i: 114
i: 115
A boost: 
A get exposure function sample: 
i: 116
A boost: 
A get exposure function sample: 
i: 117
i: 118
i: 119
i: 120
i: 121
i: 122
i: 123
i: 124
i: 125
i: 126
i: 127
i: 128
i: 129
i: 130
i: 131
i: 132
i: 133
i: 134
A boost: 
A get exposure function sample: 
i: 135
i: 136
i: 137
i: 138
i: 139
i: 140
i: 141
i: 142
i: 143
i: 144
i: 145
A boost: 
A get exposure function sample: 
i: 146
i: 147
i: 148
i: 149
i: 150
i: 151
i: 152
i: 153
i: 154
i: 155
i: 156
i: 157
i: 158
i: 159
i: 160
i: 161
A boost: 
A get exposure function sample: 
i: 162
i: 163
i: 164
A boost: 
A get exposure function sample: 
i: 165
i: 166
i: 167
A boost: 
A get exposure function sample: 
i: 168
i: 169
i: 170
i: 171
i: 172
i: 173
i: 174
i: 175
A boost: 
A get exposure function sample: 
i: 176
i: 177
i: 178
i: 179
i: 180
A boost: 
A get exposure function sample: 
i: 181
A boost: 
A get exposure function sample: 
i: 182
i: 183
i: 184
A boost: 
A get exposure function sample: 
i: 185
i: 186
i: 187
i: 188
A boost: 
A get exposure function sample: 
i: 189
A boost: 
A get exposure function sample: 
i: 190
i: 191
i: 192
i: 193
i: 194
i: 195
i: 196
i: 197
i: 198
i: 199
i: 200
i: 201
i: 202
i: 203
i: 204Initiate class
A boost: 

Initiate class2
Initiate class2: A get exposure function sample: 
i: 205
i: 206
i: 207
i: 208
i: 2094

A boost: 
Instance of the previous classes1
A get exposure function sample: 
i: 210Testing in

i: 211
i: 212
i: 213
Instance of the previous classesA boost: 

Instance of the previous classes2
End: Initiate class
Start: initiate functions
A get exposure function sample: 
i: 214
A boost: 
End: initiate functions
A get exposure function sample: 
i: 215
i: 216
i: 217
i: 218
i: 219
A boost: 
A get exposure function sample: 
i: 220
i: 221
A boost: 
A get exposure function sample: 
i: 222
i: 223
i: 224
i: 225
i: 226
i: 227
i: 228
i: 229
i: 230
i: 231
i: 232
A boost: 
A get exposure function sample: 
i: 233
i: 234
i: 235
A boost: 
A get exposure function sample: 
i: 236
i: 237
i: 238
i: 239
i: 240
i: 241
i: 242
i: 243
i: 244
i: 245
i: 246
i: 247
A boost: 
A get exposure function sample: 
i: 248
i: 249
i: 250
i: 251
i: 252
i: 253
i: 254
A boost: 
A get exposure function sample: 
i: 255
A boost: 
A get exposure function sample: 
i: 256
i: 257
i: 0
A boost: 
this->knownExpInd:0
A get exposure function sample: 
i: 1
i: 2
i: 3
i: 4
i: 5
i: 6
i: 7
i: 8
i: 9
i: 10
A boost: 
A get exposure function sample: 
i: 11
i: 12
i: 13
i: 14
i: 15
i: 16
A boost: 
A get exposure function sample: 
i: 17
i: 18
i: 19
i: 20
A boost: 
A get exposure function sample: 
i: 21
i: 22
i: 23
i: 24
i: 25
A boost: 
A get exposure function sample: 
i: 26
i: 27
i: 28
i: 29
i: 30
i: 31
i: 32
i: 33
i: 34
i: 35
i: 36
i: 37
i: 38
i: 39
A boost: 
A get exposure function sample: 
i: 40
i: 41
i: 42
i: 43
i: 44
i: 45
A boost: 
A get exposure function sample: 
i: 46
i: 47
i: 48
i: 49
i: 50
i: 51
i: 52
i: 53
i: 54
i: 55
i: 56
i: 57
i: 58
i: 59
i: 60
i: 61
i: 62
i: 63
i: 64
i: 65
i: 66
i: 67
i: 68
i: 69
A boost: 
A get exposure function sample: 
i: 70
i: 71
i: 72
i: 73
i: 74
i: 75
A boost: 
A get exposure function sample: 
i: 76
A boost: 
A get exposure function sample: 
i: 77
i: 78
i: 79
i: 80
i: 81
i: 82
i: 83
i: 84
i: 85
i: 86
i: 87
A boost: 
A get exposure function sample: 
i: 88
i: 89
A boost: 
A get exposure function sample: 
i: 90
i: 91
A boost: 
A get exposure function sample: 
i: 92
i: 93
i: 94
i: 95
i: 96
A boost: 
A get exposure function sample: 
i: 97
i: 98
i: 99
i: 100
i: 101
i: 102
i: 103
i: 104
A boost: 
A get exposure function sample: 
i: 105
i: 106
i: 107
A boost: 
A get exposure function sample: 
i: 108
i: 109
i: 110
i: 111
A boost: 
A get exposure function sample: 
i: 112
i: 113
i: 114
i: 115
A boost: 
A get exposure function sample: 
i: 116
A boost: 
A get exposure function sample: 
i: 117
i: 118
i: 119
i: 120
i: 121
i: 122
i: 123
i: 124
i: 125
i: 126
i: 127
i: 128
i: 129
i: 130
i: 131
i: 132
i: 133
i: 134
A boost: 
A get exposure function sample: 
i: 135
i: 136
i: 137
i: 138
i: 139
i: 140
i: 141
i: 142
i: 143
i: 144
i: 145
A boost: 
A get exposure function sample: 
i: 146
i: 147
i: 148
i: 149
i: 150
i: 151
i: 152
i: 153
i: 154
i: 155
i: 156
i: 157
i: 158
i: 159
i: 160
i: 161
A boost: 
A get exposure function sample: 
i: 162
i: 163
i: 164
A boost: 
A get exposure function sample: 
i: 165
i: 166
i: 167
A boost: 
A get exposure function sample: 
i: 168
i: 169
i: 170
i: 171
i: 172
i: 173
i: 174
i: 175
A boost: 
A get exposure function sample: 
i: 176
i: 177
i: 178
i: 179
i: 180
A boost: 
A get exposure function sample: 
i: 181
A boost: 
A get exposure function sample: 
i: 182
i: 183
i: 184
A boost: 
A get exposure function sample: 
i: 185
i: 186
i: 187
i: 188
A boost: 
A get exposure function sample: 
i: 189
A boost: 
A get exposure function sample: 
i: 190
i: 191
i: 192
i: 193
i: 194
i: 195
i: 196
i: 197
i: 198
i: 199
i: 200
i: 201
i: 202
i: 203
i: 204
A boost: 
A get exposure function sample: 
i: 205
i: 206
i: 207
i: 208
i: 209
A boost: 
A get exposure function sample: 
i: 210
i: 211
i: 212
i: 213
A boost: 
A get exposure function sample: 
i: 214
A boost: 
A get exposure function sample: 
i: 215
i: 216
i: 217
i: 218
i: 219
A boost: 
A get exposure function sample: 
i: 220
i: 221
A boost: 
A get exposure function sample: 
i: 222
i: 223
i: 224
i: 225
i: 226
i: 227
i: 228
i: 229
i: 230
i: 231
i: 232
A boost: 
A get exposure function sample: 
i: 233
i: 234
i: 235
A boost: 
A get exposure function sample: 
i: 236
i: 237
i: 238
i: 239
i: 240
i: 241
i: 242
i: 243
i: 244
i: 245
i: 246
i: 247
A boost: 
A get exposure function sample: 
i: 248
i: 249
i: 250
i: 251
i: 252
i: 253
i: 254
A boost: 
A get exposure function sample: 
i: 255
A boost: 
A get exposure function sample: 
i: 256
i: 257
i: 0
A boost: 
A get exposure function sample: 
i: 1
i: 2
i: 3
i: 4
i: 5
i: 6
i: 7
i: 8
i: 9
i: 10
A boost: 
A get exposure function sample: 
i: 11
i: 12
i: 13
i: 14
i: 15
i: 16
A boost: 
A get exposure function sample: 
i: 17
i: 18
i: 19
i: 20
A boost: 
A get exposure function sample: 
i: 21
i: 22
i: 23
i: 24
i: 25
A boost: 
A get exposure function sample: 
i: 26
i: 27
i: 28
i: 29
i: 30
i: 31
i: 32
i: 33
i: 34
i: 35
i: 36
i: 37
i: 38
i: 39
A boost: 
A get exposure function sample: 
i: 40
i: 41
i: 42
i: 43
i: 44
i: 45
A boost: 
A get exposure function sample: 
i: 46
i: 47
i: 48
i: 49
i: 50
i: 51
i: 52
i: 53
i: 54
i: 55
i: 56
i: 57
i: 58
i: 59
i: 60
i: 61
i: 62
i: 63
i: 64
i: 65
i: 66
i: 67
i: 68
i: 69
A boost: 
A get exposure function sample: 
i: 70
i: 71
i: 72
i: 73
i: 74
i: 75
A boost: 
A get exposure function sample: 
i: 76
A boost: 
A get exposure function sample: 
i: 77
i: 78
i: 79
i: 80
i: 81
i: 82
i: 83
i: 84
i: 85
i: 86
i: 87
A boost: 
A get exposure function sample: 
i: 88
i: 89
A boost: 
A get exposure function sample: 
i: 90
i: 91
A boost: 
A get exposure function sample: 
i: 92
i: 93
i: 94
i: 95
i: 96
A boost: 
A get exposure function sample: 
i: 97
i: 98
i: 99
i: 100
i: 101
i: 102
i: 103
i: 104
A boost: 
A get exposure function sample: 
i: 105
i: 106
i: 107
A boost: 
A get exposure function sample: 
i: 108
i: 109
i: 110
i: 111
A boost: 
A get exposure function sample: 
i: 112
i: 113
i: 114
i: 115
A boost: 
A get exposure function sample: 
i: 116
A boost: 
A get exposure function sample: 
i: 117
i: 118
i: 119
i: 120
i: 121
i: 122
i: 123
i: 124
i: 125
i: 126
i: 127
i: 128
i: 129
i: 130
i: 131
i: 132
i: 133
i: 134
A boost: 
A get exposure function sample: 
i: 135
i: 136
i: 137
i: 138
i: 139
i: 140
i: 141
i: 142
i: 143
i: 144
i: 145
A boost: 
A get exposure function sample: 
i: 146
i: 147
i: 148
i: 149
i: 150
i: 151
i: 152
i: 153
i: 154
i: 155
i: 156
i: 157
i: 158
i: 159
i: 160
i: 161
A boost: 
A get exposure function sample: 
i: 162
i: 163
i: 164
A boost: 
A get exposure function sample: 
i: 165
i: 166
i: 167
A boost: 
A get exposure function sample: 
i: 168
i: 169
i: 170
i: 171
i: 172
i: 173
i: 174
i: 175
A boost: 
A get exposure function sample: 
i: 176
i: 177
i: 178
i: 179
i: 180
A boost: 
A get exposure function sample: 
i: 181
A boost: 
A get exposure function sample: 
i: 182
i: 183
i: 184
A boost: 
A get exposure function sample: 
i: 185
i: 186
i: 187
i: 188
A boost: 
A get exposure function sample: 
i: 189
A boost: 
A get exposure function sample: 
i: 190
i: 191
i: 192
i: 193
i: 194
i: 195
i: 196
i: 197
i: 198
i: 199
i: 200
i: 201
i: 202
i: 203
i: 204
A boost: 
A get exposure function sample: 
i: 205
i: 206
i: 207
i: 208
i: 209
A boost: 
A get exposure function sample: 
i: 210
i: 211
i: 212
i: 213
A boost: 
A get exposure function sample: 
i: 214
A boost: 
A get exposure function sample: 
i: 215
i: 216
i: 217
i: 218
i: 219
A boost: 
A get exposure function sample: 
i: 220
i: 221
A boost: 
A get exposure function sample: 
i: 222
i: 223
i: 224
i: 225
i: 226
i: 227
i: 228
i: 229
i: 230
i: 231
i: 232
A boost: 
A get exposure function sample: 
i: 233
i: 234
i: 235
A boost: 
A get exposure function sample: 
i: 236
i: 237
i: 238
i: 239
i: 240
i: 241
i: 242
i: 243
i: 244
i: 245
i: 246
i: 247
A boost: 
A get exposure function sample: 
i: 248
i: 249
i: 250
i: 251
i: 252
i: 253
i: 254
A boost: 
A get exposure function sample: 
i: 255
A boost: 
A get exposure function sample: 
i: 256
i: 257
Warning message:
In mclapply(list(seroModel_pp, seroModel), function(i) { :
  all scheduled cores encountered errors in user code
Loading required package: ggdist
Error in post$mcmc : $ operator is invalid for atomic vectors
Calls: postprocessFigsInf -> postprocess_runInf -> %>% -> nrow
Execution halted
