/var/spool/slurmd/job1592879/slurm_script: line 17: activate: No such file or directory
Loading required package: usethis
ℹ Loading serojump
Warning messages:
1: replacing previous import ‘foreach::when’ by ‘purrr::when’ when loading ‘serojump’ 
2: replacing previous import ‘foreach::accumulate’ by ‘purrr::accumulate’ when loading ‘serojump’ 
3: Objects listed as exports, but not present in namespace:
• copModel
• data_known_exposures
• data_titre 
`numberTempChains` not specified in settings. Default value 10. 
`onAdaptiveTemp` not specified in settings.  Default value TRUE. 
`updatesAdaptiveTemp` not specified in settings.  Default value 10. 
`numberTempChains` not specified in settings. Default value 10. 
`onAdaptiveTemp` not specified in settings.  Default value TRUE. 
`updatesAdaptiveTemp` not specified in settings.  Default value 10. 
Initiate class
Initiate class2
Initiate class2: 1
Instance of the previous classes1
Testing in
Instance of the previous classes
Instance of the previous classes2
End: Initiate class
Start: initiate functions
End: initiate functions
this->knownExpInd:0
i: 0
A boost: 
A get exposure function sample: 
i: 1
i: 2
i: 3
i: 4
i: 5
i: 6
i: 7
i: 8
i: 9
i: 10
A boost: 
A get exposure function sample: 
i: 11
i: 12
i: 13
i: 14
i: 15
i: 16
A boost: 
A get exposure function sample: 
i: 17
i: 18
i: 19
i: 20
A boost: 
A get exposure function sample: 
i: 21
i: 22
i: 23
i: 24
i: 25
A boost: 
A get exposure function sample: 
i: 26
i: 27
i: 28
i: 29
i: 30
i: 31
i: 32
i: 33
i: 34
i: 35
i: 36
i: 37
i: 38
i: 39
A boost: 
A get exposure function sample: 
i: 40
i: 41
i: 42
i: 43
i: 44
i: 45
A boost: 
A get exposure function sample: 
i: 46
i: 47
i: 48
i: 49
i: 50
i: 51
i: 52
i: 53
i: 54
i: 55
i: 56
i: 57
i: 58
i: 59
i: 60
i: 61
i: 62
i: 63
i: 64
i: 65
i: 66
i: 67
i: 68
i: 69
A boost: 
A get exposure function sample: 
i: 70
i: 71
i: 72
i: 73
i: 74
i: 75
A boost: 
A get exposure function sample: 
i: 76
A boost: 
A get exposure function sample: 
i: 77
i: 78
i: 79
i: 80
i: 81
i: 82
i: 83
i: 84
i: 85
i: 86
i: 87
A boost: 
A get exposure function sample: 
i: 88
i: 89
A boost: 
A get exposure function sample: 
i: 90
i: 91
A boost: 
A get exposure function sample: 
i: 92
i: 93
i: 94
i: 95
i: 96
A boost: 
A get exposure function sample: 
i: 97
i: 98
i: 99
i: 100
i: 101
i: 102
i: 103
i: 104
A boost: 
A get exposure function sample: 
i: 105
i: 106
i: 107
A boost: 
A get exposure function sample: 
i: 108
i: 109
i: 110
i: 111
A boost: 
A get exposure function sample: 
i: 112
i: 113
i: 114
i: 115
A boost: 
A get exposure function sample: 
i: 116
A boost: 
A get exposure function sample: 
i: 117
i: 118
i: 119
i: 120
i: 121
i: 122
i: 123
i: 124
i: 125
i: 126
i: 127
i: 128
i: 129
i: 130
i: 131
i: 132
i: 133
i: 134
A boost: 
A get exposure function sample: 
i: 135
i: 136
i: 137
i: 138
i: 139
i: 140
i: 141
i: 142
i: 143
i: 144
i: 145
A boost: 
A get exposure function sample: 
i: 146
i: 147
i: 148
i: 149
i: 150
i: 151
i: 152
i: 153
i: 154
i: 155
i: 156
i: 157
i: 158
i: 159
i: 160
i: 161
A boost: 
A get exposure function sample: 
i: 162
i: 163
i: 164
A boost: 
A get exposure function sample: 
i: 165
i: 166
i: 167
A boost: 
A get exposure function sample: 
i: 168
i: 169
i: 170
i: 171
i: 172
i: 173
i: 174
i: 175
A boost: 
A get exposure function sample: 
i: 176
i: 177
i: 178
i: 179
i: 180
A boost: 
A get exposure function sample: 
i: 181
A boost: 
A get exposure function sample: 
i: 182
i: 183
i: 184
A boost: 
A get exposure function sample: 
i: 185
i: 186
i: 187
i: 188
A boost: 
A get exposure function sample: 
i: 189
A boost: 
A get exposure function sample: 
i: 190
i: 191
i: 192
i: 193
i: 194
i: 195
i: 196
i: 197
i: 198
i: 199
i: 200
i: 201
i: 202
i: 203
i: 204
A boost: 
A get exposure function sample: 
i: 205
i: 206
i: 207
i: 208
i: 209
A boost: 
A get exposure function sample: 
i: 210
i: 211
i: 212
i: 213
A boost: 
A get exposure function sample: 
i: 214
A boost: 
A get exposure function sample: 
i: 215
i: 216
i: 217
i: 218
i: 219
A boost: 
A get exposure function sample: 
i: 220
i: 221
A boost: 
A get exposure function sample: 
i: 222
i: 223
i: 224
i: 225
i: 226
i: 227
i: 228
i: 229
i: 230
i: 231
i: 232
A boost: 
A get exposure function sample: 
i: 233
i: 234
i: 235
A boost: 
A get exposure function sample: 
i: 236
i: 237
i: 238
i: 239
i: 240
i: 241
i: 242
i: 243
i: 244
i: 245
i: 246
i: 247
A boost: 
A get exposure function sample: 
i: 248
i: 249
i: 250
i: 251
i: 252
i: 253
i: 254
A boost: 
A get exposure function sample: 
i: 255
A boost: 
A get exposure function sample: 
i: 256
i: 257
Initiate class
Initiate class2
Initiate class2: 1
Instance of the previous classes1
Testing in
Instance of the previous classes
Instance of the previous classes2
End: Initiate class
Start: initiate functions
End: initiate functions
this->knownExpInd:0
Initiate class
Initiate class2
Initiate class2: 3
Instance of the previous classes1
Testing in
Instance of the previous classes
Instance of the previous classes2
End: Initiate class
Start: initiate functions
End: initiate functions
i: 0
A boost: 
A get exposure function sample: 
i: 1
i: 2
i: 3
i: 4
i: 5
i: 6
i: 7
this->knownExpInd:i: 8
i: 09

i: 10
A boost: 
A get exposure function sample: 
i: 11
i: 12
i: 13
i: 14
i: 15
i: 16
A boost: 
A get exposure function sample: 
i: 17
i: 18
i: 19
i: 20
A boost: 
A get exposure function sample: 
i: 21
i: 22
i: 23
i: 24
i: 25
A boost: 
A get exposure function sample: 
i: 26
i: 27
i: 28
i: 29
i: 30
i: 31
i: 32
i: 33
i: 34
i: 35
i: 36
i: 37
i: 38
i: 39
A boost: 
A get exposure function sample: 
i: 40
i: 41
i: 42
i: 43
i: 44
i: 45
A boost: 
A get exposure function sample: 
i: 46
i: 47
i: 48
i: 49
i: 50
i: 51
i: 52
i: 53
i: 54
i: 55
i: 56
i: 57
i: 58
i: 59
i: 60
i: 61
i: 62
i: 63
i: 64
i: 65
i: 66
i: 67
i: 68
i: 69
A boost: 
A get exposure function sample: 
i: 70
i: 71
i: 72
i: 73
i: 74
i: 75
A boost: 
A get exposure function sample: Initiate class
i: 76
A boost: 

Initiate class2
Initiate class2: A get exposure function sample: 2

i: Instance of the previous classes177

i: 78
i: 79
i: 80
i: 81
i: 82
Testing ini: 
83
i: 84
Instance of the previous classesi: 
85
i: 86
Instance of the previous classes2i: 
87End: Initiate class

Start: initiate functionsA boost: 

A get exposure function sample: 
i: End: initiate functions88

i: 89
A boost: 
A get exposure function sample: 
i: 90
i: 91
A boost: 
A get exposure function sample: 
i: 92
i: 93
i: 94
i: 95
i: 96
A boost: 
A get exposure function sample: 
i: 97
i: 98
i: 99
i: 100
i: 101
i: 102
i: 103
i: 104
A boost: 
A get exposure function sample: 
i: 105
i: 106
i: 107
A boost: 
A get exposure function sample: 
i: 108
i: 109
i: 110
i: 111
A boost: 
A get exposure function sample: 
i: 112
i: 113
i: 114
i: 115
A boost: 
A get exposure function sample: 
i: 116
A boost: 
A get exposure function sample: 
i: 117
i: 118
i: 119
i: 120
i: 121
i: 122
i: 123
i: 124
i: 125
i: 126
i: 127
i: 128
i: 129
i: 130
i: 131
i: 132
i: 133
i: 134
A boost: 
A get exposure function sample: 
i: 135
i: 136
i: 137
i: 138
i: 139
i: 140
i: 141
i: 142
i: 143
i: 144
i: 145
A boost: 
A get exposure function sample: 
i: 146
i: 147
i: 148
i: 149
i: 150
i: 151
i: 152
i: 153
i: 154
i: 155
i: 156
i: 157
i: 158
i: 159
i: 160
i: 161
A boost: 
A get exposure function sample: 
i: 162
i: 163
i: 164
A boost: 
A get exposure function sample: 
i: 165
i: 166
i: 167
A boost: 
A get exposure function sample: 
i: 168
i: 169
i: 170
i: 171
i: 172
i: 173
i: 174
i: 175this->knownExpInd:
A boost: 
0
A get exposure function sample: 
i: 176
i: 177
i: 178
i: 179
i: 180
A boost: 
A get exposure function sample: 
i: 181
A boost: 
A get exposure function sample: 
i: 182
i: 183
i: 184
A boost: 
A get exposure function sample: 
i: 185
i: 186
i: 187
i: 188
A boost: 
A get exposure function sample: 
i: 189
A boost: 
A get exposure function sample: 
i: 190
i: 191
i: 192
i: 193
i: 194
i: 195
i: 196
i: 197
i: 198
i: 199
i: 200
i: 201
i: 202
i: 203
i: 204
A boost: 
A get exposure function sample: 
i: 205
i: 206
i: 207
i: 208
i: 209
A boost: 
A get exposure function sample: 
i: 210
i: 211
i: 212
i: 213
A boost: 
A get exposure function sample: 
i: 214
A boost: 
A get exposure function sample: 
i: 215
i: 216
i: 217
i: 218
i: 219
A boost: 
A get exposure function sample: 
i: 220
i: 221
A boost: 
A get exposure function sample: 
i: 222
i: 223
i: 224
i: 225
i: 226
i: 227
i: 228
i: 229
i: 230
i: 231
i: 232
A boost: 
A get exposure function sample: 
i: 233
i: 234
i: 235
A boost: 
A get exposure function sample: 
i: 236
i: 237
i: 238
i: 239
i: 240
i: 241
i: 242
i: 243
i: 244
i: 245
i: 246
i: 247
A boost: 
A get exposure function sample: 
i: 248
i: 249
i: 250
i: 251
i: 252
i: 253
i: 254
A boost: 
A get exposure function sample: 
i: 255
A boost: 
A get exposure function sample: 
i: 256
i: 257
i: 0
A boost: 
A get exposure function sample: 
i: 1
i: 2
i: 3
i: 4
i: 5
i: 6
i: 7
i: 8
i: 9
i: 10
A boost: 
A get exposure function sample: 
i: 11
i: 12
i: 13
i: 14
i: 15
i: 16
A boost: 
A get exposure function sample: 
i: 17
i: 18
i: 19
i: 20
A boost: 
A get exposure function sample: 
i: 21
i: 22
i: 23
i: 24
i: 25
A boost: 
A get exposure function sample: 
i: 26
i: 27
i: 28
i: 29
i: 30
i: 31
i: 32
i: 33
i: 34
i: 35
i: 36
i: 37
i: 38
i: 39
A boost: 
A get exposure function sample: 
i: 40
i: 41
i: 42
i: 43
i: 44
i: 45
A boost: 
A get exposure function sample: 
i: 46
i: 47
i: 48
i: 49
i: 50
i: 51
i: 52
i: 53
i: 54
i: 55
i: 56
i: 57
i: 58
i: 59
i: 60
i: 61
i: 62
i: 63
i: 64
i: 65
i: 66
i: 67
i: 68
i: 69
A boost: 
A get exposure function sample: 
i: 70
i: 71
i: 72
i: 73
i: 74
i: 75
A boost: 
A get exposure function sample: 
i: 76
A boost: 
A get exposure function sample: 
i: 77
i: 78
i: 79
i: 80
i: 81
i: 82
i: 83
i: 84
i: 85
i: 86
i: 87
A boost: 
A get exposure function sample: 
i: 88
i: 89
A boost: 
A get exposure function sample: 
i: 90
i: 91
A boost: 
A get exposure function sample: 
i: 92
i: 93
i: 94
i: 95
i: 96
A boost: 
A get exposure function sample: 
i: 97
i: 98
i: 99
i: 100
i: 101
i: 102
i: 103
i: 104
A boost: 
A get exposure function sample: 
i: 105
i: 106
i: 107
A boost: 
A get exposure function sample: 
i: 108
i: 109
i: 110
i: 111
A boost: 
A get exposure function sample: 
i: 112
i: 113
i: 114
i: 115
A boost: 
A get exposure function sample: 
i: 116
A boost: 
A get exposure function sample: 
i: 117
i: 118
i: 119
i: 120
i: 121
i: 122
i: i: 123
i: 1240

i: 125
A boost: i: 
126
i: 127
i: 128
i: 129
i: 130
i: 131
i: 132
i: 133
i: 134
A boost: 
A get exposure function sample: 
i: 135
i: 136
i: 137
i: 138
i: 139
i: 140
i: 141
i: 142
i: 143
i: 144
i: 145
A boost: 
A get exposure function sample: 
i: 146
i: 147
i: 148
i: 149
i: 150
i: 151
i: 152
i: 153
i: 154
i: 155
i: 156
i: 157
i: 158
i: 159
i: 160
i: 161
A boost: 
A get exposure function sample: 
i: 162
i: 163
i: 164
A boost: 
A get exposure function sample: 
i: 1
i: 2
i: 3
i: 4
i: A get exposure function sample: 5

i: i: 1656

i: i: 1667

i: i: 1678

Initiate classA boost: i: 
9
i: 10
A boost: 

Initiate class2
Initiate class2: A get exposure function sample: 
4i: 
168Instance of the previous classes1

i: 169
i: 170
i: 171
i: 172
i: 173
i: 174Testing in

i: 175
A get exposure function sample: Instance of the previous classesA boost: 

i: 
11Instance of the previous classes2

i: End: Initiate class12

Start: initiate functionsi: 
13
i: 14
i: 15
i: 16
A boost: 
A get exposure function sample: 
i: 176
i: 177
i: 178
i: 179
i: 180
A boost: 
End: initiate functions
A get exposure function sample: 
i: 17
i: 18
i: A get exposure function sample: 19

i: i: 18120

A boost: A boost: 

A get exposure function sample: 
A get exposure function sample: i: 
182i: 
21i: 
183i: 
22i: 
184i: 
23A boost: 

i: 24
i: 25
A boost: 
A get exposure function sample: 
i: 185
i: 186A get exposure function sample: 

i: i: 18726

i: i: 18827

A boost: i: 
28
i: 29
i: 30
i: 31
i: 32
i: 33
i: 34
i: 35
i: 36
i: A get exposure function sample: 37

i: i: 18938

A boost: i: 
39
A boost: 
A get exposure function sample: 
i: Initiate class190A get exposure function sample: 

i: i: 19140


i: i: Initiate class219241


Initiate class2: i: i: 19342

i: i: 194243


i: Instance of the previous classes1i: 195
44

i: i: 19645

i: A boost: 197

Testing ini: 
198
i: 199
Instance of the previous classesi: 
200Instance of the previous classes2

i: A get exposure function sample: End: Initiate class201


i: Start: initiate functionsi: 46
202

i: i: 47203

i: i: 48204

i: A boost: 49

i: 50
i: 51
End: initiate functionsi: 
52
i: 53
i: 54
i: 55
i: 56
i: 57
i: A get exposure function sample: 58

i: i: 20559

i: i: 20660

i: i: 20761

i: i: 20862

i: i: 20963

A boost: i: 
64
i: 65
i: 66
i: 67
i: 68
i: 69
A boost: 
A get exposure function sample: 
i: 210
i: 211
i: 212
i: 213
A boost: 
A get exposure function sample: 
i: 70
i: 71
i: 72
i: 73
i: 74
i: 75
A boost: 
A get exposure function sample: 
i: 214
A boost: 
A get exposure function sample: 
i: 76
A boost: 
A get exposure function sample: 
i: 215
i: 216
i: 217
i: 218
i: 219
A boost: 
this->knownExpInd:A get exposure function sample: 
i: 077

i: 78
i: 79
i: 80
i: 81
i: 82
i: 83
A get exposure function sample: i: 
84i: 
220i: 
85i: 
221i: 
86A boost: 

i: 87
A boost: 
A get exposure function sample: A get exposure function sample: 

i: i: 22288

i: i: 22389

i: A boost: 224

i: 225
i: 226
i: 227
i: 228
i: 229
i: 230
i: 231
i: 232
A get exposure function sample: A boost: 

i: 90
i: 91
A boost: 
A get exposure function sample: 
i: 233
i: 234A get exposure function sample: 

i: i: 23592

A boost: i: 
93
i: 94
i: 95
i: 96
A boost: 
A get exposure function sample: 
i: 236
i: 237
i: 238A get exposure function sample: 

i: i: 23997

i: i: 24098

i: i: 24199

i: i: 242100

i: i: 243101

i: i: 244102

i: i: 245103

i: i: 246104

i: A boost: 247

A boost: 
A get exposure function sample: 
i: 105
i: A get exposure function sample: 106

i: i: 248107

i: A boost: 249

i: 250
i: 251
i: 252
i: 253
i: 254
A boost: 
A get exposure function sample: 
i: 108
i: 109
i: 110
i: 111A get exposure function sample: 

A boost: this->knownExpInd:i: 
255
0A boost: 

A get exposure function sample: 
i: 112
A get exposure function sample: i: 
113i: 
256i: 
114i: 
257i: 
115
A boost: 
A get exposure function sample: 
i: 116
A boost: 
A get exposure function sample: 
i: 117
i: 118
i: 119
i: 120
i: 121
i: 122
i: 123
i: 124
i: 125
i: 126
i: 127
i: 128
i: 129
i: 130
i: 131
i: 132
i: 133
i: 134
A boost: 
A get exposure function sample: 
i: 135
i: 136
i: 137
i: 138
i: 139
i: 140
i: 141
i: 142
i: 143
i: 144
i: 145
A boost: 
A get exposure function sample: 
i: 146
i: 147
i: 148
i: 149
i: 150
i: 151
i: 152
i: 153
i: 154
i: 155
i: 156
i: 157
i: 158
i: 159
i: 160
i: 161
A boost: 
A get exposure function sample: 
i: 162
i: 163
i: 164
A boost: 
A get exposure function sample: 
i: 165
i: 166
i: 167
A boost: 
A get exposure function sample: 
i: 168
i: 169
i: 170
i: 171
i: 172
i: 173
i: 174
i: 175
A boost: 
A get exposure function sample: 
i: 176
i: 177
i: 178
i: 179
i: 180
A boost: 
A get exposure function sample: 
i: 181
A boost: 
A get exposure function sample: 
i: 182
i: 183
i: 184
A boost: 
A get exposure function sample: 
i: 185
i: 186
i: 187
i: 188
A boost: 
A get exposure function sample: 
i: 189
A boost: 
A get exposure function sample: 
i: 190
i: 191
i: 192
i: 193
i: 194
i: 195
i: 196
i: 197
i: 198
i: 199
i: 200
i: 201
i: 202
i: 203
i: 204
A boost: 
A get exposure function sample: 
i: 205
i: 206
i: 207
i: 208
i: 209
A boost: 
A get exposure function sample: 
i: 210
i: 211
i: 212
i: 213
A boost: 
A get exposure function sample: 
i: 214
A boost: 
A get exposure function sample: 
i: 215
i: 216
i: 217
i: 218
i: 219
A boost: 
A get exposure function sample: 
i: 220
i: 221
A boost: 
A get exposure function sample: 
i: 222
i: 223
i: 224
i: 225
i: 226
i: 227
i: 228
i: 229
i: 230
i: 231
i: 232
A boost: 
A get exposure function sample: 
i: 233
i: 234
i: 235
A boost: 
A get exposure function sample: 
i: 236
i: 237
i: 238
i: 239
i: 240
i: 241
i: 242
i: 243
i: 244
i: 245
i: 246
i: 247
A boost: 
A get exposure function sample: 
i: 248
i: 249
i: 250
i: 251
i: 252
i: 253
i: 254
A boost: 
A get exposure function sample: 
i: 255
A boost: 
A get exposure function sample: 
i: 256
i: 257
i: 0
A boost: 
A get exposure function sample: 
i: 1
i: 2
i: 3
i: 4
i: 5
i: 6
i: 7
i: 8
i: 9
i: 10
A boost: 
A get exposure function sample: 
i: 11
i: 12
i: 13
i: 14
i: 15
i: 16
A boost: 
A get exposure function sample: 
i: 17
i: 18
i: 19
i: 20
A boost: 
A get exposure function sample: 
i: 21
i: 22
i: 23
i: 24
i: 25
A boost: 
i: A get exposure function sample: 0

i: 26
A boost: i: 
27
i: 28
i: 29
i: 30
i: 31
i: 32
i: 33
i: 34
i: 35
i: 36
i: 37
i: 38
i: 39
A boost: 
A get exposure function sample: 
i: 40
i: 41
i: 42
i: 43
i: 44
i: 45
A boost: 
A get exposure function sample: 
i: 46
i: 47
i: 48
i: 49
i: 50
i: 51
i: 52
i: 53
i: 54
i: 55
i: 56
i: 57
i: 58
i: 59
i: 60
i: 61
i: 62
i: 63
i: 64
i: 65
i: 66
i: 67
i: 68
i: 69
A get exposure function sample: A boost: 

i: 1
i: 2
i: 3
i: 4
i: 5
i: 6
i: 7
i: 8
i: 9
i: 10
A boost: 
A get exposure function sample: 
i: 70
i: 71
i: 72
i: 73
i: 74
i: 75
A boost: 
A get exposure function sample: 
i: 11
i: 12
i: 13
i: 14
i: A get exposure function sample: 15

i: i: 7616

A boost: A boost: 

A get exposure function sample: 
i: 77A get exposure function sample: 

i: i: 7817

i: i: 7918

i: i: 8019

i: i: 8120

i: A boost: 82

i: 83
i: 84
i: 85
i: 86
i: 87
A boost: 
A get exposure function sample: 
i: 21
i: 22
i: 23
A get exposure function sample: i: 
24i: 
88i: 
25i: 
89A boost: 

A boost: 
A get exposure function sample: 
i: A get exposure function sample: 90

i: i: 2691

i: A boost: 27

i: 28
i: 29
i: 30
i: 31
i: 32
i: 33
i: 34
i: 35
i: 36
i: 37
i: 38
i: A get exposure function sample: 39

i: A boost: 92

i: 93
i: 94
i: 95
i: 96
A boost: 
A get exposure function sample: 
i: 40
i: 41
i: 42
i: 43A get exposure function sample: 

i: i: 4497

i: i: 4598

A boost: i: 
99
i: 100
i: 101
i: 102
i: 103
i: 104
A boost: 
A get exposure function sample: 
i: 46
i: 47
i: 48
i: A get exposure function sample: 49

i: i: 10550

i: i: 10651

i: i: 10752

A boost: i: 
53
i: 54
i: 55
i: 56
i: 57
i: 58
i: 59
i: 60
i: 61
i: 62
i: 63
A get exposure function sample: i: 
64i: 
108i: 
65i: 
109i: 
66i: 
110i: 
67i: 
111i: 
68A boost: 

i: 69
A boost: 
A get exposure function sample: 
i: 112A get exposure function sample: 

i: i: 11370

i: i: 11471

i: i: 11572

A boost: i: 
73
i: 74
i: 75
A boost: 
A get exposure function sample: 
i: 116
A boost: 
A get exposure function sample: 
i: 76
A boost: 
A get exposure function sample: 
i: 117
i: 118
A get exposure function sample: i: 
119i: 
77i: 
120i: 
78i: 
121i: 
79i: 
122i: 
80i: 
123i: 
81i: 
124i: 
82i: 
125i: 
83i: 
126i: 
84i: 
127i: 
85i: 
128i: 
86i: 
129i: 
87i: 
130A boost: 

i: 131
i: 132
i: 133
i: 134
A boost: 
A get exposure function sample: 
i: 88
i: 89
A boost: 
A get exposure function sample: 
i: 135
i: 136
i: 137
i: 138
i: 139
i: 140
i: A get exposure function sample: 141

i: i: 90142

i: i: 91143

A boost: i: 
144
i: 145
A boost: 
A get exposure function sample: 
i: 92
i: A get exposure function sample: 93

i: i: 14694

i: i: 14795

i: i: 14896

i: A boost: 149

i: 150
i: 151
i: 152
i: 153
i: 154
i: 155
i: 156
i: 157
i: 158
i: 159
i: 160
i: A get exposure function sample: 161

i: A boost: 97

i: 98
i: 99
i: 100
i: 101
i: 102
i: 103
i: 104
A boost: 
A get exposure function sample: 
i: 162
i: 163
i: 164
A boost: 
A get exposure function sample: 
i: 105
i: 106
i: 107
A boost: 
A get exposure function sample: 
i: 165
i: 166
i: 167
A boost: 
A get exposure function sample: 
i: 108
i: 109
i: 110
i: A get exposure function sample: 111

i: A boost: 168

i: 169
i: 170
i: 171
i: 172
i: 173
i: 174
i: 175
A boost: 
A get exposure function sample: 
i: 112
i: 113
i: 114
i: 115
A boost: 
A get exposure function sample: 
i: 176
i: 177
i: 178
i: 179
i: 180
A boost: 
A get exposure function sample: 
i: 116
A boost: 
A get exposure function sample: 
i: 181
A boost: 
A get exposure function sample: 
i: 117
i: 118
i: 119
i: 120
i: 121
i: 122A get exposure function sample: 

i: i: 123182

i: i: 124183

i: i: 125184

i: A boost: 126

i: 127
i: 128
i: 129
i: 130
i: 131
i: 132
i: 133
i: 134
A boost: 
A get exposure function sample: 
i: 185
i: 186
i: 187
i: 188
A boost: 
A get exposure function sample: 
i: 135
i: 136
i: 137
i: 138
i: 139A get exposure function sample: 

i: i: 140189

i: A boost: 141

i: 142
i: 143
i: 144
i: 145
A boost: 
A get exposure function sample: 
i: 190
i: 191
i: 192
i: 193
i: 194
i: 195
i: A get exposure function sample: 196

i: i: 146197

i: i: 147198

i: i: 148199

i: i: 149200

i: i: 150201

i: i: 151202

i: i: 152203

i: i: 153204

i: A boost: 154

i: 155
i: 156
i: 157
i: 158
i: 159
i: 160
i: 161
A boost: 
A get exposure function sample: 
i: 205
i: 206
i: 207
i: 208
i: 209
A boost: 
A get exposure function sample: 
i: 162
i: 163
i: 164
A boost: 
A get exposure function sample: 
i: 210
i: 211
i: 212
i: 213
A boost: 
A get exposure function sample: 
i: 165
i: 166
i: 167
A boost: 
A get exposure function sample: 
i: 214
A boost: 
A get exposure function sample: 
i: 168
i: 169
i: 170
i: 171
i: 172
i: 173
i: 174
i: 175
A boost: 
A get exposure function sample: 
i: 215
i: 216
i: 217
i: 218
i: 219
A boost: 
A get exposure function sample: 
i: 176
i: 177
i: 178
i: 179
i: 180
A boost: 
A get exposure function sample: 
i: 220
i: 221
A boost: 
A get exposure function sample: 
i: 181
A boost: 
A get exposure function sample: 
i: 222
i: 223
i: A get exposure function sample: 224

i: i: 182225

i: i: 183226

i: i: 184227

A boost: i: 
228
i: 229
i: 230
i: 231
i: 232
A boost: 
A get exposure function sample: 
i: 185
i: 186
i: 187
i: A get exposure function sample: 188

i: A boost: 233

i: 234
i: 235
A boost: 
A get exposure function sample: 
i: 189
A boost: 
A get exposure function sample: 
i: 236
i: 237
i: 238
i: 239
i: 240
i: 241
i: 242
A get exposure function sample: i: 
243i: 
190i: 
244i: 
191i: 
245i: 
192i: 
246i: 
193i: 
247i: 
194A boost: 

i: 195
i: 196
i: 197
i: 198
i: 199
i: 200
i: 201
i: 202
i: 203
i: 204
A boost: 
A get exposure function sample: 
i: 248
i: 249
i: 250
i: 251
i: 252
i: 253
i: 254
A boost: 
A get exposure function sample: 
i: 205
i: 206
i: 207
i: 208
i: 209
A boost: 
A get exposure function sample: 
i: 255
A boost: 
A get exposure function sample: 
i: 210
i: 211
i: 212
i: 213A get exposure function sample: 

A boost: i: 
256
i: 257
A get exposure function sample: 
i: 214
A boost: 
Initiate classA get exposure function sample: 
i: 215
i: 216
i: 217
i: 218

i: 219
A boost: 
Initiate class2
Initiate class2: 3
Instance of the previous classes1
A get exposure function sample: 
i: 220
i: 221
A boost: 
Testing in
Instance of the previous classes
Instance of the previous classes2
End: Initiate class
Start: initiate functions
A get exposure function sample: 
i: 222
i: 223
i: 224
i: 225
i: End: initiate functions226

i: 227
i: 228
i: 229
i: 230
i: 231
i: 232
A boost: 
A get exposure function sample: 
i: 233
i: 234
i: 235
A boost: 
A get exposure function sample: 
i: 236
i: 237
i: 238
i: 239
i: 240
i: 241
i: 242
i: 243
i: 244
i: 245
i: 246
i: 247
A boost: 
A get exposure function sample: 
i: 248
i: 249
i: 250
i: 251
i: 252
i: 253
i: 254
A boost: 
A get exposure function sample: 
i: 255
A boost: 
A get exposure function sample: 
i: 256
i: 257
this->knownExpInd:0
i: 0
A boost: 
A get exposure function sample: 
i: 1
i: 2
i: 3
i: 4
i: 5
i: 6
i: 7
i: 8
i: 9
i: 10
A boost: 
A get exposure function sample: 
i: 11
i: 12
i: 13
i: 14
i: 15
i: 16
A boost: 
A get exposure function sample: 
i: 17
i: 18
i: 19
i: 20
A boost: 
A get exposure function sample: 
i: 21
i: 22
i: 23
i: 24
i: 25
A boost: 
A get exposure function sample: 
i: 26
i: 27
i: 28
i: 29
i: 30
i: 31
i: 32
i: 33
i: 34
i: 35
i: 36
i: 37
i: 38
i: 39
A boost: 
A get exposure function sample: 
i: 40
i: 41
i: 42
i: 43
i: 44
i: 45
A boost: 
A get exposure function sample: 
i: 46
i: 47
i: 48
i: 49
i: 50
i: 51
i: 52
i: 53
i: 54
i: 55
i: 56
i: 57
i: 58
i: 59
i: 60
i: 61
i: 62
i: 63
i: 64
i: 65
i: 66
i: 67
i: 68
i: 69
A boost: 
A get exposure function sample: 
i: 70
i: 71
i: 72
i: 73
i: 74
i: 75
A boost: 
A get exposure function sample: 
i: 76
A boost: 
A get exposure function sample: 
i: 77
i: 78
i: 79
i: 80
i: 81
i: 82
i: 83
i: 84
i: 85
i: 86
i: 87
A boost: 
A get exposure function sample: 
i: 88
i: 89
A boost: 
A get exposure function sample: 
i: 90
i: 91
A boost: 
A get exposure function sample: 
i: 92
i: 93
i: 94
i: 95
i: 96
A boost: 
A get exposure function sample: 
i: 97
i: 98
i: 99
i: 100
i: 101
i: 102
i: 103
i: 104
A boost: 
A get exposure function sample: 
i: 105
i: 106
i: 107
A boost: 
A get exposure function sample: 
i: 108
i: 109
i: 110
i: 111
A boost: 
A get exposure function sample: 
i: 112
i: 113
i: 114
i: 115
A boost: 
A get exposure function sample: 
i: 116
A boost: 
A get exposure function sample: 
i: 117
i: 118
i: 119
i: 120
i: 121
i: 122
i: 123
i: 124
i: 125
i: 126
i: 127
i: 128
i: 129
i: 130
i: 131
i: 132
i: 133
i: 134
A boost: 
A get exposure function sample: 
i: 135
i: 136
i: 137
i: 138
i: 139
i: 140
i: 141
i: 142
i: 143
i: 144
i: 145
A boost: 
A get exposure function sample: 
i: 146
i: 147
i: 148
i: 149
i: 150
i: 151
i: 152
i: 153
i: 154
i: 155
i: 156
i: 157
i: 158
i: 159
i: 160
i: 161
A boost: 
A get exposure function sample: 
i: 162
i: 163
i: 164
A boost: 
A get exposure function sample: 
i: 165
i: 166
i: 167
A boost: 
A get exposure function sample: 
i: 168
i: 169
i: 170
i: 171
i: 172
i: 173
i: 174
i: 175
A boost: 
A get exposure function sample: 
i: 176
i: 177
i: 178
i: 179
i: 180
A boost: 
A get exposure function sample: 
i: 181
A boost: 
A get exposure function sample: 
i: 182
i: 183
i: 184
A boost: 
A get exposure function sample: 
i: 185
i: 186
i: 187
i: 188
A boost: 
A get exposure function sample: 
i: 189
A boost: 
A get exposure function sample: 
i: 190
i: 191
i: 192
i: 193
i: 194
i: 195
i: 196
i: 197
i: 198
i: 199
i: 200
i: 201
i: 202
i: 203
i: 204
A boost: 
A get exposure function sample: 
i: 205
i: 206
i: 207
i: 208
i: 209
A boost: 
A get exposure function sample: 
i: 210
i: 211
i: 212
i: 213
A boost: 
A get exposure function sample: 
i: 214
A boost: 
A get exposure function sample: 
i: 215
i: 216
i: 217
i: 218
i: 219
A boost: 
A get exposure function sample: 
i: 220
i: 221
A boost: 
A get exposure function sample: 
i: 222
i: 223
i: 224
i: 225
i: 226
i: 227
i: 228
i: 229
i: 230
i: 231
i: 232
A boost: 
A get exposure function sample: 
i: 233
i: 234
i: 235
A boost: 
A get exposure function sample: 
i: 236
i: 237
i: 238
i: 239
i: 240
i: 241
i: 242
i: 243
i: 244
i: 245
i: 246
i: 247
A boost: 
A get exposure function sample: 
i: 248
i: 249
i: 250
i: 251
i: 252
i: 253
i: 254
A boost: 
A get exposure function sample: 
i: 255
A boost: 
A get exposure function sample: 
i: 256
i: 257
Initiate class
Initiate class2
Initiate class2: 4
Instance of the previous classes1
Testing in
Instance of the previous classes
Instance of the previous classes2
End: Initiate class
Start: initiate functions
End: initiate functions
this->knownExpInd:0
i: 0
A boost: 
A get exposure function sample: 
i: 1
i: 2
i: 3
i: 4
i: 5
i: 6
i: 7
i: 8
i: 9
i: 10
A boost: 
A get exposure function sample: 
i: 11
i: 12
i: 13
i: 14
i: 15
i: 16
A boost: 
A get exposure function sample: 
i: 17
i: 18
i: 19
i: 20
A boost: 
A get exposure function sample: 
i: 21
i: 22
i: 23
i: 24
i: 25
A boost: 
A get exposure function sample: 
i: 26
i: 27
i: 28
i: 29
i: 30
i: 31
i: 32
i: 33
i: 34
i: 35
i: 36
i: 37
i: 38
i: 39
A boost: 
A get exposure function sample: 
i: 40
i: 41
i: 42
i: 43
i: 44
i: 45
A boost: 
A get exposure function sample: 
i: 46
i: 47
i: 48
i: 49
i: 50
i: 51
i: 52
i: 53
i: 54
i: 55
i: 56
i: 57
i: 58
i: 59
i: 60
i: 61
i: 62
i: 63
i: 64
i: 65
i: 66
i: 67
i: 68
i: 69
A boost: 
A get exposure function sample: 
i: 70
i: 71
i: 72
i: 73
i: 74
i: 75
A boost: 
A get exposure function sample: 
i: 76
A boost: 
A get exposure function sample: 
i: 77
i: 78
i: 79
i: 80
i: 81
i: 82
i: 83
i: 84
i: 85
i: 86
i: 87
A boost: 
A get exposure function sample: 
i: 88
i: 89
A boost: 
A get exposure function sample: 
i: 90
i: 91
A boost: 
A get exposure function sample: 
i: 92
i: 93
i: 94
i: 95
i: 96
A boost: 
A get exposure function sample: 
i: 97
i: 98
i: 99
i: 100
i: 101
i: 102
i: 103
i: 104
A boost: 
A get exposure function sample: 
i: 105
i: 106
i: 107
A boost: 
A get exposure function sample: 
i: 108
i: 109
i: 110
i: 111
A boost: 
A get exposure function sample: 
i: 112
i: 113
i: 114
i: 115
A boost: 
A get exposure function sample: 
i: 116
A boost: 
A get exposure function sample: 
i: 117
i: 118
i: 119
i: 120
i: 121
i: 122
i: 123
i: 124
i: 125
i: 126
i: 127
i: 128
i: 129
i: 130
i: 131
i: 132
i: 133
i: 134
A boost: 
A get exposure function sample: 
i: 135
i: 136
i: 137
i: 138
i: 139
i: 140
i: 141
i: 142
i: 143
i: 144
i: 145
A boost: 
A get exposure function sample: 
i: 146
i: 147
i: 148
i: 149
i: 150
i: 151
i: 152
i: 153
i: 154
i: 155
i: 156
i: 157
i: 158
i: 159
i: 160
i: 161
A boost: 
A get exposure function sample: 
i: 162
i: 163
i: 164
A boost: 
A get exposure function sample: 
i: 165
i: 166
i: 167
A boost: 
A get exposure function sample: 
i: 168
i: 169
i: 170
i: 171
i: 172
i: 173
i: 174
i: 175
A boost: 
A get exposure function sample: 
i: 176
i: 177
i: 178
i: 179
i: 180
A boost: 
A get exposure function sample: 
i: 181
A boost: 
A get exposure function sample: 
i: 182
i: 183
i: 184
A boost: 
A get exposure function sample: 
i: 185
i: 186
i: 187
i: 188
A boost: 
A get exposure function sample: 
i: 189
A boost: 
A get exposure function sample: 
i: 190
i: 191
i: 192
i: 193
i: 194
i: 195
i: 196
i: 197
i: 198
i: 199
i: 200
i: 201
i: 202
i: 203
i: 204
A boost: 
A get exposure function sample: 
i: 205
i: 206
i: 207
i: 208
i: 209
A boost: 
A get exposure function sample: 
i: 210
i: 211
i: 212
i: 213
A boost: 
A get exposure function sample: 
i: 214
A boost: 
A get exposure function sample: 
i: 215
i: 216
i: 217
i: 218
i: 219
A boost: 
A get exposure function sample: 
i: 220
i: 221
A boost: 
A get exposure function sample: 
i: 222
i: 223
i: 224
i: 225
i: 226
i: 227
i: 228
i: 229
i: 230
i: 231
i: 232
A boost: 
A get exposure function sample: 
i: 233
i: 234
i: 235
A boost: 
A get exposure function sample: 
i: 236
i: 237
i: 238
i: 239
i: 240
i: 241
i: 242
i: 243
i: 244
i: 245
i: 246
i: 247
A boost: 
A get exposure function sample: 
i: 248
i: 249
i: 250
i: 251
i: 252
i: 253
i: 254
A boost: 
A get exposure function sample: 
i: 255
A boost: 
A get exposure function sample: 
i: 256
i: 257
Warning message:
In mclapply(list(seroModel_pp, seroModel), function(i) { :
  all scheduled cores encountered errors in user code
Loading required package: ggdist
Error in post$mcmc : $ operator is invalid for atomic vectors
Calls: postprocessFigsInf -> postprocess_runInf -> %>% -> nrow
Execution halted
