slurmstepd-c15: error: _get_joules_task: can't get info from slurmd
/var/spool/slurmd/job1331221/slurm_script: line 17: activate: No such file or directory
Loading required package: usethis
ℹ Loading serojump
Failed to query server: Transport endpoint is not connected
Warning messages:
1: In system("timedatectl", intern = TRUE) :
  running command 'timedatectl' had status 1
2: replacing previous import ‘foreach::when’ by ‘purrr::when’ when loading ‘serojump’ 
3: replacing previous import ‘foreach::accumulate’ by ‘purrr::accumulate’ when loading ‘serojump’ 
4: Objects listed as exports, but not present in namespace:
• copModel
• data_known_exposures
• data_titre 
`numberTempChains` not specified in settings. Default value 10. 
`onAdaptiveTemp` not specified in settings.  Default value TRUE. 
`updatesAdaptiveTemp` not specified in settings.  Default value 10. 
Initiate class
Initiate class2
Initiate class2: 1
Instance of the previous classes1
Testing in
Instance of the previous classes
Instance of the previous classes2
End: Initiate class
Start: initiate functions
End: initiate functions
`numberTempChains` not specified in settings. Default value 10. 
`onAdaptiveTemp` not specified in settings.  Default value TRUE. 
`updatesAdaptiveTemp` not specified in settings.  Default value 10. 
i: 0
i: 1
i: 2
i: 3
i: 4
i: 5
i: 6
i: 7
i: 8
i: 9
i: 10
i: 11
i: 12
i: 13
i: 14
i: 15
i: 16
i: 17
i: 18
i: 19
i: 20
i: 21
i: 22
i: 23
i: 24
i: 25
i: 26
i: 27
i: 28
i: 29
i: 30
i: 31
i: 32
i: 33
i: 34
i: 35
i: 36
i: 37
i: 38
i: 39
i: 40
Initiate classInitiate class
Initiate class2
Initiate class2: 
Initiate class2
Initiate class2: 1
Instance of the previous classes1
2
Instance of the previous classes1
Testing inTesting in

Instance of the previous classesInstance of the previous classes

Instance of the previous classes2Instance of the previous classes2

End: Initiate classEnd: Initiate class

Start: initiate functionsStart: initiate functions

End: initiate functionsEnd: initiate functions

i: 41
i: 42
i: 43
i: 44
i: 45
i: 46
i: 47
i: 48
i: 49
i: 50
i: 51
i: 52
i: 53
i: 54
i: 55
i: 56
i: 57
i: 58
i: 59
i: 60
i: 61
i: 62
i: 63
i: 64
i: 65
i: 66
i: 67
i: 68
i: 69
i: 70
i: 71
i: 72
i: 73
i: 74
i: 75
i: 76
i: 77
i: 78
i: 79
i: 80
i: 81
i: 82
i: i: 0
0
i: 1i: 
1i: 
2i: 
2i: 
3i: 
3i: 
4i: 
4
i: i: 55

i: i: 66

i: i: 77

i: i: 88

i: i: 99

i: i: 1010

i: i: 1111

i: i: 1212

i: i: 1313

i: i: 1414

i: i: 1515

i: i: 1616

i: i: 1717

i: i: 1818

i: i: 1919

i: i: 2020

i: i: 2121

i: i: 2222

i: 23
i: 24
i: 25
i: 26
i: 27
i: 28
i: 29
i: 30
i: 31
i: 32
i: 33
i: 34
i: 35
i: 36
i: 37
i: 38
i: 39
i: 40
i: 23
i: 24
i: 25
i: 26
i: 27
i: 28
i: 29
i: 30
i: 31
i: 32
i: 33
i: 34
i: 35
i: 36
i: 37
i: 38
i: 39
i: 40
Initiate classInitiate classi: 83
i: 
84

i: 85
Initiate class2i: Initiate class2
86
Initiate class2: 
Initiate class2: i: 87
i: 88
32

Instance of the previous classes1Instance of the previous classes1

i: 89
i: 90
i: 91Testing in

Testing ini: 
92
Instance of the previous classes
Instance of the previous classes
Instance of the previous classes2
Instance of the previous classes2End: Initiate class

End: Initiate classStart: initiate functions

Start: initiate functions
End: initiate functionsEnd: initiate functions

i: 93
i: 94
i: 95
i: 96
i: 97
i: 98
i: 99
i: 100
i: 101
i: 102
i: 103
i: 104
i: 105
i: 106
i: 107
i: 108
i: 109
i: 110
i: 111
i: 112
i: 113
i: 114
i: 115
i: 116
i: 41
i: 42
i: 43
i: 44
i: 45
i: 46
i: 47
i: 48
i: 49
i: 50
i: 51
i: 52
i: 53
i: i: 54117

i: i: 55118

i: i: 56119

i: i: 57120

i: i: 58121

i: i: 59122

i: i: 60123

i: i: 61124

i: 125
i: 126
i: 127
i: 128
i: 129
i: 130
i: 131
i: 132
i: 133
i: 134i: 
62i: 
135i: 
63i: 
136
i: 137
i: 138
i: 139
i: 140
i: 141
i: 142
i: 143
i: 144
i: 145
i: 146
i: i: 14764

i: i: 14865

i: i: 14966

i: i: 15067

i: 68
i: 151
i: 152
i: 153
i: 154
i: 155
i: 156
i: 157
i: 158
i: 159
i: i: 16069

i: i: 16170

i: i: 16271

i: i: 16372

i: i: 16473

i: 165
i: 166
i: 167
i: 168
i: 74
i: 75
i: 76
i: 77
i: 78
i: 169
i: 170
i: 171
i: 79i: 
172i: 
80i: 
173i: 
81i: 
174i: 
82i: 
175
i: 176
i: 177
i: 178
i: 179
i: 180
i: 181
i: 182
i: 183
i: 184
i: 185
i: 186
i: 187
i: 188
i: 189
i: 190
i: 191
i: 192
i: 193
i: 194
i: 195
i: 196
i: 197
i: 198
i: 199
i: 200
i: 201
i: 202
i: 203
i: 204
i: 205
i: 206
i: 207
i: 208
i: 209
i: 210
i: 211
i: 212
i: 213
i: 214
i: 215
i: 216
i: 217
i: 218
i: 219
i: 220
i: 221
i: 222
i: 223
i: 224
i: 225
i: 226
i: 227
i: 228
i: 229
i: 230
i: 231
i: 232
i: 233
i: 234
i: 235
i: 236
i: 237
i: 238
i: 239
i: 240
i: 241
i: 242
i: 243
i: 244
i: 245
i: 246
i: 247
i: 248
i: 249
i: 250
i: 251
i: 252
i: 253
i: 254
i: 255
i: 256
i: 257
i: 258
i: 259
i: 260
i: 41
i: 42
i: 43
i: 44
i: 45
i: 46
i: 47
i: 48
i: 49
i: 50
i: 51
i: 52
i: 53
i: 54
i: 55
i: 56
i: 57
i: 58
i: 59
i: 60
i: 61
i: 62
i: 63
i: 64
i: 65
i: 66
i: 67
i: 68
i: 69
i: 70
i: 71
i: 72
i: 73
i: 74
i: 75
i: 76
i: 77
i: 78
i: 79
i: 80
i: 81
i: 82
i: 83
i: 84
i: 85
i: 86
i: 87
i: 88
i: 89
i: 90
i: 91
i: 92
i: 93
i: 94
i: 95
i: 96
i: 97
i: 98
i: 99
i: 100
i: 101
i: 102
i: 103
i: 104
i: 105
i: 106
i: 107
i: 108
i: 109
i: 110
i: 111
i: 112
i: 113
i: 114
i: 115
i: 116
i: i: 0
0
i: 1i: 
1i: 
2i: 
2i: 
3i: 
3i: 
4i: 
4
i: 5
i: 6
i: 7
i: 8
i: 9
i: 10
i: 11
i: 12
i: 13
i: 14
i: 15
i: 16
i: 17
i: 18
i: i: 195

i: i: 206

i: i: 217

i: i: 228

i: 9
i: 10
i: 11
i: 12
i: 13
i: 14
i: 15
i: 16
i: 17
i: 18
i: 19
i: 20
i: 21
i: 22
i: i: 2323

i: i: 2424

i: i: 2525

i: i: 2626

i: i: 2727

i: i: 2828

i: i: 2929

i: i: 3030

i: i: 3131

i: 32
i: 32
i: 33
i: 34
i: 35
i: 36
i: 37
i: 38
i: 39
i: 40
i: 33
i: 34
i: 35
i: 36
i: 37
i: 38
i: 39
i: 40
i: 117
i: 118
i: 119
i: 120
i: 121
i: 122
i: 123
i: 124
i: 125
i: 126
i: 127
i: 128
i: 129
i: 130
i: 131
i: 132
i: 133
i: 134
i: 135
i: 136
i: 137
i: 138
i: 139
i: 140
i: 141
i: 142
i: 143
i: 144
i: 145
i: 146
i: 147
i: 148
i: 149
i: 150
i: 151
i: 152
i: 153
i: 154
i: 155
i: 156
i: 157
i: 158
i: 159
i: 160
i: 161
i: 162
i: 163
i: 164
i: 165
i: 166
i: 167
i: 168
i: 41
i: 42
i: i: 43169

i: i: 44170

i: i: 45171

i: 46
i: 47
i: 48
i: 49
i: 50
i: 51
i: 172
i: 173
i: 174
i: 175
i: 176
i: 177
i: 178
i: 179
i: 180
i: 181
i: 182i: 
52
i: 41
i: 42
i: 43
i: i: 18344

i: i: 18445

i: i: 18546

i: i: 18647

i: i: 18748

i: i: 18849

i: i: 18950

i: i: 19051

i: 191
i: i: 53192

i: 54
i: 55
i: 56
i: 57
i: 58
i: 59
i: 60
i: 61
i: 193
i: 52
i: 62
i: 63
i: i: 19453

i: i: 19554

i: i: 19655

i: i: 19756

i: i: 19857

i: i: 19958

i: 59
i: 60
i: 61
i: 64
i: 65
i: 66i: 
200i: 
67i: 
201i: 
68i: 
202
i: 203
i: 204
i: 205
i: 206
i: i: 62207

i: i: 63208

i: 209
i: 210
i: 211
i: i: 69212

i: i: 70213

i: i: 71214

i: i: 72215

i: i: 73216

i: 217
i: i: 64218

i: i: 65219

i: i: 66220

i: i: 67221

i: i: 68222

i: 223
i: 224
i: 225i: 
74i: 
226i: 
75
i: 76
i: 77
i: 78
i: 227
i: 228
i: 229
i: 230
i: 231
i: 232
i: i: 7969

i: i: 8070

i: i: 8171

i: i: 8272

i: 73
i: 233
i: 234
i: 235
i: 236
i: 237
i: 238
i: 239
i: 240
i: 241
i: 242
i: 243
i: 244
i: 245
i: i: 74246

i: i: 75247

i: i: 76248

i: 77
i: 78
Initiate classi: 249

i: 79Initiate class2

i: Initiate class2: 80
i: 81
i: 82
i: 3250

i: 251Instance of the previous classes1

Testing in
Instance of the previous classes
i: Instance of the previous classes2252

End: Initiate classi: 
253Start: initiate functions

i: 254
i: 255
i: 256
i: 257End: initiate functions

i: 258
i: 259
i: 260
i: 83
i: 84
i: 85
i: 86
i: 87
i: 88
i: 89
i: 90
i: 91
i: 92
i: 93
i: 94
i: 95
i: 96
i: 97
i: 98
i: 99
i: 100
i: 101
i: 102
i: 103
i: 104
i: 105
i: 106
i: 107
i: 108
i: 109
i: 110
i: 111
i: 112
i: 113
i: 114
i: 115
i: 116
i: 83
i: 84
i: 85
i: 86
i: 87
i: 88
i: 89
i: 90
i: 91
i: 92
i: 93
i: 94
i: 95
i: 96
i: 97
i: 98
i: 99
i: 100
i: 101
i: 102
i: 103
i: 104
i: 105
i: 106
i: 107
i: 108
i: 109
i: 110
i: 111
i: 112
i: 113
i: 114
i: 115
i: 116
i: 83
i: 84
i: 85
i: 86
i: 87
i: 88
i: 89
i: 90i: 
117i: 
91i: 
118i: 
92i: 
119
i: 120
i: 121
i: 122
i: 123
i: 124
i: 125
i: 126
i: 127
i: 128
i: i: 12993

i: i: 13094

i: i: 13195

i: 132
i: 133
i: 134
i: 135
i: 136
i: 137
i: 138
i: 139
i: 140
i: 141
i: 142
i: i: 14396

i: i: 14497

i: 145
i: 146
i: 147
i: 148
i: 149
i: 150
i: 98
i: 99
i: 100
i: 101
i: 102
i: 151
i: 152
i: 153
i: 154
i: 155
i: 156
i: 157
i: 158
i: 159
i: 160i: 
103i: 
161i: 
104i: 
162i: 
105i: 
163i: 
106i: 
164i: 
107i: 
165i: 
108i: 
166i: 
109i: 
167i: i: 
110261i: 

168i: 
262
i: 263
i: 264
i: 265
i: 266
i: 267
i: 268
i: 269
i: 270
i: 271
i: 111
i: 112
i: 113
i: 114
i: 115
i: 116
i: 272
i: 273
i: 169
i: 170
i: 171
i: 274
i: 275
i: 276
i: 277
i: 278
i: 279
i: 280
i: 281
i: i: 282172

i: i: 283173

i: i: 284174

i: i: 285175

i: 286
i: 176
i: 177
i: 178
i: 179
i: 180
i: 181
i: 182
i: 287
i: 288i: 
183i: 
289i: 
184i: 
290i: 
185i: 
291i: 
186i: 
292i: 
187i: 
293i: 
188i: 
294i: 
189i: 
295i: 
190i: 
296i: 
191i: 
297i: 
192i: 
298
i: 299
i: 300
i: 301
i: 302
i: 303
i: 304
i: 305i: 
193i: 
306
i: 307
i: 308
i: 309
i: 310
i: 311
i: 312
i: 194
i: 195
i: i: 196313

i: i: 197314

i: 198
i: 199
i: 117
i: 118
i: 119
i: 120
i: 121
i: 122
i: 123
i: 124
i: 125
i: i: 126315

i: 127
i: i: 128200

i: i: 129201

i: i: 130202

i: i: 131203

i: i: 132204

i: i: 133205

i: i: 134206

i: i: 135207

i: i: 136208

i: i: 137209

i: i: 138210

i: i: 139211

i: i: 140212

i: i: 141213

i: i: 142214

i: i: 143215

i: i: 144216

i: i: i: 145316217


i: i: 146218

i: i: 147219

i: i: 148220

i: i: 149221

i: i: 150222

i: 223
i: 224
i: 225
i: 226
i: 227
i: 228
i: 229
i: i: 317230

i: i: 318231

i: i: 319232

i: 320
i: 321
i: 322
i: 323
i: 324
i: 325
i: 326
i: 327
i: 328
i: 329
i: 330
i: i: 151233

i: i: 152234

i: i: 153235

i: i: 154236
i: 
i: i: 331155237


i: i: i: 332156238


i: i: i: 333157239


i: i: 158240

i: i: 159241

i: i: 160242

i: i: 161243

i: i: 162244

i: i: 163245

i: i: 164246

i: i: 165247

i: i: 334i: 166
248
i: 
i: 335167

i: i: 336168

i: 337
i: 338
i: 339
i: 340
i: 341
i: 249
i: 169
i: 170
i: i: 171342

i: 343
i: 344
i: 345
i: 346
i: 347
i: 348
i: i: 349250

i: i: 350251

i: 172i: 
351i: 
173i: 
352i: 
174
i: 175
i: 176
i: 177
i: 178
i: i: 179252

i: i: 180253

i: i: 181254

i: 182
i: 255
i: 256i: 
183i: 
257i: 
184i: 
258i: 
185i: 
259i: 
186i: 
260i: 
187
i: 188
i: 189
i: 190
i: 191
i: 192
i: 193
i: 194
i: 195
i: 196i: 
117i: 
197
i: i: 118198

i: i: 119199

i: 120
i: 121
i: 122
i: 123
i: 124
i: 125
i: 126
i: 127
i: 128
i: 129
i: 130
i: 131
i: 132
i: 133
i: 134
i: 135
i: 136
i: 137
i: 138
i: 139
i: 140
i: 141
i: i: 200142

i: i: 201143

i: i: 202144

i: i: 203145

i: i: 204146

i: i: 205147

i: i: 206148

i: i: 207149

i: i: 208150

i: 209
i: 210
i: 211
i: 212
i: 213
i: 214
i: 215
i: 216
i: 217
i: i: 151218

i: i: 152219

i: i: 153220

i: i: 154221

i: i: 155222

i: i: 156223

i: i: 157224

i: i: 158225

i: i: 159226

i: 160
i: 161
i: 162i: 
353i: 
163i: 
354i: 
164i: 
355i: 
165i: 
356i: 
166i: 
357i: 
i: 167i: 227
358
i: 
i: 168i: 228
359

i: i: 229360

i: i: 230361

i: i: 231362

i: i: 232363

i: 169
i: 170
i: 171
i: 233
i: 234
i: 235
i: 236
i: 237
i: 238i: 
172i: 
239i: i: 364
173
i: 
i: 240i: 365
174
i: 
i: 241i: 366
175
i: 
i: 242367

i: 243
i: 244
i: 245
i: 246
i: 247
i: 248
i: 176
i: 177
i: 178
i: 179
i: 180
i: 181
i: 182
i: 249
i: 183
i: 184
i: 185
i: 186
i: 187
i: 188
i: 189
i: 190
i: 191
i: 192
i: 250
i: 251
i: 193
i: 252
i: 253i: 
194i: 
254i: 
195
i: 196
i: 197
i: 198
i: 199
i: 255
i: 256
i: 257
i: 258
i: 259
i: 260
i: 200
i: 201
i: 202
i: 203
i: 204
i: 205
i: 206
i: 207
i: 208
i: 209
i: 210
i: 211
i: 212
i: 213
i: 214
i: 215
i: 216
i: 217
i: 218
i: 219
i: 220
i: 221
i: 222
i: 223
i: 224
i: 225
i: 226
i: 227
i: 228
i: 229
i: 230
i: 231
i: 232
i: 233
i: 234
i: 235
i: 236
i: 237
i: 238
i: 239
i: 240
i: 241
i: 242
i: 243
i: 244
i: 245
i: 246
i: 247
i: 248
i: 249
i: 368
i: 369
i: 370
i: 371
i: 372
i: i: 250373

i: i: 251374

i: 375
i: 252
i: 253
i: 254
i: 376
i: 377
i: 378
i: 379
i: 380
i: 381
i: 382
i: 383
i: 384
i: 385
i: 386
i: 387
i: 388
i: 389
i: 390
i: 391
i: 392
i: 393
i: 394
i: 395
i: 396
i: 397
i: 398
i: 399
i: 400
i: 401
i: 402
i: 403
i: 404
i: 405
i: 406
i: 407
i: 408
i: 409
i: 410
i: 411
i: 412
i: 413
i: 414
i: 415
i: 416
i: 417
i: 418
i: 419
i: 420
i: 421
i: 422
i: 423
i: 424
i: 425
i: 426
i: 427
i: 428
i: 429
i: 430
i: 431
i: 432
i: 433
i: 434
i: 435
i: 436
i: 437
i: 438
i: 439
i: 440
i: 441
i: 0
i: 1
i: 2
i: 3
i: 4
i: 5
i: 6
i: 7
i: 8
i: 9
i: 10
i: 11
i: 12
i: 13
i: 14
i: 15
i: 16
i: 17
i: 18
i: 19
i: 20
i: 21
i: 22
i: 23
i: 24
i: 25
i: 26
i: 27
i: 28
i: 29
i: 30
i: 31
i: 32
i: 33
i: 34
i: 35
i: 36
i: 37
i: 38
i: 39
i: 40
i: 41
i: 42
i: 43
i: 44
i: 45
i: 46
i: 47
i: 48
i: 49
i: 50
i: 51
i: 52
i: 53
i: 54
i: 55
i: 56
i: 57
i: 58
i: 59
i: 60
i: 61
Initiate classi: 62
i: 63

Initiate class2
Initiate class2: 4
Instance of the previous classes1
Testing in
Instance of the previous classes
Instance of the previous classes2
End: Initiate class
Start: initiate functionsi: 
64
i: 65
i: 66
i: 67
i: 68
End: initiate functions
i: 69
i: 70
i: 71
i: 72
i: 73
i: 74
i: 75
i: 76
i: 77
i: 78
i: 79
i: 80
i: 81
i: 82
Initiate class
Initiate class2
Initiate class2: 4
Instance of the previous classes1
Testing in
Instance of the previous classes
Instance of the previous classes2
End: Initiate class
Start: initiate functions
End: initiate functions
i: 0
i: 1
i: 2
i: 3
i: 4
i: 5
i: 6
i: 7
i: 8
i: 9
i: 10
i: 11
i: 12
i: 13
i: 14
i: 15
i: 16
i: 17
i: 18
i: 19
i: 20
i: 21
i: 22
i: 0
i: 1
i: 2
i: 3
i: 4
i: 5
i: 6
i: 7
i: 8
i: 9
i: 10
i: 11
i: 12
i: 13
i: 14
i: 15
i: 16
i: 17
i: 18
i: 19
i: 20
i: 21
i: 22
i: 23
i: 24
i: 25
i: 26
i: 27
i: 28
i: 29
i: 30
i: 31
i: 32
i: 23
i: 24
i: 25
i: 26
i: 27
i: 28
i: 29
i: 30
i: 31
i: 33
i: 34
i: 35
i: i: 3236

i: 37
i: 38
i: 39
i: 40
i: 33
i: 34
i: 35
i: 36
i: 37
i: 38
i: 39
i: 40
i: 41
i: 42
i: 43
i: 44
i: 45
i: 46
i: 47
i: 48
i: 49
i: 50
i: 51
i: 52
i: 53
i: 54
i: 55
i: 56
i: 57
i: 58
i: 59
i: 60
i: 61
i: 62
i: 63
i: 64
i: 65
i: 66
i: 67
i: 68
i: 69
i: 70
i: 71
i: 72
i: 73
i: 74
i: 75
i: 76
i: 77
i: 78
i: 79
i: 80
i: 81
i: 82
i: 41
i: 42
i: 43
i: 44
i: 45
i: 46
i: 47
i: 48
i: 49
i: 50
i: 51
i: 52
i: 53
i: 54
i: 55
i: 56
i: 57
i: 58
i: 59
i: 60
i: 61
i: 62
i: 63
i: 64
i: 65
i: 66
i: 67
i: 68
i: 69
i: 70
i: 71
i: 72
i: 73
i: 74
i: 75
i: 76
i: 77
i: 78
i: 79
i: 80
i: 81
i: 82
i: 83
i: 84
i: 85
i: 86
i: 87
i: 88
i: 89
i: 90
i: 91
i: 92
i: 93
i: 94
i: 95
i: 96
i: 97
i: 98
i: 99
i: 100
i: 101
i: 102
i: 103
i: 104
i: 105
i: 106
i: 107
i: 108
i: 109
i: 110
i: 111
i: 112
i: 113
i: 114
i: 115
i: 116
i: 117
i: 118
i: 119
i: 120
i: 121
i: 122
i: 123
i: 124
i: 125
i: 126
i: 127
i: 128
i: 129
i: 130
i: 131
i: 132
i: 133
i: 134
i: 135
i: 136
i: 137
i: 138
i: 139
i: 140
i: 141
i: 142
i: 143
i: 144
i: 145
i: 146
i: 147
i: 148
i: 149
i: 150
i: 151
i: 152
i: 153
i: 154
i: 155
i: 156
i: 157
i: 158
i: 159
i: 160
i: 161
i: 162
i: 163
i: 164
i: 165
i: 166
i: 167
i: 168
i: 169
i: 170
i: 171
i: 172
i: 173
i: 174
i: 175
i: 83
i: 84
i: 85
i: 86
i: 87
i: 88
i: 176
i: 177
i: 178
i: 179
i: 180
i: 181
i: 182
i: 89
i: 90
i: 91
i: 92
i: 183
i: 184
i: 185
i: 186
i: 187i: 
93i: 
188i: 
94i: 
189i: 
95i: 
190
i: 191
i: 192
i: 96
i: 97
i: 193
i: 194
i: 195
i: 196
i: 197
i: 198
i: 199
i: 200
i: 201
i: 202i: 
98i: 
203i: 
99i: 
204i: 
100i: 
205i: 
101i: 
206i: 
102i: 
207
i: 208
i: 209
i: 210
i: 211
i: 212
i: 213
i: 214
i: 215
i: 216
i: 217
i: 218
i: 219
i: 220
i: 221
i: 222
i: 223
i: 224
i: 225
i: 226
i: 103
i: 104
i: 105
i: 106
i: 107
i: 108
i: 109
i: 110
i: 111
i: 112i: 
227i: 
113i: 
228i: 
114i: 
229i: 
115i: 
230i: 
116i: 
231
i: 232
i: 233
i: 234
i: 235
i: 236
i: 237
i: 238
i: 239
i: 240
i: 241
i: 242
i: 243
i: 244
i: 245
i: 246
i: 247
i: 248
i: 249
i: 250
i: 251
i: 252
i: 253
i: 254
i: 255
i: 256
i: 257
i: 258
i: 259
i: 260
i: 83
i: 84
i: 85
i: 86
i: 87
i: 88
i: 89
i: 90
i: 91
i: 92
i: 93
i: 94
i: 95
i: 96
i: 97
i: 98
i: 99
i: 100
i: 101
i: 102
i: 103
i: 104
i: 105
i: 106
i: 107
i: 108
i: 109
i: 110
i: 111
i: 112
i: 113
i: 114
i: 115
i: 116
i: 117
i: 118
i: 119
i: 120
i: 121
i: 122
i: 123
i: 124
i: 125
i: 126
i: 127
i: 128
i: 129
i: 130
i: 131
i: 132
i: 133
i: 134
i: 135
i: 136
i: 137
i: 138
i: 139
i: 140
i: 141
i: 142
i: 143
i: 144
i: 145
i: 146
i: 147
i: 148
i: 149
i: 150
i: 151
i: 152
i: 153
i: 154
i: 155
i: 156
i: 157
i: 158
i: 159
i: 160
i: 161
i: 162
i: 163
i: 164
i: 165
i: 166
i: 167
i: 168
i: 169
i: 170
i: 171
i: 172
i: 173
i: 174
i: 175
i: 176
i: 177
i: 178
i: 179
i: 180
i: 181
i: 182
i: 183
i: 184
i: 185
i: 186
i: 187
i: 188
i: 189
i: 190
i: 191
i: 192
i: 193
i: 194
i: 195
i: 196
i: 197
i: 198
i: 199
i: 200
i: 201
i: 202
i: 203
i: 204
i: 205
i: 206
i: 207
i: 208
i: 209
i: 210
i: 211
i: 212
i: 213
i: 214
i: 215
i: 216
i: 217
i: 218
i: 219
i: 220
i: 221
i: 222
i: 223
i: 224
i: 225
i: 226
i: 227
i: 228
i: 229
i: 230
i: 231
i: 232
i: 233
i: 234
i: 235
i: 236
i: 237
i: 238
i: 239
i: 240
i: 241
i: 242
i: 243
i: 244
i: 245
i: 246
i: 247
i: 248
i: 249
i: 250
i: 251
i: 261
i: 262
i: 263
i: 264
i: 265
i: 266
i: 267
i: 268
i: 269
i: 270
i: 271
i: 272
i: 273
i: 274
i: 275
i: 276
i: 277
i: 278
i: 279
i: 280
i: 281
i: 282
i: 283
i: 284
i: 285
i: 286
i: 287
i: 288
i: 289
i: 290
i: 291
i: 292
i: 293
i: 294
i: 295
i: 296
i: 297
i: 298
i: 299
i: 300
i: 301
i: 302
i: 303
i: 304
i: 305
i: 306
i: 307
i: 308
i: 309
i: 310
i: 311
i: 312
i: 313
i: 314
i: 315
i: 316
i: 317
i: 318
i: 319
i: 320
i: 321
i: 322
i: 323
i: 324
i: 325
i: 326
i: 327
i: 328
i: 329
i: 330
i: 331
i: 332
i: 333
i: 334
i: 335
i: 336
i: 337
i: 338
i: 339
i: 340
i: 341
i: 342
i: 343
i: 344
i: 345
i: 346
i: 347
i: 348
i: 349
i: 350
i: 351
i: 352
i: 353
i: 354
i: 355
i: 356
i: 357
i: 358
i: 359
i: 360
i: 361
i: 362
i: 363
i: 364
i: 365
i: 366
i: 367
i: 368
i: 369
i: 370
i: 371
i: 372
i: 373
i: 374
i: 375
i: 376
i: 377
i: 378
i: 379
i: 380
i: 381
i: 382
i: 383
i: 384
i: 385
i: 386
i: 387
i: 388
i: 389
i: 390
i: 391
i: 392
i: 393
i: 394
i: 395
i: 396
i: 397
i: 398
i: 399
i: 400
i: 401
i: 402
i: 403
i: 404
i: 405
i: 406
i: 407
i: 408
i: 409
i: 410
i: 411
i: 412
i: 413
i: 414
i: 415
i: 416
i: 417
i: 418
i: 419
i: 420
i: 421
i: 422
i: 423
i: 424
i: 425
i: 426
i: 427
i: 428
i: 429
i: 430
i: 431
i: 432
i: 433
i: 434
i: 435
i: 436
i: 437
i: 438
i: 439
i: 440
i: 441
i: 442
i: 443
i: 444
i: 445
i: 446
i: 447
i: 448
i: 449
i: 450
i: 451
i: 452
i: 453
i: 454
i: 455
i: 456
i: 457
i: 458
i: 459
i: 460
i: 461
i: 462
i: 463
i: 464
i: 465
i: 466
i: 467
i: 468
i: 469
i: 470
i: 471
i: 472
i: 473
i: 474
i: 475
i: 476
i: 477
i: 478
i: 479
i: 480
i: 481
i: 482
i: 483
i: 484
i: 485
i: 486
i: 487
i: 488
i: 489
i: 490
i: 491
i: 492
i: 493
i: 494
i: 495
i: 496
i: 497
i: 498
i: 499
i: 500
i: 501
i: 502
i: 255
i: 256
i: 257
i: 258
i: 259
i: 260
i: 442
i: 443
i: 444
i: 445
i: 446
i: 447
i: 448
i: 449
i: 450
i: 451
i: 452
i: 453
i: 454
i: 455
i: 456
i: 457
i: 458
i: 459
i: 460
i: 461
i: 462
i: 463
i: 464
i: 465
i: 466
i: 467
i: 468
i: 469
i: 470
i: 471
i: 472
i: 473
i: 474
i: 475
i: 476
i: 477
i: 478
i: 479
i: 480
i: 481
i: 482
i: 483
i: 484
i: 485
i: 486
i: 487
i: 488
i: 489
i: 490
i: 491
i: 492
i: 493
i: 494
i: 495
i: 496
i: 497
i: 498
i: 499
i: 500
i: 501
i: 502
i: 503
i: 504
i: 505
i: 506
i: 507
i: 508
i: 509
i: 510
i: 511
i: 512
i: 513
i: 514
i: 515
i: 516
i: 517
i: 518
i: 519
i: 261
i: 262
i: 263
i: 264
i: 265
i: 266
i: 267
i: 268
i: 269
i: 270
i: 271
i: 272
i: 273
i: 274
i: 275
i: 276
i: 277
i: 278
i: 279
i: 280
i: 281
i: 282
i: 283
i: 284
i: 285
i: 286
i: 287
i: 288
i: 289
i: 290
i: 291
i: 292
i: 293
i: 294
i: 295
i: 296
i: 297
i: 298
i: 299
i: 300
i: 301
i: 302
i: 303
i: 304
i: 305
i: 306
i: 307
i: 308
i: 309
i: 310
i: 311
i: 312
i: 313
i: 314
i: 315
i: 316
i: 317
i: 318
i: 319
i: 320
i: 321
i: 322
i: 323
i: 324
i: 325
i: 326
i: 327
i: 328
i: 329
i: 330
i: 331
i: 332
i: 333
i: 334
i: 335
i: 336
i: 337
i: 338
i: 339
i: 340
i: 341
i: 342
i: 343
i: 344
i: 345
i: 346
i: 347
i: 348
i: 349
i: 350
i: 351
i: 352
i: 353
i: 354
i: 355
i: 356
i: 357
i: 358
i: 359
i: 360
i: 361
i: 362
i: 363
i: 364
i: 365
i: 366
i: 367
i: 368
i: 369
i: 370
i: 371
i: 372
i: 373
i: 374
i: 375
i: 376
i: 377
i: 378
i: 379
i: 380
i: 381
i: 382
i: 383
i: 384
i: 385
i: 386
i: 387
i: 388
i: 389
i: 390
i: 391
i: 392
i: 393
i: 394
i: 395
i: 396
i: 397
i: 398
i: 399
i: 400
i: 401
i: 402
i: 403
i: 404
i: 405
i: 406
i: 407
i: 408
i: 409
i: 410
i: 411
i: 412
i: 413
i: 414
i: 415
i: 416
i: 417
i: 418
i: 419
i: 420
i: 421
i: 422
i: 423
i: 424
i: 425
i: 426
i: 427
i: 428
i: 429
i: 430
i: 431
i: 432
i: 433
i: 434
i: 435
i: 436
i: 437
i: 438
i: 439
i: 440
i: 441
i: 442
i: 443
i: 444
i: 445
i: 446
i: 447
i: 448
i: 449
i: 450
i: 451
i: 452
i: 453
i: 454
i: 455
i: 456
i: 457
i: 458
i: 459
i: 460
i: 461
i: 462
i: 463
i: 464
i: 465
i: 466
i: 467
i: 468
i: 469
i: 470
i: 471
i: i: 261472

i: i: 473262

i: i: 474263

i: i: 475264

i: i: 476265

i: i: 477266

i: i: 478267

i: i: 479268

i: i: 480269

i: 270
i: 271
i: 481
i: 482
i: 483
i: 484
i: 272
i: 273i: 
485
i: 486
i: 487
i: 488
i: 489
i: 490
i: 274
i: 275
i: 276
i: i: 491277

i: 278
i: 279
i: 280
i: 281
i: 282
i: 283
i: 284
i: 285
i: 286
i: 492
i: 493
i: 287
i: 288
i: 289
i: 290
i: 291
i: 292
i: 293
i: 294
i: 295
i: 296
i: 297
i: 298
i: 299
i: 300
i: 301
i: i: 494302

i: i: 495303

i: i: 496304

i: i: 497305

i: i: 498306

i: 307
i: 308
i: 309
i: 310
i: 311
i: 312
i: 499
i: 500
i: 501
i: 502
i: 313
i: 314
i: 315
i: 316
i: 317
i: 318
i: 319
i: 320
i: 321
i: 322
i: 323
i: 324
i: 325
i: 326
i: 327
i: 328
i: 329
i: 330
i: 331
i: 332
i: 333
i: 334
i: 335
i: 336
i: 337
i: 338
i: 339
i: 340
i: 341
i: 342
i: 343
i: 344
i: 345
i: 346
i: 347
i: 348
i: 349
i: 350
i: 351
i: 352
i: 261
i: 262
i: 263
i: 264
i: 265
i: i: 266353

i: i: 267354

i: i: 268355

i: i: 269356

i: i: 270357

i: i: 271358

i: 359
i: 360
i: 361
i: 362
i: 363
i: 272
i: 273
i: 274
i: 275
i: 276
i: 277
i: 278
i: 279
i: 280
i: 281
i: i: 364282

i: i: 365283

i: i: 366284

i: i: 367285

i: 286
i: 287
i: 288
i: 289
i: 290
i: 291
i: 292
i: 293
i: 294
i: 295
i: 296
i: 297
i: 298
i: 299
i: 300
i: 301
i: 302
i: 303
i: 304
i: 305
i: 306
i: 307
i: 308
i: 309
i: 310
i: 311
i: 312
i: 313
i: 314
i: 315
i: 368
i: 369
i: 370
i: 371
i: 372
i: 373i: 
316i: 
374
i: 375
i: 376
i: 377
i: 378
i: 317
i: 318
i: 319
i: 320i: 
379i: 
321i: 
380i: 
322i: 
381i: 
323i: 
382
i: i: 324383

i: i: 325384

i: i: 326385

i: i: 327386

i: i: 328387

i: i: 329388

i: i: 330389

i: 390
i: 391
i: 392
i: 393
i: 394
i: 395
i: 396
i: 397
i: i: 331398

i: i: 332399

i: i: 333400

i: 401
i: 402
i: 403
i: 404
i: 405
i: 406
i: 407
i: i: 408334

i: i: 409335

i: i: 410336

i: i: 411337

i: i: 412338

i: i: 413339

i: i: 414340

i: i: 415341

i: 416
i: 417
i: 418
i: 419
i: 420
i: 421
i: 422
i: 423
i: 424
i: 425
i: 426
i: 427
i: 342
i: 343
i: i: 428344

i: 345
i: 346
i: 347
i: 348
i: 349
i: 350
i: 351
i: 352
i: 429
i: 430
i: 431
i: 432
i: 433
i: 434
i: 435
i: 436
i: 437
i: 438
i: 439
i: 440
i: 441
i: 442
i: 443
i: 444
i: 445
i: 446
i: 447
i: 448
i: 449
i: 450
i: 451
i: 452
i: 453
i: 454
i: 455
i: 456
i: 457
i: 458
i: 459
i: 460
i: 461
i: 462
i: 463
i: 464
i: 465
i: 466
i: 467
i: 468
i: 469
i: 470
i: 471
i: 472
i: 473
i: 474
i: 475
i: 476
i: 477
i: 478
i: 479
i: 480
i: 481
i: 482
i: 483
i: 484
i: 485
i: 486
i: 487
i: 488
i: 489
i: 490
i: 491
i: 492
i: 493
i: 494
i: 495
i: 496
i: 497
i: 498
i: 499
i: 500
i: 501
i: 502
i: 353
i: 354
i: 355
i: 356
i: 357
i: 358
i: 359
i: 360
i: 361
i: 362
i: 363
i: 364
i: 365
i: 366
i: 367
i: 368
i: 369
i: 370
i: 371
i: 372
i: 373
i: 374
i: 375
i: 376
i: 377
i: 378
i: 379
i: 380
i: 381
i: 382
i: 383
i: 384
i: 385
i: 386
i: 387
i: 388
i: 389
i: 390
i: 391
i: 392
i: 393
i: 394
i: 395
i: 396
i: 397
i: 398
i: 399
i: 400
i: 401
i: 402
i: 403
i: 404
i: 405
i: 406
i: 407
i: 408
i: 409
i: 410
i: 411
i: 412
i: 413
i: 414
i: 415
i: 416
i: 417
i: 418
i: 419
i: 420
i: 421
i: 422
i: 423
i: 424
i: 425
i: 426
i: 427
i: 428
i: 429
i: 430
i: 431
i: 432
i: 433
i: 434
i: 435
i: 436
i: 437
i: 438
i: 439
i: 440
i: 441
i: 252
i: 253
i: 254
i: 255
i: 256
i: 257
i: 258
i: 259
i: 260
i: 117
i: 118
i: 119
i: 120
i: 121
i: 122
i: 123
i: 124
i: 125
i: 126
i: 127
i: 128
i: 129
i: 130
i: 131
i: 132
i: 133
i: 134
i: 135
i: 136
i: 137
i: 138
i: 139
i: 140
i: 141
i: 142
i: 143
i: 144
i: 145
i: 146
i: 147
i: 148
i: 149
i: 150
i: 151
i: 152
i: 153
i: 154
i: 155
i: 156
i: 157
i: 158
i: 159
i: 160
i: 161
i: 162
i: 163
i: 164
i: 165
i: 166
i: 167
i: 168
i: 169
i: 170
i: 171
i: 172
i: 173
i: 174
i: 175
i: 176
i: 177
i: 178
i: 179
i: 180
i: 181
i: 182
i: 183
i: 184
i: 185
i: 186
i: 187
i: 188
i: 189
i: 190
i: 191
i: 192
i: 193
i: 194
i: 195
i: 196
i: 197
i: 198
i: 199
i: 200
i: 201
i: 202
i: 203
i: 204
i: 205
i: 206
i: 207
i: 208
i: 209
i: 210
i: 211
i: 212
i: 213
i: 214
i: 215
i: 216
i: 217
i: 218
i: 219
i: 220
i: 221
i: 222
i: 223
i: 224
i: 225
i: 226
i: 227
i: 228
i: 229
i: 230
i: 231
i: 232
i: 233
i: 234
i: 235
i: 236
i: 237
i: 238
i: 239
i: 240
i: 241
i: 242
i: 243
i: 244
i: 245
i: 246
i: 247
i: 248
i: 249
i: 250
i: 251
i: 252
i: 253
i: 254
i: 255
i: 256
i: 257
i: 258
i: 259
i: 260
i: 442
i: 443
i: 444
i: 445
i: 446
i: 447
i: 448
i: 449
i: 450
i: 451
i: 452
i: 453
i: 454
i: 455
i: 456
i: 457
i: 458
i: 459
i: 460
i: 461
i: 462
i: 463
i: 464
i: 465
i: 466
i: 467
i: 468
i: 469
i: 470
i: 471
i: 472
i: 473
i: 474
i: 475
i: 476
i: 477
i: 478
i: 479
i: 480
i: 481
i: 482
i: 483
i: 484
i: 485
i: 486
i: 487
i: 488
i: 489
i: 490
i: 491
i: 492
i: 493
i: 494
i: 495
i: 496
i: 497
i: 498
i: 499
i: 500
i: 501
i: 502
i: 261
i: 262
i: 263
i: 264
i: 265
i: 266
i: 267
i: 268
i: 269
i: 270
i: 271
i: 272
i: 273
i: 274
i: 275
i: 276
i: 277
i: 278
i: 279
i: 280
i: 281
i: 282
i: 283
i: 284
i: 285
i: 286
i: 287
i: 288
i: 289
i: 290
i: 291
i: 292
i: 293
i: 294
i: 295
i: 296
i: 297
i: 298
i: 299
i: 300
i: 301
i: 302
i: 303
i: 304
i: 305
i: 306
i: 307
i: 308
i: 309
i: 310
i: 311
i: 312
i: 313
i: 314
i: 315
i: 316
i: 317
i: 318
i: 319
i: 320
i: 321
i: 322
i: 323
i: 324
i: 325
i: 326
i: 327
i: 328
i: 329
i: 330
i: 331
i: 332
i: 333
i: 334
i: 335
i: 336
i: 337
i: 338
i: 339
i: 340
i: 341
i: 342
i: 343
i: 344
i: 345
i: 346
i: 347
i: 348
i: 349
i: 350
i: 351
i: 352
i: 261
i: 262
i: 263
i: 264
i: 265
i: 266
i: 267
i: 268
i: 269
i: 270
i: 271
i: 272
i: 273
i: 274
i: 275
i: 276
i: 277
i: 278
i: 279
i: 280
i: 281
i: 282
i: 283
i: 284
i: 285
i: 286
i: 287
i: 288
i: 289
i: 290
i: 291
i: 292
i: 293
i: 294
i: 295
i: 296
i: 297
i: 298
i: 299
i: 300
i: 301
i: 302
i: 303
i: 304
i: 305
i: i: 353306

i: i: 354307

i: i: 355308

i: i: 356309

i: i: 357310

i: i: 358311

i: i: 359312

i: 360
i: 361
i: 362
i: 363
i: 313
i: 314
i: 315
i: 364
i: 365
i: 366
i: 367
i: 316
i: 317
i: 318
i: 319
i: 320
i: 321
i: 322
i: 323
i: 324
i: 325
i: 326
i: 327
i: 328
i: 329
i: 330
i: 331
i: 332
i: 333
i: 334
i: 335
i: 336
i: 337
i: 338
i: 339
i: 340
i: 341
i: 342
i: 343
i: 344
i: 345
i: 346
i: 347
i: 348
i: 349
i: 350
i: 351
i: 352
i: 368
i: 369
i: 370
i: 371
i: 372
i: 373
i: 374
i: 375
i: 376
i: 377
i: 378
i: 379
i: 380
i: 381
i: 382
i: 383
i: 384
i: 385
i: 386
i: 387
i: 388
i: 389
i: 390
i: 391
i: 392
i: 393
i: 394
i: 395
i: 396
i: 397
i: 398
i: 399
i: 400
i: 401
i: 402
i: 403
i: 404
i: 405
i: 406
i: 407
i: 408
i: 409
i: 410
i: 411
i: 412
i: 413
i: 414
i: 415
i: 416
i: 417
i: 418
i: 419
i: 420
i: 421
i: 422
i: 423
i: 424
i: 425
i: 426
i: 427
i: 428
i: 429
i: 430
i: 431
i: 432
i: 433
i: 434
i: 435
i: 436
i: 437
i: 438
i: 439
i: 440
i: 441
i: 503
i: 504
i: 505
i: 506
i: 507
i: 508
i: 509
i: 510
i: 511
i: 512
i: 513
i: 514
i: 515
i: 516
i: 517
i: 518
i: 519
i: 353
i: 354
i: 355
i: 356
i: 357
i: 358
i: 359
i: 360
i: 361
i: 362
i: 363
i: 364
i: 365
i: 366
i: 367
i: 368
i: 369
i: 370
i: 371
i: 372
i: 373
i: 374
i: 375
i: 442
i: 443
i: 444
i: 445
i: 446
i: 447
i: 448
i: 449
i: i: 450376

i: i: 451377

i: i: 452378

i: 453
i: 454
i: 455
i: 456
i: 457
i: 458
i: 459
i: 460i: 
379
i: 380
i: 381
i: 382
i: 383
i: 384
i: 385i: 
461i: 
386
i: 387
i: 388
i: 389
i: 390
i: 391
i: 392
i: 393
i: i: 462394

i: 395
i: 396
i: 397
i: 398
i: 399
i: 400
i: 401
i: i: 402463

i: 403
i: 404
i: 405
i: 406
i: 407
i: 408
i: 409
i: 410
i: 411
i: 412
i: 413
i: 414
i: 415
i: 416
i: 417
i: 418
i: 419
i: 420
i: 421
i: 422
i: 423
i: 424
i: 425
i: 426i: 
464i: 
427i: 
465
i: 466
i: 467
i: i: 428468

i: 469
i: 470
i: i: 429471

i: 430
i: 431
i: 432
i: 433
i: 434
i: 435
i: 436
i: i: 472437

i: i: 473438

i: i: 474439

i: i: 475440

i: i: 476441

i: 477
i: 478
i: 479
i: 480
i: 481
i: 482
i: 483
i: 484
i: 485
i: 486
i: 487
i: 488
i: 489
i: 490
i: 491
i: 503
i: i: 504492

i: i: 505493

i: 506
i: 507
i: 508
i: 509
i: 510
i: 511
i: i: 494512

i: i: 495513

i: i: 496514

i: i: 497515

i: i: 498516

i: 517
i: 518
i: 519
i: 499
i: 500
i: 501
i: 502
i: 520
i: 521
i: 522
i: 523
i: 524
i: 525
i: 526
i: 527
i: 528
i: 529
i: 530
i: 531
i: 532
i: 533
i: 534
i: 535
i: 536
i: 537
i: 538
i: 539
i: 503
i: 504
i: 505
i: 506
i: 507
i: 508
i: 509
i: 510
i: 511
i: 512
i: 513
i: 514
i: 515
i: 516
i: 517
i: 518
i: 519
i: 442
i: 443
i: 444
i: 445
i: 446
i: 447
i: 448
i: 449
i: 450
i: 451
i: 452
i: 453
i: 454
i: 455
i: 456
i: 457
i: 458
i: 459
i: 460
i: 461
i: 462
i: 463
i: 464
i: 465
i: 466
i: 467
i: 468
i: 469
i: 470
i: 471
i: 472
i: 473
i: 474
i: 475
i: i: 476261

i: 477i: 
262i: 
478i: 
263i: 
479i: 
264i: 
480i: 
265
i: 266
i: 267
i: 268
i: 269
i: 270
i: 271
i: 272
i: 273i: 
481
i: 482
i: 483
i: 484
i: 485
i: 486
i: 487
i: 488
i: 489
i: 490i: 
274
i: 275
i: 276
i: 277
i: 278
i: 279
i: 280
i: i: 491281

i: 282
i: 283
i: 284
i: 285
i: 286
i: 492
i: 493
i: 287
i: 288
i: 289
i: 290
i: 291
i: 292
i: 293
i: 294
i: 295
i: 296
i: 297i: 
494i: 
298i: 
495i: 
299i: 
496i: 
300i: 
497i: 
301i: 
498i: 
302
i: 303
i: 304
i: 305
i: 306
i: 307
i: 308
i: i: 309499

i: i: 310500

i: i: 311501

i: i: 312502

i: 313
i: 314
i: 315
i: 316
i: 317
i: 318
i: 319
i: 320
i: 321
i: 322
i: 323
i: 324
i: 325
i: 326
i: 327
i: 328
i: 329
i: 330
i: 331
i: 332
i: 333
i: 334
i: 335
i: 336
i: 337
i: 338
i: 339
i: 340
i: 341
i: 342
i: 343
i: 344
i: 345
i: 346
i: 347
i: 348
i: 349
i: 350
i: 351
i: 352
i: 503
i: 504
i: 505
i: 506
i: 507
i: 508
i: 509
i: 510
i: 511
i: 512
i: 513
i: 514
i: 515
i: 516
i: 517
i: 518
i: 519
i: 353
i: 354
i: 355
i: 356
i: 357
i: 358
i: 359
i: 360
i: 361
i: 362
i: 363
i: 364
i: 365
i: 366
i: 367
i: 368
i: 369
i: 370
i: 371
i: 372
i: 373
i: 374
i: 375
i: 376
i: 377
i: 378
i: 379
i: 380
i: 381
i: 382
i: 383
i: 384
i: 385
i: 386
i: 387
i: 388
i: 389
i: 390
i: 391
i: 392
i: 393
i: 394
i: 395
i: 396
i: 397
i: 398
i: 399
i: 400
i: 401
i: 402
i: 403
i: 404
i: 405
i: 406
i: 407
i: 408
i: 409
i: 410
i: 411
i: 412
i: 413
i: 414
i: 415
i: 416
i: 417
i: 418
i: 419
i: 420
i: 421
i: 422
i: 423
i: 424
i: 425
i: 426
i: 427
i: 428
i: 429
i: 430
i: 431
i: 432
i: 433
i: 434
i: 435
i: 436
i: 437
i: 438
i: 439
i: 440
i: 441
i: 520
i: 521
i: 522
i: 523
i: 524
i: 525
i: 526
i: 527
i: 528
i: 529
i: 530
i: 531
i: 532
i: 533
i: 534
i: 535
i: 536
i: 537
i: 538
i: 539
i: 540
i: 541
i: 542
i: 543
i: 544
i: 545
i: 546
i: 547
i: 548
i: 549
i: 550
i: 551
i: 552
i: 553
i: 554
i: 555
i: 556
i: 557
i: 558
i: 559
i: 560
i: 561
i: 562
i: 563
i: 564
i: 565
i: 566
i: 567
i: 568
i: 569
i: 570
i: 571
i: 572
i: 573
i: 574
i: 575
i: 576
i: 577
i: 578
i: 579
i: 580
i: 581
i: 582
i: 583
i: 584
i: 585
i: 586
i: 587
i: 588
i: 589
i: 590
i: 591
i: 592
i: 593
i: 594
i: 595
i: 596
i: 597
i: 598
i: 599
i: 600
i: 601
i: 602
i: 603
i: 604
i: 605
i: 606
i: 607
i: 608
i: 609
i: 610
i: 611
i: 612
i: 613
i: 614
i: 615
i: 616
i: 617
i: 618
i: 619
i: 620
i: 621
i: 622
i: 623
i: 624
i: 625
i: 626
i: 627
i: 628
i: 629
i: 630
i: 631
i: 632
i: 633
i: 634
i: 635
i: 636
i: 637
i: 638
i: 639
i: 640
i: 641
i: 642
i: 643
i: 644
i: 645
i: 646
i: 647
i: 648
i: 649
i: 650
i: 651
i: 652
i: 653
i: 654
i: 655
i: 656
i: 657
i: 658
i: 659
i: 660
i: 661
i: 662
i: 663
i: 664
i: 665
i: 666
i: 667
i: 668
i: 669
i: 670
i: 671
i: 672
i: 673
i: 674
i: 675
i: 676
i: 677
i: 678
i: 679
i: 680
i: 681
i: 682
i: 683
i: 684
i: 685
i: 686
i: 687
i: 688
i: 689
i: 690
i: 691
i: 692
i: 693
i: 694
i: 442
i: 443
i: 444
i: 445
i: 446
i: i: 447695

i: i: 448696

i: i: 449697

i: 450
i: 451
i: 452
i: 453
i: 454
i: 455
i: 456
i: 457
i: i: 698458

i: i: 699459

i: i: 700460

i: 701
i: 702
i: 703
i: 704
i: 705
i: 706
i: 707
i: 708
i: 709
i: i: 461710

i: 711
i: 712
i: 713
i: 714
i: 462
i: 715
i: 716
i: 717
i: 718
i: 719
i: 720
i: 721
i: 722
i: 723
i: 724
i: 725i: 
463i: 
726
i: 727
i: 728
i: 729
i: 730
i: 731
i: 732
i: 733
i: 734
i: 735
i: 736
i: 737
i: i: 464738

i: i: 465739

i: 740
i: 741
i: 742
i: 743
i: 744
i: 745
i: 746
i: 747
i: i: 748466

i: i: 749467

i: 468
i: 469
i: 470
i: 471
i: 750
i: 751
i: 752
i: 753
i: 754
i: 755i: 
472i: 
756i: 
473i: 
757i: 
474i: 
758i: 
475i: 
759i: 
476i: 
760i: 
477
i: 478
i: 479
i: 480
i: 761
i: 762
i: 763
i: 764
i: 765
i: 766
i: 767
i: 768
i: 769
i: 770
i: 771
i: 772
i: 481
i: 482
i: 483
i: 484
i: 485
i: 486
i: 487
i: 488
i: 489
i: 490
i: 491
i: 492
i: 493
i: 494
i: 495
i: 496
i: 497
i: 498
i: 499
i: 500
i: 501
i: 502
i: 520
i: 521
i: 522
i: 523
i: 524
i: 525
i: 526
i: 527
i: 528
i: 529
i: 530
i: 531
i: 532
i: 533
i: 534
i: 535
i: 536
i: 537
i: 538
i: 539
i: 540
i: 541
i: 542
i: 543
i: 544
i: 545
i: 546
i: 547
i: 548
i: 549
i: 550
i: 551
i: 552
i: 553
i: 554
i: 555
i: 556
i: 557
i: 558
i: 559
i: 560
i: 561
i: 562
i: 563
i: 564
i: 565
i: 566
i: 567
i: 568
i: 569
i: 570
i: 571
i: 572
i: 573
i: 574
i: 575
i: 576
i: 577
i: 578
i: 579
i: 580
i: 581
i: 582
i: 583
i: 584
i: 585
i: 586
i: 587
i: 588
i: 589
i: 590
i: 591
i: 592
i: 593
i: 594
i: 595
i: 596
i: 597
i: 598
i: 599
i: 600
i: 601
i: 602
i: 603
i: 604
i: 605
i: 606
i: 607
i: 608
i: 609
i: 610
i: 611
i: 612
i: 613
i: 614
i: 615
i: 616
i: 617
i: 618
i: 619
i: 620
i: 621
i: 622
i: 623
i: 624
i: 625
i: 626
i: 627
i: 628
i: 629
i: 630
i: 631
i: 632
i: 633
i: 634
i: 635
i: 636
i: 637
i: 638
i: 639
i: 640
i: 641
i: 642
i: 643
i: 644
i: 645
i: 646
i: 647
i: 648
i: 649
i: 650
i: 651
i: 652
i: 653
i: 654
i: 655
i: 656
i: 657
i: 658
i: 659
i: 660
i: 661
i: 662
i: 663
i: 664
i: 665
i: 666
i: 667
i: 668
i: 669
i: 670
i: 671
i: 672
i: 673
i: 674
i: 675
i: 676
i: 503
i: 504
i: 505
i: 506
i: 507
i: 508
i: 509
i: 510
i: i: 511677

i: i: 512678

i: i: 513679

i: i: 514680

i: i: 515681

i: i: 516682

i: 517
i: 518
i: 519
i: 683
i: 684
i: 685
i: 686
i: 687
i: 688
i: 689
i: 690
i: 691
i: 692
i: 693
i: 694
i: 695
i: 696
i: 697
i: 698
i: 699
i: 700
i: 701
i: 702
i: 703
i: 704
i: 705
i: 706
i: 707
i: 708
i: 709
i: 710
i: 711
i: 712
i: 713
i: 714
i: 715
i: 716
i: 717
i: 718
i: 719
i: 720
i: 721
i: 722
i: 723
i: 724
i: 725
i: 726
i: 727
i: 728
i: 729
i: 730
i: 731
i: 732
i: 733
i: 734
i: 735
i: 736
i: 737
i: 738
i: 739
i: 740
i: 741
i: 742
i: 743
i: 744
i: 745
i: 746
i: 747
i: 748
i: 749
i: 750
i: 751
i: 752
i: 753
i: 754
i: 755
i: 756
i: 757
i: 758
i: 759
i: 760
i: 761
i: 762
i: 763
i: 764
i: 765
i: 766
i: 767
i: 768
i: 769
i: 770
i: 771
i: 772
i: 520
i: 521
i: 522
i: 523
i: 524
i: 525
i: 526
i: 527
i: 528i: 
773i: 
529
i: i: 774530

i: i: 775531

i: 532
i: 533
i: 534
i: 535
i: 536
i: 537i: 
776i: 
538i: 
777i: 
539i: 
778
i: 779
i: 780
i: 781
i: 782
i: i: 783540

i: i: 784541

i: i: 785542

i: i: 786543

i: 544
i: 545
i: 546
i: 547
i: 548
i: 549
i: 550
i: 551
i: 552
i: 553
i: 554
i: 555
i: 556
i: 557
i: 558
i: 559
i: 560
i: 561
i: 562
i: 563
i: 564
i: 565
i: 566
i: 567
i: 568
i: 569
i: 570
i: 571
i: 572
i: 573
i: 574
i: 575
i: 576
i: 577
i: 578
i: 579
i: 580
i: 581
i: 582
i: 583
i: 584
i: 585
i: i: 787586

i: i: 788587

i: i: 789588

i: 589
i: 590
i: 591
i: 592
i: 790
i: 593
i: 594
i: 595
i: 596
i: 597
i: 598
i: 599
i: 600
i: 601
i: 602
i: 603
i: 604
i: 605
i: 606
i: 607
i: 608
i: 609
i: 610
i: 611
i: 612
i: 613
i: 614
i: 615
i: 616
i: 617
i: 618
i: 619
i: 620
i: 621
i: 622
i: 623
i: 624
i: 625
i: 626
i: 627
i: 628
i: 629
i: 630
i: 631
i: 632
i: 633
i: 634
i: 635
i: 636
i: 637
i: 638
i: 639
i: 640
i: 641
i: 642
i: 643
i: 644
i: 645
i: 646
i: 647
i: 648
i: 649
i: 650
i: 651
i: 652
i: 653
i: 654
i: 655
i: 656
i: 657
i: 658
i: 659
i: 660
i: 661
i: 662
i: 663
i: 664
i: 665
i: 666
i: 667
i: 668
i: 669
i: 670
i: 671
i: 672
i: 673
i: 674
i: 675
i: 676
i: 677
i: 678
i: 679
i: 680
i: 681
i: 682
i: 683
i: 684
i: 685
i: 686
i: 687
i: 688
i: 689
i: 690
i: 691
i: 692
i: 693
i: 694
i: 695
i: 696
i: 697
i: 698
i: 699
i: 700
i: 701
i: 702
i: 703
i: 704
i: 705
i: 706
i: 707
i: 708
i: 709
i: 710
i: 711
i: 712
i: 713
i: 714
i: 715
i: 716
i: 717
i: 718
i: 719
i: 720
i: 721
i: 722
i: 723
i: 724
i: 725
i: 726
i: 727
i: 728
i: 729
i: 730
i: 731
i: 732
i: 733
i: 734
i: 735
i: 736
i: 737
i: 738
i: 739
i: 740
i: 741
i: 742
i: 743
i: 744
i: 745
i: 746
i: 747
i: 748
i: 749
i: 750
i: 751
i: 752
i: 753
i: 754
i: 755
i: 756
i: 757
i: 758
i: 759
i: 760
i: 761
i: 762
i: 763
i: 764
i: 765
i: 766
i: 767
i: 768
i: 769
i: 770
i: 771
i: 772
i: 791
i: 792
i: 503
i: 504
i: 505
i: 506
i: 507
i: 508
i: 509
i: 510
i: 511
i: 512
i: 513
i: 514
i: 515
i: 516
i: 517
i: 518
i: 519
i: 773
i: 774
i: 775
i: 776
i: 777
i: 778
i: 779
i: 780
i: 781
i: 782
i: 783
i: 784
i: 785
i: 786
i: 787
i: 788
i: 789
i: 790
i: 540
i: 541
i: 542
i: 543
i: 544
i: 545
i: 546
i: 547
i: 548
i: 549
i: 520
i: 521
i: 522
i: 523
i: 550
i: 551
i: 791
i: 792
i: 524
i: 525
i: 526
i: 527
i: 528
i: 529
i: 530
i: 531
i: 532
i: 533
i: 534
i: 535
i: 536
i: 537
i: 538
i: 539
i: 540
i: 541
i: 542
i: 543
i: 544
i: 545
i: 546
i: 547
i: 548
i: 549
i: 550
i: 551
i: 552
i: 553
i: 554
i: 555
i: 556
i: 557
i: 558
i: 559
i: 560
i: 561
i: 562
i: 563
i: 564i: 
793
i: 794
i: 795
i: 796
i: 797
i: 798i: 
565i: 
799i: 
i: 566552

i: i: 567553

i: 554
i: 555
i: 556
i: 557
i: 558
i: i: 559568

i: 569
i: i: 800570

i: i: 801571

i: i: 802572

i: i: 803573

i: i: 804574

i: 805
i: 806
i: 807
i: 808
i: 809
i: i: 810575

i: i: 811576

i: i: 812577

i: i: 813578

i: i: 814579

i: 560
i: 815
i: 561
i: 562
i: 580
i: 581
i: i: 793582

i: 794
i: 795
i: 796
i: i: 816797

i: 798
i: 799i: 
583
i: 584
i: 585
i: i: 817563

i: 800
i: 801
i: 802i: 
586i: 
803i: 
587i: 
804i: 
588i: 
805i: 
589i: 
806i: 
590i: 
807i: i: 
818591i: 

808i: i: 
819592i: 

809i: 
i: 820i: 564

810i: 
821i: 
811i: 
822i: 
812i: 
823i: i: 593
813
i: 
i: 824i: 594
814
i: 
825
i: 826
i: 827
i: 828
i: 595i: i: 
565815i: 

596i: 
566
i: i: 829567

i: 830
i: 831
i: 832
i: i: 816833

i: 834
i: 835
i: 836
i: i: 568837
i: i: 
597569i: i: 

817i: 838i: 
570
598
i: 
i: 839i: 571
599
i: 
i: 840i: 572
600
i: 
i: i: 818841
i: 573
i: i: 601
819842
i: 

i: 574i: 602
820

i: i: 603821

i: i: 604822

i: i: 605823

i: i: i: 843606824


i: i: i: i: 575844607825



i: i: i: i: 608576845826



i: i: i: 577827846


i: i: 578828

i: 579
i: 609
i: 610
i: 611
i: i: 847612i: 
829
i: 
i: 848i: i: 613
580830
i: 

849i: i: 
581831i: 

850i: i: 
582832i: 

851i: 
833i: i: 
614852i: 

834i: i: 
615853i: 

835i: i: 
616854i: 

836i: i: 
617855i: 

837i: i: 
618856i: 

838i: i: 
619857i: 

839i: i: 
620858i: i: 

840583i: i: 

621859i: i: 

841584i: i: 

622860i: i: 

842585i: i: 

623861

i: i: 624862

i: i: 625863

i: 864
i: 865i: 
843i: 
586i: 
844i: 
587i: 
i: 845i: 626
588
i: 
i: 846i: 627i: 
589
866
i: 
i: 628i: 590
867
i: 
i: 629i: 591
868
i: 
i: 630i: i: 847592
869

i: 
i: 631848

i: i: 632849

i: i: 633850

i: i: 634851

i: i: 593852

i: i: 594853

i: 854
i: 855
i: 856
i: 857
i: 858
i: i: 859595

i: i: 860596

i: 861
i: 862
i: 863
i: 864
i: i: 865635

i: 597
i: 598
i: 599
i: 600
i: 601
i: 602
i: i: 636603

i: i: 637604

i: i: 638605i: 

866i: i: 
639606i: 
867
i: 
i: 640i: 607
868
i: 
i: 641i: 608
869
i: 
642
i: 643
i: 644
i: 645
i: 646
i: 647
i: 648
i: 649
i: 650
i: 651
i: 652
i: i: 653609

i: 610
i: 611
i: 612
i: 613
i: 654
i: 655
i: 656
i: 657
i: 658
i: 659
i: 660
i: 661
i: 662
i: 663
i: i: 614664

i: i: 615665

i: i: 616666

i: 617
i: 618
i: 619
i: 620
i: 621
i: 622
i: 623
i: 624
i: 625
i: 667
i: 668
i: 669
i: 670
i: 671
i: 672
i: 673
i: 674
i: 626
i: 627
i: 628
i: 629
i: 630
i: 631
i: 632
i: 633
i: 634
i: 675
i: 676
i: 635
i: 677
i: 678
i: 679
i: 680
i: 681
i: 682
i: 636
i: 637
i: i: 638683

i: i: 639684

i: i: 640685

i: i: 641686

i: i: 642687

i: i: 643688

i: i: 644689

i: i: 645690

i: 646
i: 647
i: 648
i: 649
i: 650
i: 651i: 
691i: 
652i: 
692i: 
653i: 
693
i: 694
i: 654
i: 655
i: 656
i: 657
i: 658
i: 659
i: i: 695660

i: i: 696661

i: i: i: 870697
662
i: 
871i: 
663i: 
872i: 
664i: 
873i: 
665
i: 666
i: 698
i: 699
i: 700
i: 701
i: i: 874702

i: i: 875703

i: 704
i: 705
i: 706
i: 707
i: i: 667708

i: 709i: 
876i: 
710i: 
877i: 
711i: 
878i: 
712i: 
879i: i: 668
713
i: 
i: i: 880669714


i: i: 881670

i: i: 882671

i: i: 883672

i: i: 884673

i: i: 885674

i: 886
i: 887
i: 888
i: i: 889715

i: i: 890716

i: i: i: 675891717


i: i: i: 676892718


i: i: 893719

i: i: 894720

i: i: 895721

i: i: 896722

i: i: i: 677897723


i: i: i: 678898724


i: i: i: 679899725


i: i: i: 680726900


i: i: i: 681727901


i: i: i: 728682902


i: i: 729903

i: i: 730904

i: i: 731905

i: 732
i: 733
i: 734
i: 735
i: 736
i: 737
i: i: 906738

i: 739
i: 740
i: 741
i: 742
i: 743
i: i: 683744

i: i: 684745

i: i: 685746

i: i: 686747i: 

907i: i: 
748687

i: i: 749688

i: 689
i: 690
i: 750
i: 751
i: 752
i: i: 691753

i: i: 692754

i: i: 693755

i: i: 694756

i: 757
i: 758
i: 759
i: 760
i: 908
i: i: 695909

i: i: 696910i: 

i: 761697

i: 762
i: 763
i: 764
i: 765
i: 766
i: i: 911i: 767698


i: i: i: 768912699


i: i: i: 769913700


i: i: i: 770914701


i: i: i: 771915702

i: 
i: 772i: 916
703

i: i: 917704

i: i: 918705

i: i: 919706

i: 707
i: 708
i: 709
i: 710
i: 711
i: 712i: 
920i: 
713i: 
921i: 
714i: 
922
i: 715
i: 716
i: 717
i: 718
i: 719
i: 720
i: 721
i: 722
i: 723
i: 724
i: 725
i: 726
i: 727
i: 728
i: 729
i: 730
i: 731
i: 732
i: 733
i: 734
i: 735
i: 736
i: 737
i: 738
i: 739
i: 740
i: 741
i: 742
i: 743
i: 744
i: 745
i: 746
i: 747
i: 748
i: 749
i: 750
i: 751
i: 752
i: 753
i: 754
i: 755
i: 756
i: 757
i: 758
i: 759
i: 760
i: 923
i: i: 924761

i: i: 925762

i: i: 926763

i: i: 927764

i: i: 928765

i: i: 929766

i: i: 930767

i: i: 931768

i: i: 932769

i: i: 933770

i: i: 934771

i: i: 935772

i: 936
i: 937
i: 938
i: 939
i: 940
i: 941
i: 942
i: 943
i: 944
i: 945
i: 946
i: 947
i: 948
i: 773
i: 774
i: 775
i: 949
i: 950
i: 951
i: 952
i: 953
i: 954
i: 776
i: 777
i: 778
i: 779
i: 780
i: 955
i: 956i: 
781i: 
957
i: 958
i: 959
i: 960
i: 961
i: 962
i: 963
i: 782
i: 783
i: 784
i: 785
i: 786
i: 964
i: 965
i: i: 870966

i: i: 871967

i: i: 872968

i: i: 873969

i: 970
i: 971
i: 972
i: 973
i: 974
i: 975
i: 976
i: 977
i: 978
i: 979
i: 980i: 
874i: 
981i: 
875i: 
982
i: 983
i: 984
i: 985
i: 986
i: 876
i: 877
i: 878
i: 879
i: 880
i: 881
i: 882
i: 883
i: 884
i: 885
i: 886
i: 887
i: 888
i: 889
i: i: 890987

i: i: 891988

i: i: 892989

i: i: 893990

i: i: 894991

i: i: 895992

i: i: 896993

i: i: 897994

i: i: 898995

i: i: 899996

i: i: 900997

i: i: 901998

i: i: 902999

i: 903
i: 904
i: 905
i: 1000
i: 1001
i: 1002
i: 1003
i: 1004
i: 1005
i: 1006
i: 906
i: 1007
i: i: 1008907

i: 1009
i: 1010
i: 1011
i: 1012
i: 1013
i: 1014i: 
908i: 
1015i: 
909i: 
1016i: 
910i: 
1017
i: 1018
i: 1019
i: 1020
i: 911
i: 912
i: 913
i: 914i: 
1021i: 
915i: 
1022i: 
916i: 
1023i: 
917i: 
1024i: 
918i: 
1025i: 
919i: 
1026
i: 1027
i: 1028
i: 920
i: 921
i: i: 9221029

i: 1030
i: 1031
i: 1032
i: 1033
i: 1034
i: 1035
i: 1036
i: 1037
i: 1038
i: 1039
i: i: 9231040

i: i: 9241041

i: i: 9251042

i: i: 9261043

i: i: 9271044

i: i: 9281045

i: i: 9291046

i: i: 9301047

i: 931
i: 932
i: 933
i: 934
i: 935
i: i: 9361048

i: i: 9371049

i: 1050
i: 1051
i: 1052
i: 1053
i: 1054
i: 1055
i: 1056
i: 1057
i: 1058
i: 1059
i: 1060
i: 1061
i: 1062
i: 1063
i: 1064
i: 1065
i: 1066
i: 1067
i: 1068
i: 1069i: 
938i: 
1070i: 
939i: 
1071
i: 1072
i: 1073
i: 1074
i: 1075
i: 1076
i: i: 9401077

i: 941
i: 942
i: 943
i: 944
i: 945
i: i: 9461078

i: i: 9471079

i: i: 9481080

i: 1081
i: 1082
i: 1083
i: 1084
i: 1085
i: 1086i: 
949i: 
1087i: 
950i: 
1088i: 
951i: 
1089i: 
952
i: 953
i: 954
i: 1090
i: 1091
i: 1092
i: 1093
i: 1094
i: 1095
i: 955
i: 956
i: 957
i: 958
i: 959
i: 960
i: 961
i: 962
i: 963
i: 964
i: 965
i: 966
i: 967
i: 968
i: 969
i: 970
i: 971
i: 972
i: 973
i: 974
i: 975
i: 976
i: 977
i: 978
i: 979
i: 980
i: 981
i: 982
i: 983
i: 984
i: 985
i: 986
i: 987
i: 988
i: 989
i: 990
i: 991
i: 992
i: 993
i: 994
i: 995
i: 996
i: 997
i: 998
i: 999
i: 1000
i: 1001
i: 1002
i: 1003
i: 1004
i: 1005
i: 1006
i: 1007
i: 1008
i: 1009
i: 1010
i: 1011
i: 1012
i: 1013
i: 1014
i: 1015
i: 1016
i: 1017
i: 1018
i: 1019
i: 1020
i: 1021
i: 1022
i: 1023
i: 1024
i: 1025
i: 1026
i: 1027
i: 1028
i: 1029
i: 1030
i: 1031
i: 1032
i: 1033
i: 1034
i: 1035
i: 1036
i: 1037
i: 1038
i: 1039
i: 1040
i: 1041
i: 1042
i: 1043
i: 1044
i: 1045
i: 1046
i: 1047
i: 1048
i: 1049
i: 1050
i: 1051
i: 1052
i: 1053
i: 1054
i: 1055
i: 1056
i: 1057
i: 1058
i: 1059
i: 1060
i: 1061
i: 1062
i: 1063
i: 1064
i: 1065
i: 1066
i: 1067
i: 1068
i: 1069
i: 1070
i: 1071
i: 1072
i: 1073
i: 1074
i: 1075
i: 1076
i: 1077
i: 1078
i: 1079
i: 1080
i: 1081
i: 1082
i: 1083
i: 1084
i: 1085
i: 1086
i: 1087
i: 1088
i: 1089
i: 1090
i: 1091
i: 1092
i: 1093
i: 1094
i: 1095
i: 787
i: 788
i: 789
i: 790
i: 791
i: 792
i: 520
i: 521
i: 522
i: 523
i: 524
i: 525
i: 526
i: 527
i: 528
i: 529
i: 530
i: 531
i: 532
i: 533
i: 534
i: 535
i: 536
i: 537
i: 538
i: 539
i: 540
i: 541
i: 542
i: 543
i: 544
i: 545
i: 546
i: 547
i: 548
i: 549
i: 550
i: 551
i: 552
i: 553
i: 554
i: 555
i: 556
i: 557
i: 558
i: 559
i: 560
i: 561
i: 562
i: 563
i: 564
i: 565
i: 566
i: 567
i: 568
i: 569
i: 570
i: 571
i: 572
i: 573
i: 574
i: 575
i: 576
i: 577
i: 578
i: 579
i: 580
i: 581
i: 582
i: 583
i: 584
i: 585
i: 586
i: 587
i: 588
i: 589
i: 590
i: 591
i: 592
i: 593
i: 594
i: 595
i: 596
i: 597
i: 598
i: 599
i: 600
i: 601
i: 602
i: 603
i: 604
i: 605
i: 606
i: 607
i: 608
i: 609
i: 610
i: 611
i: 612
i: 613
i: 614
i: 615
i: 616
i: 617
i: 618
i: 619
i: 620
i: 621
i: 622
i: 623
i: 624
i: 625
i: 626
i: 627
i: 628
i: 629
i: 630
i: 631
i: 632
i: 633
i: 634
i: 635
i: 636
i: 637
i: 638
i: 639
i: 640
i: 641
i: 642
i: 643
i: 644
i: 645
i: 646
i: 647
i: 648
i: 649
i: 650
i: 651
i: 652
i: 653
i: 654
i: 655
i: 656
i: 657
i: 658
i: 659
i: 660
i: 661
i: 662
i: 663
i: 664
i: 665
i: 666
i: 667
i: 668
i: 669
i: 670
i: 671
i: 672
i: 673
i: 674
i: 675
i: 676
i: 677
i: 678
i: 679
i: 680
i: 681
i: 682
i: i: 793683

i: i: 794684

i: i: 795685

i: i: 796686

i: i: 797687

i: i: 798688

i: i: 799689

i: 690
i: 800
i: i: 691801

i: i: 692802

i: i: 693803

i: i: 694804

i: 805
i: 806
i: 807
i: 808
i: 809
i: i: 810695

i: i: 811696

i: i: 812697

i: 813
i: 814
i: 698
i: 699
i: i: 700815

i: 701
i: 702
i: 703
i: 704
i: 705
i: i: 706816

i: 707
i: 708
i: 709
i: 710
i: 711
i: 712
i: 713
i: 714
i: 817
i: 715
i: 716
i: 717
i: 718
i: 719
i: 720
i: 721
i: 722
i: 723
i: 724
i: 725
i: 726
i: 727
i: 728
i: 729
i: 730
i: 731
i: 732
i: 733
i: 734
i: 735
i: 736
i: 737i: 
818i: 
738i: 
819i: 
739i: 
820i: 
740i: 
821i: 
741i: 
822i: 
742i: 
823i: 
743i: 
824i: 
744i: 
825i: 
745i: 
826i: 
746i: 
827i: 
747i: 
828i: 
748
i: 749
i: 750
i: 751
i: 752
i: 753i: 
829i: 
754i: 
830i: 
755i: 
831i: 
756i: 
832i: 
757i: 
833i: 
758i: 
834i: 
759i: 
835i: 
760i: 
836
i: 837
i: 838
i: 839
i: 840
i: 841i: 
761i: 
842i: 
762
i: 763
i: 764
i: 765
i: 766
i: 767
i: i: 843768

i: i: 844769

i: i: 845770

i: i: 846771

i: 772
i: 847
i: 848
i: 849
i: 850
i: 851
i: 852
i: 853
i: 854
i: 855
i: 856
i: 857
i: 858
i: 859
i: 860
i: 861
i: 862
i: 863
i: 864
i: 865
i: 866
i: 867
i: 868
i: 869
i: 773
i: 774
i: 775
i: 776
i: 777
i: 778
i: 779
i: 780
i: 781
i: 782
i: 783
i: 784
i: 785
i: 786
i: 870
i: 871
i: 872
i: 873
i: 874
i: 875
i: 876
i: 877
i: 878
i: 879
i: 880
i: 881
i: 882
i: 883
i: 884
i: 885
i: 886
i: 887
i: 888
i: 889
i: 890
i: 891
i: 892
i: 893
i: 894
i: 895
i: 896
i: 897
i: 898
i: 899
i: 900
i: 901
i: 902
i: 903
i: 904
i: 905
i: 906
i: 907
i: 908
i: 909
i: 910
i: 911
i: 912
i: 913
i: 914
i: 915
i: 916
i: 917
i: 918
i: 919
i: 920
i: 921
i: 922
i: 773
i: 774
i: 775
i: 776
i: 777
i: 778
i: 779
i: 780
i: 923
i: 924
i: 925
i: 926
i: 927
i: 928
i: 929
i: 930
i: 931
i: 932
i: 933
i: 934
i: 935
i: 936
i: 937
i: 938
i: 939
i: 940
i: 941
i: 942
i: 943
i: 944
i: 945
i: 946
i: 947
i: 948
i: 949
i: 950
i: 951
i: 952
i: 953
i: 954
i: 781
i: 955
i: 956
i: 957
i: 958
i: 959
i: i: 782960

i: i: 783961

i: i: 784962

i: i: 785963

i: 786
i: 964
i: 965
i: 966
i: 967
i: 968
i: 969
i: 970
i: 971
i: 972
i: 973
i: 974
i: 975
i: 976
i: 977
i: 978
i: 979
i: 980
i: 981
i: 982
i: 983
i: 984
i: 985
i: 986
i: 987
i: 988
i: 989
i: 990
i: 991
i: 992
i: 993
i: 994
i: 995
i: 996
i: 997
i: 998
i: 999
i: 1000
i: 1001
i: 1002
i: 1003
i: 1004
i: 1005
i: 1006
i: 1007
i: 1008
i: 1009
i: 1010
i: 1011
i: 1012
i: 1013
i: 1014
i: 1015
i: 1016
i: 1017
i: 1018
i: 1019
i: 1020
i: 1021
i: 1022
i: 1023
i: 1024
i: 1025
i: 1026
i: 1027
i: 1028
i: 1029
i: 1030
i: 1031
i: 1032
i: 1033
i: 1034
i: 1035
i: 1036
i: 1037
i: 1038
i: 1039
i: 1040
i: 1041
i: 1042
i: 1043
i: 1044
i: 1045
i: 1046
i: 1047
i: 1048
i: 1049
i: 1050
i: 1051
i: 1052
i: 1053
i: 1054
i: 1055
i: 1056
i: 1057
i: 1058
i: 1059
i: 1060
i: 1061
i: 1062
i: 1063
i: 1064
i: 1065
i: 1066
i: 1067
i: 1068
i: 1069
i: 1070
i: 1071
i: 1072
i: 1073
i: 1074
i: 1075
i: 1076
i: 1077
i: 1078
i: 1079
i: 1080
i: 1081
i: 1082
i: 1083
i: 1084
i: 1085
i: 1086
i: 1087
i: 1088
i: 1089
i: 1090
i: 1091
i: 1092
i: 1093
i: 1094
i: 1095
i: 787
i: 788
i: 789
i: 790
i: 791
i: 792
i: 793
i: 794
i: 795
i: 796
i: 797
i: 798
i: 799
i: 800
i: 801
i: 802
i: 803
i: 804
i: 805
i: 806
i: 807
i: 808
i: 809
i: 810
i: 811
i: 812
i: 813
i: 814
i: 815
i: 816
i: 817
i: 818
i: 819
i: 820
i: 821
i: 822
i: 823
i: 824
i: 825
i: 826
i: 827
i: 828
i: 829
i: 830
i: 831
i: 832
i: 833
i: 834
i: 835
i: 836
i: 837
i: 838
i: 839
i: 840
i: 841
i: 842
i: 843
i: 844
i: 845
i: 846
i: 847
i: 848
i: 849
i: 850
i: 851
i: 852
i: 853
i: 854
i: 855
i: 856
i: 857
i: 858
i: 859
i: 860
i: 861
i: 862
i: 863
i: 864
i: 865
i: 866
i: 867
i: 868
i: 869
i: 870
i: 871
i: 872
i: 873
i: 874
i: 875
i: 876
i: 877
i: 878
i: 879
i: 880
i: 881
i: 882
i: 883
i: 884
i: 885
i: 886
i: 887
i: 888
i: 889
i: 890
i: 891
i: 892
i: 893
i: 894
i: 895
i: 896
i: 897
i: 898
i: 899
i: 900
i: 901
i: 902
i: 903
i: 904
i: 905
i: 906
i: 907
i: 908
i: 909
i: 910
i: 911
i: 912
i: 913
i: 914
i: 915
i: 916
i: 917
i: 918
i: 919
i: 920
i: 921
i: 922
i: 923
i: 924
i: 925
i: 926
i: 927
i: 928
i: 929
i: 930
i: 931
i: 932
i: 933
i: 934
i: 935
i: 936
i: 937
i: 938
i: 939
i: 940
i: 941
i: 942
i: 943
i: 944
i: 945
i: 946
i: 947
i: 948
i: 949
i: 950
i: 951
i: 952
i: 953
i: 954
i: 955
i: 956
i: 957
i: 958
i: 959
i: 960
i: 961
i: 962
i: 963
i: 964
i: 965
i: 966
i: 967
i: 968
i: 969
i: 970
i: 971
i: 972
i: 973
i: 974
i: 975
i: 976
i: 977
i: 978
i: 979
i: 980
i: 981
i: 982
i: 983
i: 984
i: 985
i: 986
i: 987
i: 988
i: 989
i: 990
i: 991
i: 992
i: 993
i: 994
i: 995
i: 996
i: 997
i: 998
i: 999
i: 1000
i: 1001
i: 1002
i: 1003
i: 1004
i: 1005
i: 1006
i: 1007
i: 1008
i: 1009
i: 1010
i: 1011
i: 1012
i: 1013
i: 1014
i: 1015
i: 1016
i: 1017
i: 1018
i: 1019
i: 1020
i: 1021
i: 1022
i: 1023
i: 1024
i: 1025
i: 1026
i: 1027
i: 1028
i: 1029
i: 1030
i: 1031
i: 1032
i: 1033
i: 1034
i: 1035
i: 1036
i: 1037
i: 1038
i: 1039
i: 1040
i: 1041
i: 1042
i: 1043
i: 1044
i: 1045
i: 1046
i: 1047
i: 1048
i: 1049
i: 1050
i: 1051
i: 1052
i: 1053
i: 1054
i: 1055
i: 1056
i: 1057
i: 1058
i: 1059
i: 1060
i: 1061
i: 1062
i: 1063
i: 1064
i: 1065
i: 1066
i: 1067
i: 1068
i: 1069
i: 1070
i: 1071
i: 1072
i: 1073
i: 1074
i: 1075
i: 1076
i: 1077
i: 1078
i: 1079
i: 1080
i: 1081
i: 1082
i: 1083
i: 1084
i: 1085
i: 1086
i: 1087
i: 1088
i: 1089
i: 1090
i: 1091
i: 1092
i: 1093
i: 1094
i: 1095
i: 787
i: 788
i: 789
i: 790
i: 503
i: 504
i: 505
i: 506
i: 507
i: 508
i: 509
i: 510
i: 511
i: 512
i: 513
i: 514
i: 515
i: 516
i: 517
i: 518
i: 519
i: 520
i: 521
i: 522
i: 523
i: 524
i: 525
i: 526
i: 527
i: 528
i: 529
i: 530
i: 531
i: 532
i: 533
i: 534
i: 535
i: 536
i: 537
i: 538
i: 539
i: 540
i: 541
i: 542
i: 543
i: 544
i: 545
i: 546
i: 547
i: 548
i: 549
i: 550
i: 551
i: 552
i: 553
i: 554
i: 555
i: 556
i: 557
i: 558
i: 559
i: 560
i: 561
i: 562
i: 563
i: 564
i: 565
i: 566
i: 567
i: 568
i: 569
i: 570
i: 571
i: 572
i: 573
i: 574
i: 575
i: 576
i: 577
i: 578
i: 579
i: 580
i: 581
i: 582
i: 583
i: 584
i: 585
i: 586
i: 587
i: 588
i: 589
i: 590
i: 591
i: 592
i: 593
i: 594
i: 595
i: 596
i: 597
i: 598
i: 599
i: 600
i: 601
i: 602
i: 603
i: 604
i: 605
i: 606
i: 607
i: 608
i: 609
i: 610
i: 611
i: 612
i: 613
i: 614
i: 615
i: 616
i: 617
i: 618
i: 619
i: 620
i: 621
i: 622
i: 623
i: 624
i: 625
i: 626
i: 627
i: 628
i: 629
i: 630
i: 631
i: 632
i: 633
i: 634
i: 635
i: 636
i: 637
i: 638
i: 639
i: 640
i: 641
i: 642
i: 643
i: 644
i: 645
i: 646
i: 647
i: 648
i: 649
i: 650
i: 651
i: 652
i: 653
i: 654
i: 655
i: 656
i: 657
i: 658
i: 659
i: 660
i: 661
i: 662
i: 663
i: 664
i: 665
i: 666
i: 667
i: 668
i: 669
i: 670
i: 671
i: 672
i: 673
i: 674
i: 675
i: 676
i: 677
i: 678
i: 679
i: 680
i: 681
i: 682
i: 683
i: 684
i: 685
i: 686
i: 687
i: 688
i: 689
i: 690
i: 691
i: 692
i: 693
i: 694
i: 695
i: 696
i: 697
i: 698
i: 699
i: 700
i: 701
i: 702
i: 703
i: 704
i: 705
i: 706
i: 707
i: 708
i: 709
i: 710
i: 711
i: 712
i: 713
i: 714
i: 715
i: 716
i: 717
i: 718
i: 719
i: 720
i: 721
i: 722
i: 723
i: 724
i: 725
i: 726
i: 727
i: 728
i: 729
i: 730
i: 731
i: 732
i: 733
i: 734
i: 735
i: 736
i: 737
i: 738
i: 739
i: 740
i: 741
i: 742
i: 743
i: 744
i: 745
i: 746
i: 747
i: 748
i: 749
i: 750
i: 751
i: 752
i: 753
i: 754
i: 755
i: 756
i: 757
i: 758
i: 759
i: 760
i: 761
i: 762
i: 763
i: 764
i: 765
i: 766
i: 767
i: 768
i: 769
i: 770
i: 771
i: 772
i: 773
i: 774
i: 775
i: 776
i: 777
i: 778
i: 779
i: 780
i: 781
i: 782
i: 783
i: 784
i: 785
i: 786
i: 787
i: 788
i: 789
i: 790
i: 791
i: 792
i: 793
i: 794
i: 795
i: 796
i: 797
i: 798
i: 799
i: 800
i: 801
i: 802
i: 803
i: 804
i: 805
i: 806
i: 807
i: 808
i: 809
i: 810
i: 811
i: 812
i: 813
i: 814
i: 815
i: 816
i: 817
i: 818
i: 819
i: 820
i: 821
i: 822
i: 823
i: 824
i: 825
i: 826
i: 827
i: 828
i: 829
i: 830
i: 831
i: 832
i: 833
i: 834
i: 835
i: 836
i: 837
i: 838
i: 839
i: 840
i: 841
i: 842
i: 843
i: 844
i: 845
i: 846
i: 847
i: 848
i: 849
i: 850
i: 851
i: 852
i: 853
i: 854
i: 855
i: 856
i: 857
i: 858
i: 859
i: 860
i: 861
i: 862
i: 863
i: 864
i: 865
i: 866
i: 867
i: 868
i: 869
i: 520
i: 521
i: 522
i: 523
i: 524
i: 525i: 
870i: 
526i: 
871i: 
527i: 
872i: 
528i: 
873i: 
529
i: 530
i: 531
i: 532
i: 533
i: 534
i: 535
i: 536
i: 537
i: 538
i: 539
i: 874
i: 875
i: 540
i: 541
i: 542i: 
876i: 
543i: 
877i: 
544i: 
878i: 
545i: 
879i: 
546i: 
880
i: 881
i: 882
i: 883
i: 884
i: 885
i: 886
i: i: 887547

i: i: 888548

i: i: 889549

i: 890
i: 891
i: 892
i: 893
i: 894
i: i: 895550

i: i: 896551

i: 897
i: 898
i: 899
i: 900
i: 901
i: i: 902552

i: i: 903553

i: i: 904554

i: i: 905555

i: 556
i: 557
i: 558
i: 559
i: 906
i: 560
i: 907
i: 561
i: 562
i: 908
i: 909
i: 910
i: 911
i: 912
i: 913
i: 914
i: 915
i: 916
i: 917
i: 918
i: 919
i: 920
i: 921
i: 922
i: 923
i: 924
i: 925
i: 926
i: 927
i: 928
i: 929
i: 930
i: 931
i: 932
i: 933
i: 934
i: 935
i: 936
i: 937
i: 938
i: 939
i: 940
i: 941
i: 942
i: 943
i: 944
i: 945
i: 946
i: 947
i: 948
i: 949
i: 950
i: 951
i: 952
i: 953
i: 954
i: 955
i: 956
i: 957
i: 958
i: 959
i: 960
i: 961
i: 962
i: 963
i: 964
i: 965
i: 966
i: 967
i: 968
i: 969
i: 970
i: 971
i: 972
i: 973
i: 974
i: 975
i: 976
i: 977
i: 978
i: 979
i: 980
i: 981
i: 982
i: 983
i: 984
i: 985
i: 986
i: 987
i: 988
i: 989
i: 990
i: 991
i: 992
i: 993
i: 994
i: 995
i: 996
i: 997
i: 998
i: 999
i: 1000
i: 1001
i: 1002
i: 1003
i: 1004
i: 1005
i: 1006
i: 1007
i: 1008
i: 1009
i: 1010
i: 1011
i: 1012
i: 1013
i: 1014
i: 1015
i: 1016
i: 1017
i: 1018
i: 1019
i: 1020
i: 1021
i: 1022
i: 1023
i: 1024
i: 1025
i: 1026
i: 1027
i: 1028
i: 1029
i: 1030
i: 1031
i: 1032
i: 1033
i: 1034
i: 1035
i: 1036
i: 1037
i: 1038
i: 1039
i: 1040
i: 1041
i: 1042
i: 1043
i: 1044
i: 1045
i: 1046
i: 1047
i: 1048
i: 1049
i: 1050
i: 1051
i: 1052
i: 1053
i: 1054
i: 1055
i: 1056
i: 1057
i: 1058
i: 1059
i: 1060
i: 1061
i: 1062
i: 1063
i: 1064
i: 1065
i: 1066
i: 1067
i: 1068
i: 1069
i: 1070
i: 1071
i: 1072
i: 1073
i: 1074
i: 1075
i: 1076
i: 1077
i: 1078
i: 1079
i: 1080
i: 1081
i: 1082
i: 1083
i: 1084
i: 1085
i: 1086
i: 1087
i: 1088
i: 1089
i: 1090
i: 1091
i: 1092
i: 1093
i: 1094
i: 1095
Running MCMC-PT iteration number: 0 of 400000. Chain number 2. Current logpost: -1249.66. No exp/inf: 142/3. 
Running MCMC-PT iteration number: 0 of 400000. Chain number 3. Current logpost: -1255.37. No exp/inf: 143/3. 
i: 773
i: 774
i: 775
i: 776
i: 777
i: 778
i: 779
i: 780
i: 781
i: 782
i: 783
i: 784
i: 785
i: 786
i: 787
i: 788
i: 789
i: 790
i: 791
i: 792
i: 793
i: 794
i: 795
i: 796
i: 797
i: 798
i: 799
i: 800
i: 801
i: 802
i: 803
i: 804
i: 805
i: 806
i: 807
i: 808
i: 809
i: 810
i: 811
i: 812
i: 813
i: 814
i: 815
i: 816
i: 817
i: 818
i: 819
i: 820
i: 821
i: 822
i: 823
i: 824
i: 825
i: 826
i: 827
i: 828
i: 829
i: 830
i: 831
i: 832
i: 833
i: 834
i: 835
i: 836
i: 837
i: 838
i: 839
i: 840
i: 841
i: 842
i: 843
i: 844
i: 845
i: 846
i: 847
i: 848
i: 849
i: 850
i: 851
i: 852
i: 853
i: 854
i: 855
i: 856
i: 857
i: 858
i: 859
i: 860
i: 861
i: 862
i: 863
i: 864
i: 865
i: 866
i: 867
i: 868
i: 869
i: 870
i: 871
i: 872
i: 873
i: 874
i: 875
i: 876
i: 877
i: 878
i: 879
i: 880
i: 881
i: 882
i: 883
i: 884
i: 885
i: 886
i: 887
i: 888
i: 889
i: 890
i: 891
i: 892
i: 893
i: 894
i: 895
i: 896
i: 897
i: 898
i: 899
i: 900
i: 901
i: 902
i: 903
i: 904
i: 905
i: 906
i: 907
i: 908
i: 909
i: 910
i: 911
i: 912
i: 913
i: 914
i: 915
i: 916
i: 917
i: 918
i: 919
i: 920
i: 921
i: 922
i: 923
i: 924
i: 925
i: 926
i: 927
i: 928
i: 929
i: 930
i: 931
i: 932
i: 933
i: 934
i: 935
i: 936
i: 937
i: 938
i: 939
i: 940
i: 941
i: 942
i: 943
i: 944
i: 945
i: 946
i: 947
i: 948
i: 949
i: 950
i: 951
i: 952
i: 953
i: 954
i: 955
i: 956
i: 957
i: 958
i: 959
i: 960
i: 961
i: 962
i: 963
i: 964
i: 965
i: 966
i: 967
i: 968
i: 969
i: 970
i: 971
i: 972
i: 973
i: 974
i: 975
i: 976
i: 977
i: 978
i: 979
i: 980
i: 981
i: 982
i: 983
i: 984
i: 985
i: 986
i: 987
i: 988
i: 989
i: 990
i: 991
i: 992
i: 993
i: 994
i: 995
i: 996
i: 997
i: 998
i: 999
i: 1000
i: 1001
i: 1002
i: 1003
i: 1004
i: 1005
i: 1006
i: 1007
i: 1008
i: 1009
i: 1010
i: 1011
i: 1012
i: 1013
i: 1014
i: 1015
i: 1016
i: 1017
i: 1018
i: 1019
i: 1020
i: 1021
i: 1022
i: 1023
i: 1024
i: 1025
i: 1026
i: 1027
i: 1028
i: 1029
i: 1030
i: 1031
i: 1032
i: 1033
i: 1034
i: 1035
i: 1036
i: 1037
i: 1038
i: 1039
i: 1040
i: 1041
i: 1042
i: 1043
i: 1044
i: 1045
i: 1046
i: 1047
i: 1048
i: 1049
i: 1050
i: 1051
i: 1052
i: 1053
i: 1054
i: 1055
i: 1056
i: 1057
i: 1058
i: 1059
i: 1060
i: 1061
i: 1062
i: 1063
i: 1064
i: 1065
i: 1066
i: 1067
i: 1068
i: 1069
i: 1070
i: 1071
i: 1072
i: 1073
i: 1074
i: 1075
i: 1076
i: 1077
i: 1078
i: 1079
i: 1080
i: 1081
i: 1082
i: 1083
i: 1084
i: 1085
i: 1086
i: 1087
i: 1088
i: 1089
i: 1090
i: 1091
i: 1092
i: 1093
i: 1094
i: 1095
i: 791
i: 792
i: 793
i: 794
i: 795
i: 796
i: 797
i: 798
i: 799
i: 800
i: 801
i: 802
i: 803
i: 804
i: 805
i: 806
i: 807
i: 808
i: 809
i: 810
i: 811
i: 812
i: 813
i: 814
i: 815
i: 816
i: 817
i: 818
i: 819
i: 820
i: 821
i: 822
i: 823
i: 824
i: 825
i: 826
i: 827
i: 828
i: 829
i: 830
i: 831
i: 832
i: 833
i: 834
i: 835
i: 836
i: 837
i: 838
i: 839
i: 840
i: 841
i: 842
i: 843
i: 844
i: 845
i: 846
i: 847
i: 848
i: 849
i: 850
i: 851
i: 852
i: 853
i: 854
i: 855
i: 856
i: 857
i: 858
i: 859
i: 860
i: 861
i: 862
i: 863
i: 864
i: 865
i: 866
i: 867
i: 868
i: 869
i: 870
i: 871
i: 872
i: 873
i: 874
i: 875
i: 876
i: 877
i: 878
i: 879
i: 880
i: 881
i: 882
i: 883
i: 884
i: 885
i: 886
i: 887
i: 888
i: 889
i: 890
i: 891
i: 892
i: 893
i: 894
i: 895
i: 896
i: 897
i: 898
i: 899
i: 900
i: 901
i: 902
i: 903
i: 904
i: 905
i: 906
i: 907
i: 908
i: 909
i: 910
i: 911
i: 912
i: 913
i: 914
i: 915
i: 916
i: 917
i: 918
i: 919
i: 920
i: 921
i: 922
i: 923
i: 924
i: 925
i: 926
i: 927
i: 928
i: 929
i: 930
i: 931
i: 932
i: 933
i: 934
i: 935
i: 936
i: 937
i: 938
i: 939
i: 940
i: 941
i: 942
i: 943
i: 944
i: 945
i: 946
i: 947
i: 948
i: 949
i: 950
i: 951
i: 952
i: 953
i: 954
i: 955
i: 956
i: 957
i: 958
i: 959
i: 960
i: 961
i: 962
i: 963
i: 964
i: 965
i: 966
i: 967
i: 968
i: 969
i: 970
i: 971
i: 972
i: 973
i: 974
i: 975
i: 976
i: 977
i: 978
i: 979
i: 980
i: 981
i: 982
i: 983
i: 984
i: 985
i: 986
i: 987
i: 988
i: 989
i: 990
i: 991
i: 992
i: 993
i: 994
i: 995
i: 996
i: 997
i: 998
i: 999
i: 1000
i: 1001
i: 1002
i: 1003
i: 1004
i: 1005
i: 1006
i: 1007
i: 1008
i: 1009
i: i: 1010
563i: 
1011
i: 1012
i: 1013
i: 1014
i: 1015
i: 1016
i: 1017
i: 1018
i: 1019
i: 1020
i: 564
i: 1021
i: 1022
i: 1023
i: 1024
i: 1025
i: i: 5651026

i: i: 5661027

i: i: 5671028

i: 1029
i: 1030
i: i: 5681031

i: i: 5691032

i: i: 5701033

i: i: 5711034

i: i: 5721035

i: i: 5731036

i: i: 5741037

i: 1038
i: 1039
i: 1040
i: 1041
i: 1042
i: 1043
i: 1044
i: 1045
i: 1046
i: 1047
i: 1048
i: 1049
i: 1050
i: 1051
i: 1052
i: 1053
i: 1054
i: 1055
i: 1056
i: 1057
i: 1058
i: 1059
i: 1060
i: 1061
i: 1062
i: 1063
i: 1064
i: 1065
i: 1066
i: 1067
i: 1068
i: 1069
i: 1070
i: 1071
i: 1072
i: 1073
i: 1074
i: 1075
i: 1076
i: 1077
i: 1078
i: 1079
i: 1080
i: 1081
i: 1082
i: 1083
i: 1084
i: 1085
i: 1086
i: 1087
i: 1088
i: 1089
i: 1090
i: 1091
i: 1092
i: 1093
i: 1094
i: 1095
i: 575
i: 576
i: 577
i: 578
i: 579
i: 580
i: 581
i: 582
i: 583
i: 584
i: 585
i: 586
i: 587
i: 588
i: 589
i: 590
i: 591
i: 592
i: 593
i: 594
i: 595
i: 596
i: 597
i: 598
i: 599
i: 600
i: 601
i: 602
i: 603
i: 604
i: 605
i: 606
i: 607
i: 608
i: 609
i: 610
i: 611
i: 612
i: 613
i: 614
i: 615
i: 616
i: 617
i: 618
i: 619
i: 620
i: 621
i: 622
i: 623
i: 624
i: 625
i: 626
i: 627
i: 628
i: 629
i: 630
i: 631
i: 632
i: 633
i: 634
i: 635
i: 636
i: 637
i: 638
i: 639
i: 640
i: 641
i: 642
i: 643
i: 644
i: 645
i: 646
i: 647
i: 648
i: 649
i: 650
i: 651
i: 652
i: 653
i: 654
i: 655
i: 656
i: 657
i: 658
i: 659
i: 660
i: 661
i: 662
i: 663
i: 664
i: 665
i: 666
i: 667
i: 668
i: 669
i: 670
i: 671
i: 672
i: 673
i: 674
i: 675
i: 676
i: 677
i: 678
i: 679
i: 680
i: 681
i: 682
i: 683
i: 684
i: 685
i: 686
i: 687
i: 688
i: 689
i: 690
i: 691
i: 692
i: 693
i: 694
i: 695
i: 696
i: 697
i: 698
i: 699
i: 700
i: 701
i: 702
i: 703
i: 704
i: 705
i: 706
i: 707
i: 708
i: 709
i: 710
i: 711
i: 712
i: 713
i: 714
i: 715
i: 716
i: 717
i: 718
i: 719
i: 720
i: 721
i: 722
i: 723
i: 724
i: 725
i: 726
i: 727
i: 728
i: 729
i: 730
i: 731
i: 732
i: 733
i: 734
i: 735
i: 736
i: 737
i: 738
i: 739
i: 740
i: 741
i: 742
i: 743
i: 744
i: 745
i: 746
i: 747
i: 748
i: 749
i: 750
i: 751
i: 752
i: 753
i: 754
i: 755
i: 756
i: 757
i: 758
i: 759
i: 760
i: 761
i: 762
i: 763
i: 764
i: 765
i: 766
i: 767
i: 768
i: 769
i: 770
i: 771
i: 772
i: 773
i: 774
i: 775
i: 776
i: 777
i: 778
i: 779
i: 780
i: 781
i: 782
i: 783
i: 784
i: 785
i: 786
i: 787
i: 788
i: 789
i: 790
i: 791
i: 792
i: 793
i: 794
i: 795
i: 796
i: 797
i: 798
i: 799
i: 800
i: 801
i: 802
i: 803
i: 804
i: 805
i: 806
i: 807
i: 808
i: 809
i: 810
i: 811
i: 812
i: 813
i: 814
i: 815
i: 816
i: 817
i: 818
i: 819
i: 820
i: 821
i: 822
i: 823
i: 824
i: 825
i: 826
i: 827
i: 828
i: 829
i: 830
i: 831
i: 832
i: 833
i: 834
i: 835
i: 836
i: 837
i: 838
i: 839
i: 840
i: 841
i: 842
i: 843
i: 844
i: 845
i: 846
i: 847
i: 848
i: 849
i: 850
i: 851
i: 852
i: 853
i: 854
i: 855
i: 856
i: 857
i: 858
i: 859
i: 860
i: 861
i: 862
i: 863
i: 864
i: 865
i: 866
i: 867
i: 868
i: 869
i: 870
i: 871
i: 872
i: 873
i: 874
i: 875
i: 876
i: 877
i: 878
i: 879
i: 880
i: 881
i: 882
i: 883
i: 884
i: 885
i: 886
i: 887
i: 888
i: 889
i: 890
i: 891
i: 892
i: 893
i: 894
i: 895
i: 896
i: 897
i: 898
i: 899
i: 900
i: 901
i: 902
i: 903
i: 904
i: 905
i: 906
i: 907
i: 908
i: 909
i: 910
i: 911
i: 912
i: 913
i: 914
i: 915
i: 916
i: 917
i: 918
i: 919
i: 920
i: 921
i: 922
i: 923
i: 924
i: 925
i: 926
i: 927
i: 928
i: 929
i: 930
i: 931
i: 932
i: 933
i: 934
i: 935
i: 936
i: 937
i: 938
i: 939
i: 940
i: 941
i: 942
i: 943
i: 944
i: 945
i: 946
i: 947
i: 948
i: 949
i: 950
i: 951
i: 952
i: 953
i: 954
i: 955
i: 956
i: 957
i: 958
i: 959
i: 960
i: 961
i: 962
i: 963
i: 964
i: 965
i: 966
i: 967
i: 968
i: 969
i: 970
i: 971
i: 972
i: 973
i: 974
i: 975
i: 976
i: 977
i: 978
i: 979
i: 980
i: 981
i: 982
i: 983
i: 984
i: 985
i: 986
i: 987
i: 988
i: 989
i: 990
i: 991
i: 992
i: 993
i: 994
i: 995
i: 996
i: 997
i: 998
i: 999
i: 1000
i: 1001
i: 1002
i: 1003
i: 1004
i: 1005
i: 1006
i: 1007
i: 1008
i: 1009
i: 1010
i: 1011
i: 1012
i: 1013
i: 1014
i: 1015
i: 1016
i: 1017
i: 1018
i: 1019
i: 1020
i: 1021
i: 1022
i: 1023
i: 1024
i: 1025
i: 1026
i: 1027
i: 1028
i: 1029
i: 1030
i: 1031
i: 1032
i: 1033
i: 1034
i: 1035
i: 1036
i: 1037
i: 1038
i: 1039
i: 1040
i: 1041
i: 1042
i: 1043
i: 1044
i: 1045
i: 1046
i: 1047
i: 1048
i: 1049
i: 1050
i: 1051
i: 1052
i: 1053
i: 1054
i: 1055
i: 1056
i: 1057
i: 1058
i: 1059
i: 1060
i: 1061
i: 1062
i: 1063
i: 1064
i: 1065
i: 1066
i: 1067
i: 1068
i: 1069
i: 1070
i: 1071
i: 1072
i: 1073
i: 1074
i: 1075
i: 1076
i: 1077
i: 1078
i: 1079
i: 1080
i: 1081
i: 1082
i: 1083
i: 1084
i: 1085
i: 1086
i: 1087
i: 1088
i: 1089
i: 1090
i: 1091
i: 1092
i: 1093
i: 1094
i: 1095
Running MCMC-PT iteration number: 0 of 400000. Chain number 4. Current logpost: -1260.74. No exp/inf: 143/3. 
Running MCMC-PT iteration number: 0 of 400000. Chain number 1. Current logpost: -14476.1. No exp/inf: 143/3. 
Running MCMC-PT iteration number: 0 of 400000. Chain number 3. Current logpost: -13597.7. No exp/inf: 143/3. 
Running MCMC-PT iteration number: 0 of 400000. Chain number 2. Current logpost: -12715.2. No exp/inf: 143/3. 
Running MCMC-PT iteration number: 0 of 400000. Chain number 4. Current logpost: -14693.3. No exp/inf: 143/3. 
Running MCMC-PT iteration number: 100 of 400000. Chain number 4. Current logpost: -1006.9. No exp/inf: 114/3. 
Running MCMC-PT iteration number: 100 of 400000. Chain number 3. Current logpost: -1033.07. No exp/inf: 117/3. 
Running MCMC-PT iteration number: 100 of 400000. Chain number 2. Current logpost: -11717.7. No exp/inf: 141/3. 
Running MCMC-PT iteration number: 100 of 400000. Chain number 4. Current logpost: -14225.2. No exp/inf: 136/3. 
Running MCMC-PT iteration number: 200 of 400000. Chain number 4. Current logpost: -839.964. No exp/inf: 95/3. 
Running MCMC-PT iteration number: 200 of 400000. Chain number 3. Current logpost: -828.064. No exp/inf: 94/3. 
Running MCMC-PT iteration number: 300 of 400000. Chain number 3. Current logpost: -678.247. No exp/inf: 77/3. 
Running MCMC-PT iteration number: 200 of 400000. Chain number 2. Current logpost: -10838.4. No exp/inf: 143/3. 
Running MCMC-PT iteration number: 200 of 400000. Chain number 4. Current logpost: -12189.8. No exp/inf: 128/3. 
Running MCMC-PT iteration number: 300 of 400000. Chain number 4. Current logpost: -10889.8. No exp/inf: 125/3. 
Running MCMC-PT iteration number: 400 of 400000. Chain number 4. Current logpost: -10611.1. No exp/inf: 120/3. 
Running MCMC-PT iteration number: 500 of 400000. Chain number 4. Current logpost: -10407.3. No exp/inf: 122/3. 
Running MCMC-PT iteration number: 600 of 400000. Chain number 4. Current logpost: -10226.6. No exp/inf: 119/3. 
slurmstepd-c15: error: _get_joules_task: can't get info from slurmd
slurmstepd-c15: error: _get_joules_task: can't get info from slurmd
slurmstepd-c15: error: _get_joules_task: can't get info from slurmd
slurmstepd-c15: error: _get_joules_task: can't get info from slurmd
slurmstepd-c15: error: _get_joules_task: can't get info from slurmd
slurmstepd-c15: error: _get_joules_task: can't get info from slurmd
slurmstepd-c15: error: _get_joules_task: can't get info from slurmd
slurmstepd-c15: error: _get_joules_task: can't get info from slurmd
slurmstepd-c15: error: _get_joules_task: can't get info from slurmd
slurmstepd-c15: error: _get_joules_task: can't get info from slurmd
slurmstepd-c15: error: _get_joules_task: can't get info from slurmd
slurmstepd-c15: error: _get_joules_task: can't get info from slurmd
slurmstepd-c15: error: _get_joules_task: can't get info from slurmd
slurmstepd-c15: error: _get_joules_task: can't get info from slurmd
slurmstepd-c15: error: _get_joules_task: can't get info from slurmd
slurmstepd-c15: error: _get_joules_task: can't get info from slurmd
slurmstepd-c15: error: _get_joules_task: can't get info from slurmd
slurmstepd-c15: error: _get_joules_task: can't get info from slurmd
slurmstepd-c15: error: _get_joules_task: can't get info from slurmd
slurmstepd-c15: error: _get_joules_task: can't get info from slurmd
slurmstepd-c15: error: _get_joules_task: can't get info from slurmd
slurmstepd-c15: error: _get_joules_task: can't get info from slurmd
slurmstepd-c15: error: _get_joules_task: can't get info from slurmd
slurmstepd-c15: error: _get_joules_task: can't get info from slurmd
slurmstepd-c15: error: _get_joules_task: can't get info from slurmd
slurmstepd-c15: error: _get_joules_task: can't get info from slurmd
slurmstepd-c15: error: _get_joules_task: can't get info from slurmd
slurmstepd-c15: error: _get_joules_task: can't get info from slurmd
slurmstepd-c15: error: _get_joules_task: can't get info from slurmd
slurmstepd-c15: error: _get_joules_task: can't get info from slurmd
slurmstepd-c15: error: _get_joules_task: can't get info from slurmd
slurmstepd-c15: error: _get_joules_task: can't get info from slurmd
slurmstepd-c15: error: _get_joules_task: can't get info from slurmd
slurmstepd-c15: error: _get_joules_task: can't get info from slurmd
slurmstepd-c15: error: _get_joules_task: can't get info from slurmd
slurmstepd-c15: error: _get_joules_task: can't get info from slurmd
slurmstepd-c15: error: _get_joules_task: can't get info from slurmd
slurmstepd-c15: error: _get_joules_task: can't get info from slurmd
slurmstepd-c15: error: _get_joules_task: can't get info from slurmd
