This is LuaHBTeX, Version 1.16.0 (TeX Live 2023)  (format=lualatex 2024.1.8)  25 JAN 2024 10:55
 restricted system commands enabled.
 file:line:error style messages enabled.
**temp.tex
(./temp.tex
LaTeX2e <2022-11-01> patch level 1
Lua module: luaotfload 2022-10-03 3.23 Lua based OpenType font support
Lua module: lualibs 2022-10-04 2.75 ConTeXt Lua standard libraries.
Lua module: lualibs-extended 2022-10-04 2.75 ConTeXt Lua libraries -- extended c
ollection.
luaotfload | conf : Root cache directory is "/Users/davidhodgson/Library/texlive
/2023/texmf-var/luatex-cache/generic/names".
luaotfload | init : Loading fontloader "fontloader-2022-10-03.lua" from kpse-res
olved path "/usr/local/texlive/2023/texmf-dist/tex/luatex/luaotfload/fontloader-
2022-10-03.lua".
Lua-only attribute luaotfload@noligature = 1
luaotfload | init : Context OpenType loader version 3.120
Inserting `luaotfload.node_processor' in `pre_linebreak_filter'.
Inserting `luaotfload.node_processor' in `hpack_filter'.
Inserting `luaotfload.glyph_stream' in `glyph_stream_provider'.
Inserting `luaotfload.define_font' in `define_font'.
Lua-only attribute luaotfload_color_attribute = 2
luaotfload | conf : Root cache directory is "/Users/davidhodgson/Library/texlive
/2023/texmf-var/luatex-cache/generic/names".
Inserting `luaotfload.harf.strip_prefix' in `find_opentype_file'.
Inserting `luaotfload.harf.strip_prefix' in `find_truetype_file'.
Removing  `luaotfload.glyph_stream' from `glyph_stream_provider'.
Inserting `luaotfload.harf.glyphstream' in `glyph_stream_provider'.
Inserting `luaotfload.harf.finalize_vlist' in `post_linebreak_filter'.
Inserting `luaotfload.harf.finalize_hlist' in `hpack_filter'.
Inserting `luaotfload.cleanup_files' in `wrapup_run'.
Inserting `luaotfload.harf.finalize_unicode' in `finish_pdffile'.
Inserting `luaotfload.glyphinfo' in `glyph_info'.
Lua-only attribute luaotfload.letterspace_done = 3
Inserting `luaotfload.aux.set_sscale_dimens' in `luaotfload.patch_font'.
Inserting `luaotfload.aux.set_font_index' in `luaotfload.patch_font'.
Inserting `luaotfload.aux.patch_cambria_domh' in `luaotfload.patch_font'.
Inserting `luaotfload.aux.fixup_fontdata' in `luaotfload.patch_font_unsafe'.
Inserting `luaotfload.aux.set_capheight' in `luaotfload.patch_font'.
Inserting `luaotfload.aux.set_xheight' in `luaotfload.patch_font'.
Inserting `luaotfload.rewrite_fontname' in `luaotfload.patch_font'. L3 programm
ing layer <2023-02-22>
Inserting `tracingstacklevels' in `input_level_string'.
(/usr/local/texlive/2023/texmf-dist/tex/latex/base/article.cls
Document Class: article 2022/07/02 v1.4n Standard LaTeX document class
(/usr/local/texlive/2023/texmf-dist/tex/latex/base/size10.clo
File: size10.clo 2022/07/02 v1.4n Standard LaTeX file (size option)
luaotfload | db : Font names database loaded from /Users/davidhodgson/Library/te
xlive/2023/texmf-var/luatex-cache/generic/names/luaotfload-names.luc.gz)
\c@part=\count183
\c@section=\count184
\c@subsection=\count185
\c@subsubsection=\count186
\c@paragraph=\count187
\c@subparagraph=\count188
\c@figure=\count189
\c@table=\count190
\abovecaptionskip=\skip48
\belowcaptionskip=\skip49
\bibindent=\dimen139
)
(/usr/local/texlive/2023/texmf-dist/tex/latex/fontspec/fontspec.sty
(/usr/local/texlive/2023/texmf-dist/tex/latex/l3packages/xparse/xparse.sty
(/usr/local/texlive/2023/texmf-dist/tex/latex/l3kernel/expl3.sty
Package: expl3 2023-02-22 L3 programming layer (loader) 

(/usr/local/texlive/2023/texmf-dist/tex/latex/l3backend/l3backend-luatex.def
File: l3backend-luatex.def 2023-01-16 L3 backend support: PDF output (LuaTeX)
\l__color_backend_stack_int=\count191
\l__pdf_internal_box=\box51
))
Package: xparse 2023-02-02 L3 Experimental document command parser
)
Package: fontspec 2022/01/15 v2.8a Font selection for XeLaTeX and LuaLaTeX
Lua module: fontspec 2022/01/15 2.8a Font selection for XeLaTeX and LuaLaTeX (/
usr/local/texlive/2023/texmf-dist/tex/latex/fontspec/fontspec-luatex.sty
Package: fontspec-luatex 2022/01/15 v2.8a Font selection for XeLaTeX and LuaLaT
eX
\l__fontspec_script_int=\count192
\l__fontspec_language_int=\count193
\l__fontspec_strnum_int=\count194
\l__fontspec_tmp_int=\count195
\l__fontspec_tmpa_int=\count196
\l__fontspec_tmpb_int=\count197
\l__fontspec_tmpc_int=\count198
\l__fontspec_em_int=\count199
\l__fontspec_emdef_int=\count266
\l__fontspec_strong_int=\count267
\l__fontspec_strongdef_int=\count268
\l__fontspec_tmpa_dim=\dimen140
\l__fontspec_tmpb_dim=\dimen141
\l__fontspec_tmpc_dim=\dimen142

(/usr/local/texlive/2023/texmf-dist/tex/latex/base/fontenc.sty
Package: fontenc 2021/04/29 v2.0v Standard LaTeX package
)
(/usr/local/texlive/2023/texmf-dist/tex/latex/fontspec/fontspec.cfg)))
(/usr/local/texlive/2023/texmf-dist/tex/latex/tools/array.sty
Package: array 2022/09/04 v2.5g Tabular extension package (FMi)
\col@sep=\dimen143
\ar@mcellbox=\box52
\extrarowheight=\dimen144
\NC@list=\toks16
\extratabsurround=\skip50
\backup@length=\skip51
\ar@cellbox=\box53
)
(/usr/local/texlive/2023/texmf-dist/tex/latex/graphics/graphicx.sty
Package: graphicx 2021/09/16 v1.2d Enhanced LaTeX Graphics (DPC,SPQR)

(/usr/local/texlive/2023/texmf-dist/tex/latex/graphics/keyval.sty
Package: keyval 2022/05/29 v1.15 key=value parser (DPC)
\KV@toks@=\toks17
)
(/usr/local/texlive/2023/texmf-dist/tex/latex/graphics/graphics.sty
Package: graphics 2022/03/10 v1.4e Standard LaTeX Graphics (DPC,SPQR)

(/usr/local/texlive/2023/texmf-dist/tex/latex/graphics/trig.sty
Package: trig 2021/08/11 v1.11 sin cos tan (DPC)
)
(/usr/local/texlive/2023/texmf-dist/tex/latex/graphics-cfg/graphics.cfg
File: graphics.cfg 2016/06/04 v1.11 sample graphics configuration
)
Package graphics Info: Driver file: luatex.def on input line 107.

(/usr/local/texlive/2023/texmf-dist/tex/latex/graphics-def/luatex.def
File: luatex.def 2022/09/22 v1.2d Graphics/color driver for luatex
))
\Gin@req@height=\dimen145
\Gin@req@width=\dimen146
)
(/usr/local/texlive/2023/texmf-dist/tex/latex/amsmath/amsmath.sty
Package: amsmath 2022/04/08 v2.17n AMS math features
\@mathmargin=\skip52

For additional information on amsmath, use the `?' option.
(/usr/local/texlive/2023/texmf-dist/tex/latex/amsmath/amstext.sty
Package: amstext 2021/08/26 v2.01 AMS text

(/usr/local/texlive/2023/texmf-dist/tex/latex/amsmath/amsgen.sty
File: amsgen.sty 1999/11/30 v2.0 generic functions
\@emptytoks=\toks18
\ex@=\dimen147
))
(/usr/local/texlive/2023/texmf-dist/tex/latex/amsmath/amsbsy.sty
Package: amsbsy 1999/11/29 v1.2d Bold Symbols
\pmbraise@=\dimen148
)
(/usr/local/texlive/2023/texmf-dist/tex/latex/amsmath/amsopn.sty
Package: amsopn 2022/04/08 v2.04 operator names
)
\inf@bad=\count269
LaTeX Info: Redefining \frac on input line 236.
\uproot@=\count270
\leftroot@=\count271
LaTeX Info: Redefining \overline on input line 399.
LaTeX Info: Redefining \colon on input line 410.
\classnum@=\count272
\DOTSCASE@=\count273
LaTeX Info: Redefining \ldots on input line 496.
LaTeX Info: Redefining \dots on input line 499.
LaTeX Info: Redefining \cdots on input line 620.
\Mathstrutbox@=\box54
\strutbox@=\box55
LaTeX Info: Redefining \big on input line 722.
LaTeX Info: Redefining \Big on input line 723.
LaTeX Info: Redefining \bigg on input line 724.
LaTeX Info: Redefining \Bigg on input line 725.
\big@size=\dimen149
LaTeX Font Info:    Redeclaring font encoding OML on input line 743.
LaTeX Font Info:    Redeclaring font encoding OMS on input line 744.
\macc@depth=\count274
LaTeX Info: Redefining \bmod on input line 905.
LaTeX Info: Redefining \pmod on input line 910.
LaTeX Info: Redefining \smash on input line 940.
LaTeX Info: Redefining \relbar on input line 970.
LaTeX Info: Redefining \Relbar on input line 971.
\c@MaxMatrixCols=\count275
\dotsspace@=\muskip16
\c@parentequation=\count276
\dspbrk@lvl=\count277
\tag@help=\toks19
\row@=\count278
\column@=\count279
\maxfields@=\count280
\andhelp@=\toks20
\eqnshift@=\dimen150
\alignsep@=\dimen151
\tagshift@=\dimen152
\tagwidth@=\dimen153
\totwidth@=\dimen154
\lineht@=\dimen155
\@envbody=\toks21
\multlinegap=\skip53
\multlinetaggap=\skip54
\mathdisplay@stack=\toks22
LaTeX Info: Redefining \[ on input line 2953.
LaTeX Info: Redefining \] on input line 2954.
)
(/usr/local/texlive/2023/texmf-dist/tex/latex/geometry/geometry.sty
Package: geometry 2020/01/02 v5.9 Page Geometry

(/usr/local/texlive/2023/texmf-dist/tex/generic/iftex/ifvtex.sty
Package: ifvtex 2019/10/25 v1.7 ifvtex legacy package. Use iftex instead.

(/usr/local/texlive/2023/texmf-dist/tex/generic/iftex/iftex.sty
Package: iftex 2022/02/03 v1.0f TeX engine tests
))
\Gm@cnth=\count281
\Gm@cntv=\count282
\c@Gm@tempcnt=\count283
\Gm@bindingoffset=\dimen156
\Gm@wd@mp=\dimen157
\Gm@odd@mp=\dimen158
\Gm@even@mp=\dimen159
\Gm@layoutwidth=\dimen160
\Gm@layoutheight=\dimen161
\Gm@layouthoffset=\dimen162
\Gm@layoutvoffset=\dimen163
\Gm@dimlist=\toks23
)
(/usr/local/texlive/2023/texmf-dist/tex/latex/algorithms/algorithm.sty
Package: algorithm 2009/08/24 v0.1 Document Style `algorithm' - floating enviro
nment

(/usr/local/texlive/2023/texmf-dist/tex/latex/float/float.sty
Package: float 2001/11/08 v1.3d Float enhancements (AL)
\c@float@type=\count284
\float@exts=\toks24
\float@box=\box56
\@float@everytoks=\toks25
\@floatcapt=\box57
)
(/usr/local/texlive/2023/texmf-dist/tex/latex/base/ifthen.sty
Package: ifthen 2022/04/13 v1.1d Standard LaTeX ifthen package (DPC)
)
\@float@every@algorithm=\toks26
\c@algorithm=\count285
)
(/usr/local/texlive/2023/texmf-dist/tex/latex/algorithmicx/algpseudocode.sty
Package: algpseudocode 

(/usr/local/texlive/2023/texmf-dist/tex/latex/algorithmicx/algorithmicx.sty
Package: algorithmicx 2005/04/27 v1.2 Algorithmicx

Document Style algorithmicx 1.2 - a greatly improved `algorithmic' style
\c@ALG@line=\count286
\c@ALG@rem=\count287
\c@ALG@nested=\count288
\ALG@tlm=\skip55
\ALG@thistlm=\skip56
\c@ALG@Lnr=\count289
\c@ALG@blocknr=\count290
\c@ALG@storecount=\count291
\c@ALG@tmpcounter=\count292
\ALG@tmplength=\skip57
)
Document Style - pseudocode environments for use with the `algorithmicx' style
) (/usr/local/texlive/2023/texmf-dist/tex/latex/amsfonts/amssymb.sty
Package: amssymb 2013/01/14 v3.01 AMS font symbols

(/usr/local/texlive/2023/texmf-dist/tex/latex/amsfonts/amsfonts.sty
Package: amsfonts 2013/01/14 v3.01 Basic AMSFonts support
\symAMSa=\mathgroup4
\symAMSb=\mathgroup5
LaTeX Font Info:    Redeclaring math symbol \hbar on input line 98.
LaTeX Font Info:    Overwriting math alphabet `\mathfrak' in version `bold'
(Font)                  U/euf/m/n --> U/euf/b/n on input line 106.
))
(/usr/local/texlive/2023/texmf-dist/tex/latex/caption/subcaption.sty
Package: subcaption 2023/02/19 v1.6 Sub-captions (AR)

(/usr/local/texlive/2023/texmf-dist/tex/latex/caption/caption.sty
Package: caption 2023/03/12 v3.6j Customizing captions (AR)

(/usr/local/texlive/2023/texmf-dist/tex/latex/caption/caption3.sty
Package: caption3 2023/03/12 v2.4 caption3 kernel (AR)
\caption@tempdima=\dimen164
\captionmargin=\dimen165
\caption@leftmargin=\dimen166
\caption@rightmargin=\dimen167
\caption@width=\dimen168
\caption@indent=\dimen169
\caption@parindent=\dimen170
\caption@hangindent=\dimen171
Package caption Info: Standard document class detected.
)
\c@caption@flags=\count293
\c@continuedfloat=\count294
Package caption Info: float package is loaded.
)
Package caption Info: New subtype `subfigure' on input line 239.
\c@subfigure=\count295
Package caption Info: New subtype `subtable' on input line 239.
\c@subtable=\count296
)
luaotfload | cache : Lookup cache loaded from /Users/davidhodgson/Library/texliv
e/2023/texmf-var/luatex-cache/generic/names/luaotfload-lookup-cache.luc.
luaotfload | aux : font no 18 (nil) defines no feature for script latn
luaotfload | aux : font no 18 (nil) does not define feature smcp for script dflt
 with language dflt
luaotfload | aux : font no 23 (nil) does not define feature smcp for script dflt
 with language dflt
luaotfload | aux : font no 24 (nil) does not define feature smcp for script dflt
 with language dflt
luaotfload | aux : font no 25 (nil) does not define feature smcp for script dflt
 with language dflt

Package fontspec Info: Font family 'Avenir(0)' created for font 'Avenir' with
(fontspec)             options [Ligatures=TeX].
(fontspec)              
(fontspec)              This font family consists of the following NFSS
(fontspec)             series/shapes:
(fontspec)              
(fontspec)             - 'normal' (m/n) with NFSS spec.:
(fontspec)             <->"Avenir:mode=node;script=DFLT;language=dflt;+tlig;"
(fontspec)             - 'small caps'  (m/sc) with NFSS spec.: 
(fontspec)             - 'bold' (b/n) with NFSS spec.:
(fontspec)             <->"Avenir/B:mode=node;script=DFLT;language=dflt;+tlig;"

(fontspec)             - 'bold small caps'  (b/sc) with NFSS spec.: 
(fontspec)             - 'italic' (m/it) with NFSS spec.:
(fontspec)             <->"Avenir/I:mode=node;script=DFLT;language=dflt;+tlig;"

(fontspec)             - 'italic small caps'  (m/scit) with NFSS spec.: 
(fontspec)             - 'bold italic' (b/it) with NFSS spec.:
(fontspec)             <->"Avenir/BI:mode=node;script=DFLT;language=dflt;+tlig;
"
(fontspec)             - 'bold italic small caps'  (b/scit) with NFSS spec.: 


No file temp.aux.

\openout1 = temp.aux
LaTeX Font Info:    Checking defaults for OML/cmm/m/it on input line 27.
LaTeX Font Info:    ... okay on input line 27.
LaTeX Font Info:    Checking defaults for OMS/cmsy/m/n on input line 27.
LaTeX Font Info:    ... okay on input line 27.
LaTeX Font Info:    Checking defaults for OT1/cmr/m/n on input line 27.
LaTeX Font Info:    ... okay on input line 27.
LaTeX Font Info:    Checking defaults for T1/cmr/m/n on input line 27.
LaTeX Font Info:    ... okay on input line 27.
LaTeX Font Info:    Checking defaults for TS1/cmr/m/n on input line 27.
LaTeX Font Info:    Trying to load font information for TS1+cmr on input line 2
7.
(/usr/local/texlive/2023/texmf-dist/tex/latex/base/ts1cmr.fd
File: ts1cmr.fd 2022/07/10 v2.5l Standard LaTeX font definitions
)
LaTeX Font Info:    ... okay on input line 27.
LaTeX Font Info:    Checking defaults for TU/lmr/m/n on input line 27.
LaTeX Font Info:    ... okay on input line 27.
LaTeX Font Info:    Checking defaults for OMX/cmex/m/n on input line 27.
LaTeX Font Info:    ... okay on input line 27.
LaTeX Font Info:    Checking defaults for U/cmr/m/n on input line 27.
LaTeX Font Info:    ... okay on input line 27.

Package fontspec Info: Adjusting the maths setup (use [no-math] to avoid
(fontspec)             this).

\symlegacymaths=\mathgroup6
LaTeX Font Info:    Overwriting symbol font `legacymaths' in version `bold'
(Font)                  OT1/cmr/m/n --> OT1/cmr/bx/n on input line 27.
LaTeX Font Info:    Redeclaring math accent \acute on input line 27.
LaTeX Font Info:    Redeclaring math accent \grave on input line 27.
LaTeX Font Info:    Redeclaring math accent \ddot on input line 27.
LaTeX Font Info:    Redeclaring math accent \tilde on input line 27.
LaTeX Font Info:    Redeclaring math accent \bar on input line 27.
LaTeX Font Info:    Redeclaring math accent \breve on input line 27.
LaTeX Font Info:    Redeclaring math accent \check on input line 27.
LaTeX Font Info:    Redeclaring math accent \hat on input line 27.
LaTeX Font Info:    Redeclaring math accent \dot on input line 27.
LaTeX Font Info:    Redeclaring math accent \mathring on input line 27.
LaTeX Font Info:    Redeclaring math symbol \Gamma on input line 27.
LaTeX Font Info:    Redeclaring math symbol \Delta on input line 27.
LaTeX Font Info:    Redeclaring math symbol \Theta on input line 27.
LaTeX Font Info:    Redeclaring math symbol \Lambda on input line 27.
LaTeX Font Info:    Redeclaring math symbol \Xi on input line 27.
LaTeX Font Info:    Redeclaring math symbol \Pi on input line 27.
LaTeX Font Info:    Redeclaring math symbol \Sigma on input line 27.
LaTeX Font Info:    Redeclaring math symbol \Upsilon on input line 27.
LaTeX Font Info:    Redeclaring math symbol \Phi on input line 27.
LaTeX Font Info:    Redeclaring math symbol \Psi on input line 27.
LaTeX Font Info:    Redeclaring math symbol \Omega on input line 27.
LaTeX Font Info:    Redeclaring math symbol \mathdollar on input line 27.
LaTeX Font Info:    Redeclaring symbol font `operators' on input line 27.
LaTeX Font Info:    Encoding `OT1' has changed to `TU' for symbol font
(Font)              `operators' in the math version `normal' on input line 27.
LaTeX Font Info:    Overwriting symbol font `operators' in version `normal'
(Font)                  OT1/cmr/m/n --> TU/Avenir(0)/m/n on input line 27.
LaTeX Font Info:    Encoding `OT1' has changed to `TU' for symbol font
(Font)              `operators' in the math version `bold' on input line 27.
LaTeX Font Info:    Overwriting symbol font `operators' in version `bold'
(Font)                  OT1/cmr/bx/n --> TU/Avenir(0)/m/n on input line 27.
LaTeX Font Info:    Overwriting symbol font `operators' in version `normal'
(Font)                  TU/Avenir(0)/m/n --> TU/Avenir(0)/m/n on input line 27.

LaTeX Font Info:    Overwriting math alphabet `\mathit' in version `normal'
(Font)                  OT1/cmr/m/it --> TU/Avenir(0)/m/it on input line 27.
LaTeX Font Info:    Overwriting math alphabet `\mathbf' in version `normal'
(Font)                  OT1/cmr/bx/n --> TU/Avenir(0)/b/n on input line 27.
LaTeX Font Info:    Overwriting math alphabet `\mathsf' in version `normal'
(Font)                  OT1/cmss/m/n --> TU/lmss/m/n on input line 27.
LaTeX Font Info:    Overwriting math alphabet `\mathtt' in version `normal'
(Font)                  OT1/cmtt/m/n --> TU/lmtt/m/n on input line 27.
LaTeX Font Info:    Overwriting symbol font `operators' in version `bold'
(Font)                  TU/Avenir(0)/m/n --> TU/Avenir(0)/b/n on input line 27.

LaTeX Font Info:    Overwriting math alphabet `\mathit' in version `bold'
(Font)                  OT1/cmr/bx/it --> TU/Avenir(0)/b/it on input line 27.
LaTeX Font Info:    Overwriting math alphabet `\mathsf' in version `bold'
(Font)                  OT1/cmss/bx/n --> TU/lmss/b/n on input line 27.
LaTeX Font Info:    Overwriting math alphabet `\mathtt' in version `bold'
(Font)                  OT1/cmtt/m/n --> TU/lmtt/b/n on input line 27.

(/usr/local/texlive/2023/texmf-dist/tex/context/base/mkii/supp-pdf.mkii
[Loading MPS to PDF converter (version 2006.09.02).]
\scratchcounter=\count297
\scratchdimen=\dimen172
\scratchbox=\box58
\nofMPsegments=\count298
\nofMParguments=\count299
\everyMPshowfont=\toks27
\MPscratchCnt=\count300
\MPscratchDim=\dimen173
\MPnumerator=\count301
\makeMPintoPDFobject=\count302
\everyMPtoPDFconversion=\toks28
) (/usr/local/texlive/2023/texmf-dist/tex/latex/epstopdf-pkg/epstopdf-base.sty
Package: epstopdf-base 2020-01-24 v2.11 Base part for package epstopdf
Package epstopdf-base Info: Redefining graphics rule for `.eps' on input line 4
85.

(/usr/local/texlive/2023/texmf-dist/tex/latex/latexconfig/epstopdf-sys.cfg
File: epstopdf-sys.cfg 2010/07/13 v1.3 Configuration of (r)epstopdf for TeX Liv
e
))
*geometry* driver: auto-detecting
*geometry* detected driver: luatex
*geometry* verbose mode - [ preamble ] result:
* driver: luatex
* paper: <default>
* layout: <same size as paper>
* layoutoffset:(h,v)=(0.0pt,0.0pt)
* modes: 
* h-part:(L,W,R)=(72.26999pt, 469.75502pt, 72.26999pt)
* v-part:(T,H,B)=(72.26999pt, 650.43001pt, 72.26999pt)
* \paperwidth=614.295pt
* \paperheight=794.96999pt
* \textwidth=469.75502pt
* \textheight=650.43001pt
* \oddsidemargin=0.0pt
* \evensidemargin=0.0pt
* \topmargin=-37.0pt
* \headheight=12.0pt
* \headsep=25.0pt
* \topskip=10.0pt
* \footskip=30.0pt
* \marginparwidth=65.0pt
* \marginparsep=11.0pt
* \columnsep=10.0pt
* \skip\footins=9.0pt plus 4.0pt minus 2.0pt
* \hoffset=0.0pt
* \voffset=0.0pt
* \mag=1000
* \@twocolumnfalse
* \@twosidefalse
* \@mparswitchfalse
* \@reversemarginfalse
* (1in=72.27pt=25.4mm, 1cm=28.453pt)

Package caption Info: Begin \AtBeginDocument code.
Package caption Info: End \AtBeginDocument code.
(./body.tex
LaTeX Font Info:    Trying to load font information for U+msa on input line 5.
 (/usr/local/texlive/2023/texmf-dist/tex/latex/amsfonts/umsa.fd
File: umsa.fd 2013/01/14 v3.01 AMS symbols A
)
LaTeX Font Info:    Trying to load font information for U+msb on input line 5.

(/usr/local/texlive/2023/texmf-dist/tex/latex/amsfonts/umsb.fd
File: umsb.fd 2013/01/14 v3.01 AMS symbols B
)

LaTeX Warning: Reference `eq_ab2' on page 1 undefined on input line 11.


LaTeX Warning: Reference `eq_cop' on page 1 undefined on input line 22.


LaTeX Warning: Reference `eq:ll_cop' on page 1 undefined on input line 22.


LaTeX Warning: Reference `eq:ll_obs' on page 1 undefined on input line 29.

[1

{/usr/local/texlive/2023/texmf-var/fonts/map/pdftex/updmap/pdftex.map}]

LaTeX Warning: Reference `tab:priorsA' on page 2 undefined on input line 71.


LaTeX Warning: Reference `' on page 2 undefined on input line 98.

[2]

LaTeX Warning: Reference `alg:metropolis_hastings' on page 3 undefined on input
 line 136.


LaTeX Warning: Reference `eq:bayes' on page 3 undefined on input line 163.


LaTeX Warning: Reference `eq:alpha' on page 3 undefined on input line 163.

[3]

LaTeX Warning: Reference `alg:metropolis_hastings_inf' on page 4 undefined on i
nput line 165.


LaTeX Warning: Reference `alg:metropolis_hastings_inf' on page 4 undefined on i
nput line 192.


LaTeX Warning: Reference `alg:metropolis_hastings_inf' on page 4 undefined on i
nput line 195.


LaTeX Warning: Reference `fit1:inf' on page 4 undefined on input line 199.

[4]
</Users/davidhodgson/Dropbox/Mac (3)/Documents/research/Rpackages/rjmc//outputs
/fits/cesNoCOP/knownExp/figs/obs_0.1/infection_recov.png, id=29, 722.7pt x 722.
7pt>
File: /Users/davidhodgson/Dropbox/Mac (3)/Documents/research/Rpackages/rjmc//ou
tputs/fits/cesNoCOP/knownExp/figs/obs_0.1/infection_recov.png Graphic file (typ
e png)
<use /Users/davidhodgson/Dropbox/Mac (3)/Documents/research/Rpackages/rjmc//out
puts/fits/cesNoCOP/knownExp/figs/obs_0.1/infection_recov.png>
Package luatex.def Info: /Users/davidhodgson/Dropbox/Mac (3)/Documents/research
/Rpackages/rjmc//outputs/fits/cesNoCOP/knownExp/figs/obs_0.1/infection_recov.pn
g  used on input line 205.
(luatex.def)             Requested size: 145.6229pt x 145.61813pt.
</Users/davidhodgson/Dropbox/Mac (3)/Documents/research/Rpackages/rjmc//outputs
/fits/cesNoCOP/knownExp/figs/obs_0.3/infection_recov.png, id=30, 722.7pt x 722.
7pt>
File: /Users/davidhodgson/Dropbox/Mac (3)/Documents/research/Rpackages/rjmc//ou
tputs/fits/cesNoCOP/knownExp/figs/obs_0.3/infection_recov.png Graphic file (typ
e png)
<use /Users/davidhodgson/Dropbox/Mac (3)/Documents/research/Rpackages/rjmc//out
puts/fits/cesNoCOP/knownExp/figs/obs_0.3/infection_recov.png>
Package luatex.def Info: /Users/davidhodgson/Dropbox/Mac (3)/Documents/research
/Rpackages/rjmc//outputs/fits/cesNoCOP/knownExp/figs/obs_0.3/infection_recov.pn
g  used on input line 210.
(luatex.def)             Requested size: 145.6229pt x 145.61813pt.
</Users/davidhodgson/Dropbox/Mac (3)/Documents/research/Rpackages/rjmc//outputs
/fits/cesNoCOP/knownExp/figs/obs_0.5/infection_recov.png, id=31, 722.7pt x 722.
7pt>
File: /Users/davidhodgson/Dropbox/Mac (3)/Documents/research/Rpackages/rjmc//ou
tputs/fits/cesNoCOP/knownExp/figs/obs_0.5/infection_recov.png Graphic file (typ
e png)
<use /Users/davidhodgson/Dropbox/Mac (3)/Documents/research/Rpackages/rjmc//out
puts/fits/cesNoCOP/knownExp/figs/obs_0.5/infection_recov.png>
Package luatex.def Info: /Users/davidhodgson/Dropbox/Mac (3)/Documents/research
/Rpackages/rjmc//outputs/fits/cesNoCOP/knownExp/figs/obs_0.5/infection_recov.pn
g  used on input line 215.
(luatex.def)             Requested size: 145.6229pt x 145.61813pt.
</Users/davidhodgson/Dropbox/Mac (3)/Documents/research/Rpackages/rjmc//outputs
/fits/cesCOP/knownExp/figs/obs_0.1/infection_recov.png, id=32, 722.7pt x 722.7p
t>
File: /Users/davidhodgson/Dropbox/Mac (3)/Documents/research/Rpackages/rjmc//ou
tputs/fits/cesCOP/knownExp/figs/obs_0.1/infection_recov.png Graphic file (type 
png)
<use /Users/davidhodgson/Dropbox/Mac (3)/Documents/research/Rpackages/rjmc//out
puts/fits/cesCOP/knownExp/figs/obs_0.1/infection_recov.png>
Package luatex.def Info: /Users/davidhodgson/Dropbox/Mac (3)/Documents/research
/Rpackages/rjmc//outputs/fits/cesCOP/knownExp/figs/obs_0.1/infection_recov.png 
 used on input line 221.
(luatex.def)             Requested size: 145.6229pt x 145.61813pt.
</Users/davidhodgson/Dropbox/Mac (3)/Documents/research/Rpackages/rjmc//outputs
/fits/cesCOP/knownExp/figs/obs_0.3/infection_recov.png, id=33, 722.7pt x 722.7p
t>
File: /Users/davidhodgson/Dropbox/Mac (3)/Documents/research/Rpackages/rjmc//ou
tputs/fits/cesCOP/knownExp/figs/obs_0.3/infection_recov.png Graphic file (type 
png)
<use /Users/davidhodgson/Dropbox/Mac (3)/Documents/research/Rpackages/rjmc//out
puts/fits/cesCOP/knownExp/figs/obs_0.3/infection_recov.png>
Package luatex.def Info: /Users/davidhodgson/Dropbox/Mac (3)/Documents/research
/Rpackages/rjmc//outputs/fits/cesCOP/knownExp/figs/obs_0.3/infection_recov.png 
 used on input line 226.
(luatex.def)             Requested size: 145.6229pt x 145.61813pt.
</Users/davidhodgson/Dropbox/Mac (3)/Documents/research/Rpackages/rjmc//outputs
/fits/cesCOP/knownExp/figs/obs_0.5/infection_recov.png, id=34, 722.7pt x 722.7p
t>
File: /Users/davidhodgson/Dropbox/Mac (3)/Documents/research/Rpackages/rjmc//ou
tputs/fits/cesCOP/knownExp/figs/obs_0.5/infection_recov.png Graphic file (type 
png)
<use /Users/davidhodgson/Dropbox/Mac (3)/Documents/research/Rpackages/rjmc//out
puts/fits/cesCOP/knownExp/figs/obs_0.5/infection_recov.png>
Package luatex.def Info: /Users/davidhodgson/Dropbox/Mac (3)/Documents/research
/Rpackages/rjmc//outputs/fits/cesCOP/knownExp/figs/obs_0.5/infection_recov.png 
 used on input line 231.
(luatex.def)             Requested size: 145.6229pt x 145.61813pt.


LaTeX Warning: Reference `alg:metropolis_hastings_inf' on page 5 undefined on i
nput line 241.


LaTeX Warning: Reference `fit1:cop' on page 5 undefined on input line 241.


LaTeX Warning: Reference `fit1:cop' on page 5 undefined on input line 241.


LaTeX Warning: Reference `fig:sim_C' on page 5 undefined on input line 241.

</Users/davidhodgson/Dropbox/Mac (3)/Documents/research/Rpackages/rjmc//outputs
/fits/cesNoCOP/knownExp/figs/obs_0.1/cop_recov.png, id=35, 722.7pt x 722.7pt>
File: /Users/davidhodgson/Dropbox/Mac (3)/Documents/research/Rpackages/rjmc//ou
tputs/fits/cesNoCOP/knownExp/figs/obs_0.1/cop_recov.png Graphic file (type png)

<use /Users/davidhodgson/Dropbox/Mac (3)/Documents/research/Rpackages/rjmc//out
puts/fits/cesNoCOP/knownExp/figs/obs_0.1/cop_recov.png>
Package luatex.def Info: /Users/davidhodgson/Dropbox/Mac (3)/Documents/research
/Rpackages/rjmc//outputs/fits/cesNoCOP/knownExp/figs/obs_0.1/cop_recov.png  use
d on input line 248.
(luatex.def)             Requested size: 145.6229pt x 145.61813pt.
</Users/davidhodgson/Dropbox/Mac (3)/Documents/research/Rpackages/rjmc//outputs
/fits/cesNoCOP/knownExp/figs/obs_0.3/cop_recov.png, id=36, 722.7pt x 722.7pt>
File: /Users/davidhodgson/Dropbox/Mac (3)/Documents/research/Rpackages/rjmc//ou
tputs/fits/cesNoCOP/knownExp/figs/obs_0.3/cop_recov.png Graphic file (type png)

<use /Users/davidhodgson/Dropbox/Mac (3)/Documents/research/Rpackages/rjmc//out
puts/fits/cesNoCOP/knownExp/figs/obs_0.3/cop_recov.png>
Package luatex.def Info: /Users/davidhodgson/Dropbox/Mac (3)/Documents/research
/Rpackages/rjmc//outputs/fits/cesNoCOP/knownExp/figs/obs_0.3/cop_recov.png  use
d on input line 253.
(luatex.def)             Requested size: 145.6229pt x 145.61813pt.
</Users/davidhodgson/Dropbox/Mac (3)/Documents/research/Rpackages/rjmc//outputs
/fits/cesNoCOP/knownExp/figs/obs_0.5/cop_recov.png, id=37, 722.7pt x 722.7pt>
File: /Users/davidhodgson/Dropbox/Mac (3)/Documents/research/Rpackages/rjmc//ou
tputs/fits/cesNoCOP/knownExp/figs/obs_0.5/cop_recov.png Graphic file (type png)

<use /Users/davidhodgson/Dropbox/Mac (3)/Documents/research/Rpackages/rjmc//out
puts/fits/cesNoCOP/knownExp/figs/obs_0.5/cop_recov.png>
Package luatex.def Info: /Users/davidhodgson/Dropbox/Mac (3)/Documents/research
/Rpackages/rjmc//outputs/fits/cesNoCOP/knownExp/figs/obs_0.5/cop_recov.png  use
d on input line 258.
(luatex.def)             Requested size: 145.6229pt x 145.61813pt.
</Users/davidhodgson/Dropbox/Mac (3)/Documents/research/Rpackages/rjmc//outputs
/fits/cesCOP/knownExp/figs/obs_0.1/cop_recov.png, id=38, 722.7pt x 722.7pt>
File: /Users/davidhodgson/Dropbox/Mac (3)/Documents/research/Rpackages/rjmc//ou
tputs/fits/cesCOP/knownExp/figs/obs_0.1/cop_recov.png Graphic file (type png)
<use /Users/davidhodgson/Dropbox/Mac (3)/Documents/research/Rpackages/rjmc//out
puts/fits/cesCOP/knownExp/figs/obs_0.1/cop_recov.png>
Package luatex.def Info: /Users/davidhodgson/Dropbox/Mac (3)/Documents/research
/Rpackages/rjmc//outputs/fits/cesCOP/knownExp/figs/obs_0.1/cop_recov.png  used 
on input line 264.
(luatex.def)             Requested size: 145.6229pt x 145.61813pt.
</Users/davidhodgson/Dropbox/Mac (3)/Documents/research/Rpackages/rjmc//outputs
/fits/cesCOP/knownExp/figs/obs_0.3/cop_recov.png, id=39, 722.7pt x 722.7pt>
File: /Users/davidhodgson/Dropbox/Mac (3)/Documents/research/Rpackages/rjmc//ou
tputs/fits/cesCOP/knownExp/figs/obs_0.3/cop_recov.png Graphic file (type png)
<use /Users/davidhodgson/Dropbox/Mac (3)/Documents/research/Rpackages/rjmc//out
puts/fits/cesCOP/knownExp/figs/obs_0.3/cop_recov.png>
Package luatex.def Info: /Users/davidhodgson/Dropbox/Mac (3)/Documents/research
/Rpackages/rjmc//outputs/fits/cesCOP/knownExp/figs/obs_0.3/cop_recov.png  used 
on input line 269.
(luatex.def)             Requested size: 145.6229pt x 145.61813pt.
</Users/davidhodgson/Dropbox/Mac (3)/Documents/research/Rpackages/rjmc//outputs
/fits/cesCOP/knownExp/figs/obs_0.5/cop_recov.png, id=40, 722.7pt x 722.7pt>
File: /Users/davidhodgson/Dropbox/Mac (3)/Documents/research/Rpackages/rjmc//ou
tputs/fits/cesCOP/knownExp/figs/obs_0.5/cop_recov.png Graphic file (type png)
<use /Users/davidhodgson/Dropbox/Mac (3)/Documents/research/Rpackages/rjmc//out
puts/fits/cesCOP/knownExp/figs/obs_0.5/cop_recov.png>
Package luatex.def Info: /Users/davidhodgson/Dropbox/Mac (3)/Documents/research
/Rpackages/rjmc//outputs/fits/cesCOP/knownExp/figs/obs_0.5/cop_recov.png  used 
on input line 274.
(luatex.def)             Requested size: 145.6229pt x 145.61813pt.
[5</Users/davidhodgson/Dropbox/Mac (3)/Documents/research/Rpackages/rjmc//output
s/fits/cesNoCOP/knownExp/figs/obs_0.1/infection_recov.png></Users/davidhodgson/D
ropbox/Mac (3)/Documents/research/Rpackages/rjmc//outputs/fits/cesNoCOP/knownExp
/figs/obs_0.3/infection_recov.png></Users/davidhodgson/Dropbox/Mac (3)/Documents
/research/Rpackages/rjmc//outputs/fits/cesNoCOP/knownExp/figs/obs_0.5/infection_
recov.png></Users/davidhodgson/Dropbox/Mac (3)/Documents/research/Rpackages/rjmc
//outputs/fits/cesCOP/knownExp/figs/obs_0.1/infection_recov.png></Users/davidhod
gson/Dropbox/Mac (3)/Documents/research/Rpackages/rjmc//outputs/fits/cesCOP/know
nExp/figs/obs_0.3/infection_recov.png></Users/davidhodgson/Dropbox/Mac (3)/Docum
ents/research/Rpackages/rjmc//outputs/fits/cesCOP/knownExp/figs/obs_0.5/infectio
n_recov.png>]

LaTeX Warning: Reference `alg:metropolis_hastings_inf' on page 6 undefined on i
nput line 284.


LaTeX Warning: Reference `fit1:ab' on page 6 undefined on input line 284.

</Users/davidhodgson/Dropbox/Mac (3)/Documents/research/Rpackages/rjmc//outputs
/fits/cesNoCOP/knownExp/figs/obs_0.1/ab_kinetics_recov.png, id=44, 722.7pt x 72
2.7pt>
File: /Users/davidhodgson/Dropbox/Mac (3)/Documents/research/Rpackages/rjmc//ou
tputs/fits/cesNoCOP/knownExp/figs/obs_0.1/ab_kinetics_recov.png Graphic file (t
ype png)
<use /Users/davidhodgson/Dropbox/Mac (3)/Documents/research/Rpackages/rjmc//out
puts/fits/cesNoCOP/knownExp/figs/obs_0.1/ab_kinetics_recov.png>
Package luatex.def Info: /Users/davidhodgson/Dropbox/Mac (3)/Documents/research
/Rpackages/rjmc//outputs/fits/cesNoCOP/knownExp/figs/obs_0.1/ab_kinetics_recov.
png  used on input line 291.
(luatex.def)             Requested size: 145.6229pt x 145.61813pt.
</Users/davidhodgson/Dropbox/Mac (3)/Documents/research/Rpackages/rjmc//outputs
/fits/cesNoCOP/knownExp/figs/obs_0.3/ab_kinetics_recov.png, id=45, 722.7pt x 72
2.7pt>
File: /Users/davidhodgson/Dropbox/Mac (3)/Documents/research/Rpackages/rjmc//ou
tputs/fits/cesNoCOP/knownExp/figs/obs_0.3/ab_kinetics_recov.png Graphic file (t
ype png)
<use /Users/davidhodgson/Dropbox/Mac (3)/Documents/research/Rpackages/rjmc//out
puts/fits/cesNoCOP/knownExp/figs/obs_0.3/ab_kinetics_recov.png>
Package luatex.def Info: /Users/davidhodgson/Dropbox/Mac (3)/Documents/research
/Rpackages/rjmc//outputs/fits/cesNoCOP/knownExp/figs/obs_0.3/ab_kinetics_recov.
png  used on input line 296.
(luatex.def)             Requested size: 145.6229pt x 145.61813pt.
</Users/davidhodgson/Dropbox/Mac (3)/Documents/research/Rpackages/rjmc//outputs
/fits/cesNoCOP/knownExp/figs/obs_0.5/ab_kinetics_recov.png, id=46, 722.7pt x 72
2.7pt>
File: /Users/davidhodgson/Dropbox/Mac (3)/Documents/research/Rpackages/rjmc//ou
tputs/fits/cesNoCOP/knownExp/figs/obs_0.5/ab_kinetics_recov.png Graphic file (t
ype png)
<use /Users/davidhodgson/Dropbox/Mac (3)/Documents/research/Rpackages/rjmc//out
puts/fits/cesNoCOP/knownExp/figs/obs_0.5/ab_kinetics_recov.png>
Package luatex.def Info: /Users/davidhodgson/Dropbox/Mac (3)/Documents/research
/Rpackages/rjmc//outputs/fits/cesNoCOP/knownExp/figs/obs_0.5/ab_kinetics_recov.
png  used on input line 301.
(luatex.def)             Requested size: 145.6229pt x 145.61813pt.
</Users/davidhodgson/Dropbox/Mac (3)/Documents/research/Rpackages/rjmc//outputs
/fits/cesCOP/knownExp/figs/obs_0.1/ab_kinetics_recov.png, id=47, 722.7pt x 722.
7pt>
File: /Users/davidhodgson/Dropbox/Mac (3)/Documents/research/Rpackages/rjmc//ou
tputs/fits/cesCOP/knownExp/figs/obs_0.1/ab_kinetics_recov.png Graphic file (typ
e png)
<use /Users/davidhodgson/Dropbox/Mac (3)/Documents/research/Rpackages/rjmc//out
puts/fits/cesCOP/knownExp/figs/obs_0.1/ab_kinetics_recov.png>
Package luatex.def Info: /Users/davidhodgson/Dropbox/Mac (3)/Documents/research
/Rpackages/rjmc//outputs/fits/cesCOP/knownExp/figs/obs_0.1/ab_kinetics_recov.pn
g  used on input line 307.
(luatex.def)             Requested size: 145.6229pt x 145.61813pt.
</Users/davidhodgson/Dropbox/Mac (3)/Documents/research/Rpackages/rjmc//outputs
/fits/cesCOP/knownExp/figs/obs_0.3/ab_kinetics_recov.png, id=48, 722.7pt x 722.
7pt>
File: /Users/davidhodgson/Dropbox/Mac (3)/Documents/research/Rpackages/rjmc//ou
tputs/fits/cesCOP/knownExp/figs/obs_0.3/ab_kinetics_recov.png Graphic file (typ
e png)
<use /Users/davidhodgson/Dropbox/Mac (3)/Documents/research/Rpackages/rjmc//out
puts/fits/cesCOP/knownExp/figs/obs_0.3/ab_kinetics_recov.png>
Package luatex.def Info: /Users/davidhodgson/Dropbox/Mac (3)/Documents/research
/Rpackages/rjmc//outputs/fits/cesCOP/knownExp/figs/obs_0.3/ab_kinetics_recov.pn
g  used on input line 312.
(luatex.def)             Requested size: 145.6229pt x 145.61813pt.
</Users/davidhodgson/Dropbox/Mac (3)/Documents/research/Rpackages/rjmc//outputs
/fits/cesCOP/knownExp/figs/obs_0.5/ab_kinetics_recov.png, id=49, 722.7pt x 722.
7pt>
File: /Users/davidhodgson/Dropbox/Mac (3)/Documents/research/Rpackages/rjmc//ou
tputs/fits/cesCOP/knownExp/figs/obs_0.5/ab_kinetics_recov.png Graphic file (typ
e png)
<use /Users/davidhodgson/Dropbox/Mac (3)/Documents/research/Rpackages/rjmc//out
puts/fits/cesCOP/knownExp/figs/obs_0.5/ab_kinetics_recov.png>
Package luatex.def Info: /Users/davidhodgson/Dropbox/Mac (3)/Documents/research
/Rpackages/rjmc//outputs/fits/cesCOP/knownExp/figs/obs_0.5/ab_kinetics_recov.pn
g  used on input line 317.
(luatex.def)             Requested size: 145.6229pt x 145.61813pt.
[6</Users/davidhodgson/Dropbox/Mac (3)/Documents/research/Rpackages/rjmc//output
s/fits/cesNoCOP/knownExp/figs/obs_0.1/cop_recov.png></Users/davidhodgson/Dropbox
/Mac (3)/Documents/research/Rpackages/rjmc//outputs/fits/cesNoCOP/knownExp/figs/
obs_0.3/cop_recov.png></Users/davidhodgson/Dropbox/Mac (3)/Documents/research/Rp
ackages/rjmc//outputs/fits/cesNoCOP/knownExp/figs/obs_0.5/cop_recov.png></Users/
davidhodgson/Dropbox/Mac (3)/Documents/research/Rpackages/rjmc//outputs/fits/ces
COP/knownExp/figs/obs_0.1/cop_recov.png></Users/davidhodgson/Dropbox/Mac (3)/Doc
uments/research/Rpackages/rjmc//outputs/fits/cesCOP/knownExp/figs/obs_0.3/cop_re
cov.png></Users/davidhodgson/Dropbox/Mac (3)/Documents/research/Rpackages/rjmc//
outputs/fits/cesCOP/knownExp/figs/obs_0.5/cop_recov.png>]) [7</Users/davidhodgso
n/Dropbox/Mac (3)/Documents/research/Rpackages/rjmc//outputs/fits/cesNoCOP/known
Exp/figs/obs_0.1/ab_kinetics_recov.png></Users/davidhodgson/Dropbox/Mac (3)/Docu
ments/research/Rpackages/rjmc//outputs/fits/cesNoCOP/knownExp/figs/obs_0.3/ab_ki
netics_recov.png></Users/davidhodgson/Dropbox/Mac (3)/Documents/research/Rpackag
es/rjmc//outputs/fits/cesNoCOP/knownExp/figs/obs_0.5/ab_kinetics_recov.png></Use
rs/davidhodgson/Dropbox/Mac (3)/Documents/research/Rpackages/rjmc//outputs/fits/
cesCOP/knownExp/figs/obs_0.1/ab_kinetics_recov.png></Users/davidhodgson/Dropbox/
Mac (3)/Documents/research/Rpackages/rjmc//outputs/fits/cesCOP/knownExp/figs/obs
_0.3/ab_kinetics_recov.png></Users/davidhodgson/Dropbox/Mac (3)/Documents/resear
ch/Rpackages/rjmc//outputs/fits/cesCOP/knownExp/figs/obs_0.5/ab_kinetics_recov.p
ng>] (./temp.aux)

LaTeX Warning: There were undefined references.


LaTeX Warning: Label(s) may have changed. Rerun to get cross-references right.

)

Here is how much of LuaTeX's memory you used:
 8129 strings out of 478285
 100000,1977958 words of node,token memory allocated
 582 words of node memory still in use:
   6 hlist, 2 vlist, 2 rule, 2 glue, 4 kern, 1 glyph, 28 attribute, 54 glue_spec
, 28 attribute_list, 1 write nodes
   avail lists: 2:682,3:208,4:31,5:342,6:70,7:7798,8:54,9:515,10:19,11:562
 27981 multiletter control sequences out of 65536+600000
 55 fonts using 3899423 bytes
 72i,12n,79p,1843b,561s stack positions out of 10000i,1000n,20000p,200000b,200000s
</System/Library/Fonts/Avenir.ttc></System/Library/Fonts/Avenir.ttc></usr/local/
texlive/2023/texmf-dist/fonts/type1/public/amsfonts/cm/cmex10.pfb></usr/local/te
xlive/2023/texmf-dist/fonts/type1/public/amsfonts/cmextra/cmex7.pfb></usr/local/
texlive/2023/texmf-dist/fonts/type1/public/amsfonts/cm/cmmi10.pfb></usr/local/te
xlive/2023/texmf-dist/fonts/type1/public/amsfonts/cm/cmmi5.pfb></usr/local/texli
ve/2023/texmf-dist/fonts/type1/public/amsfonts/cm/cmmi7.pfb></usr/local/texlive/
2023/texmf-dist/fonts/type1/public/amsfonts/cm/cmr10.pfb></usr/local/texlive/202
3/texmf-dist/fonts/type1/public/amsfonts/cm/cmr5.pfb></usr/local/texlive/2023/te
xmf-dist/fonts/type1/public/amsfonts/cm/cmr7.pfb></usr/local/texlive/2023/texmf-
dist/fonts/type1/public/amsfonts/cm/cmsy10.pfb></usr/local/texlive/2023/texmf-di
st/fonts/type1/public/amsfonts/cm/cmsy5.pfb></usr/local/texlive/2023/texmf-dist/
fonts/type1/public/amsfonts/cm/cmsy7.pfb></usr/local/texlive/2023/texmf-dist/fon
ts/type1/public/amsfonts/symbols/msbm10.pfb>
Output written on temp.pdf (7 pages, 8438940 bytes).

PDF statistics: 106 PDF objects out of 1000 (max. 8388607)
 60 compressed objects within 1 object stream
 0 named destinations out of 1000 (max. 131072)
 1 words of extra memory for PDF output out of 10000 (max. 100000000)

